{
    "streams": [
        {
            "index": 0,
            "codec_name": "h264",
            "codec_long_name": "H.264 / AVC / MPEG-4 AVC / MPEG-4 part 10",
            "profile": "High",
            "codec_type": "video",
            "codec_tag_string": "avc1",
            "codec_tag": "0x31637661",
            "width": 512,
            "height": 384,
            "coded_width": 512,
            "coded_height": 384,
            "closed_captions": 0,
            "has_b_frames": 1,
            "pix_fmt": "yuv420p",
            "level": 41,
            "chroma_location": "left",
            "refs": 1,
            "is_avc": "true",
            "nal_length_size": "4",
            "r_frame_rate": "30/1",
            "avg_frame_rate": "2191000/73033",
            "time_base": "1/16000",
            "start_pts": 528,
            "start_time": "0.033000",
            "duration_ts": 3505584,
            "duration": "219.099000",
            "bit_rate": "440088",
            "bits_per_raw_sample": "8",
            "nb_frames": "6573",
            "disposition": {
                "default": 1,
                "dub": 0,
                "original": 0,
                "comment": 0,
                "lyrics": 0,
                "karaoke": 0,
                "forced": 0,
                "hearing_impaired": 0,
                "visual_impaired": 0,
                "clean_effects": 0,
                "attached_pic": 0,
                "timed_thumbnails": 0
            },
            "tags": {
                "language": "und",
                "handler_name": "VideoHandler",
                "vendor_id": "[0][0][0][0]"
            }
        }
    ],
    "format": {
        "size": "14072207"
    }
}
