#
# There is insufficient memory for the Java Runtime Environment to continue.
# Native memory allocation (mmap) failed to map 1174405120 bytes for Failed to commit area from 0x0000000664000000 to 0x00000006aa000000 of length 1174405120.
# Possible reasons:
#   The system is out of physical RAM or swap space
#   In 32 bit mode, the process size limit was hit
# Possible solutions:
#   Reduce memory load on the system
#   Increase physical memory or swap space
#   Check if swap backing store is full
#   Use 64 bit Java on a 64 bit OS
#   Decrease Java heap size (-Xmx/-Xms)
#   Decrease number of Java threads
#   Decrease Java thread stack sizes (-Xss)
#   Set larger code cache with -XX:ReservedCodeCacheSize=
# This output file may be truncated or incomplete.
#
#  Out of Memory Error (os_windows.cpp:3332), pid=21876, tid=0x0000000000004724
#
# JRE version: Java(TM) SE Runtime Environment (8.0_101-b13) (build 1.8.0_101-b13)
# Java VM: Java HotSpot(TM) 64-Bit Server VM (25.101-b13 mixed mode windows-amd64 compressed oops)
# Failed to write core dump. Minidumps are not enabled by default on client versions of Windows
#

---------------  T H R E A D  ---------------

Current thread (0x000000002bf45800):  VMThread [stack: 0x000000002bfa0000,0x000000002c0a0000] [id=18212]

Stack: [0x000000002bfa0000,0x000000002c0a0000]
[error occurred during error reporting (printing stack bounds), id 0xc0000005]

Native frames: (J=compiled Java code, j=interpreted, Vv=VM code, C=native code)

VM_Operation (0x000000004e57e7d0): G1IncCollectionPause, mode: safepoint, requested by thread 0x000000002d311000


---------------  P R O C E S S  ---------------

Java Threads: ( => current thread )
  0x000000002f9d7000 JavaThread "Chunk I/O Executor Thread-1" daemon [_thread_blocked, id=27560, stack(0x0000000052240000,0x0000000052340000)]
  0x000000002f9d6800 JavaThread "Chunk Batcher 7" daemon [_thread_blocked, id=17964, stack(0x000000004eb80000,0x000000004ec80000)]
  0x000000002f9d5800 JavaThread "Chunk Batcher 6" daemon [_thread_blocked, id=25948, stack(0x000000004ea80000,0x000000004eb80000)]
  0x000000002f9d5000 JavaThread "Chunk Batcher 5" daemon [_thread_blocked, id=9376, stack(0x000000004e980000,0x000000004ea80000)]
  0x000000002f9d4000 JavaThread "Chunk Batcher 4" daemon [_thread_blocked, id=19628, stack(0x000000004e880000,0x000000004e980000)]
  0x000000002f9d2800 JavaThread "Chunk Batcher 3" daemon [_thread_blocked, id=25180, stack(0x000000004e780000,0x000000004e880000)]
  0x000000002d312000 JavaThread "Chunk Batcher 2" daemon [_thread_blocked, id=13276, stack(0x000000004e680000,0x000000004e780000)]
  0x000000002d312800 JavaThread "Chunk Batcher 1" daemon [_thread_blocked, id=29004, stack(0x000000004e580000,0x000000004e680000)]
  0x000000002d311000 JavaThread "Chunk Batcher 0" daemon [_thread_blocked, id=30248, stack(0x000000004e480000,0x000000004e580000)]
  0x000000002d30f800 JavaThread "Netty Server IO #1" daemon [_thread_in_native, id=23172, stack(0x000000004e180000,0x000000004e280000)]
  0x000000002d30f000 JavaThread "Netty Local Client IO #0" daemon [_thread_blocked, id=23032, stack(0x000000004e080000,0x000000004e180000)]
  0x000000002d30e000 JavaThread "Keep-Alive-Timer" daemon [_thread_blocked, id=16108, stack(0x000000004df80000,0x000000004e080000)]
  0x000000002d303800 JavaThread "Netty Server IO #0" daemon [_thread_in_native, id=13788, stack(0x0000000048e00000,0x0000000048f00000)]
  0x000000002d30a800 JavaThread "File IO Thread" [_thread_blocked, id=7924, stack(0x000000004de80000,0x000000004df80000)]
  0x000000002d30c000 JavaThread "Server thread" [_thread_blocked, id=27196, stack(0x000000004d780000,0x000000004d880000)]
  0x000000002d309000 JavaThread "Snooper Timer" daemon [_thread_in_native, id=30412, stack(0x000000004abd0000,0x000000004acd0000)]
  0x000000002d30b000 JavaThread "Narrator" daemon [_thread_blocked, id=15288, stack(0x0000000036080000,0x0000000036180000)]
  0x000000002d309800 JavaThread "Thread-11" [_thread_blocked, id=19288, stack(0x0000000049850000,0x0000000049950000)]
  0x000000002d304800 JavaThread "Thread-10" [_thread_blocked, id=25296, stack(0x0000000049550000,0x0000000049650000)]
  0x000000002f9d8800 JavaThread "LWJGL Timer" daemon [_thread_blocked, id=22008, stack(0x00000000463c0000,0x00000000464c0000)]
  0x000000002f9d8000 JavaThread "Java2D Disposer" daemon [_thread_blocked, id=8264, stack(0x00000000346d0000,0x00000000347d0000)]
  0x000000002e6cc000 JavaThread "Timer hack thread" daemon [_thread_blocked, id=9408, stack(0x0000000034180000,0x0000000034280000)]
  0x0000000031201800 JavaThread "Snooper Timer" daemon [_thread_blocked, id=8032, stack(0x0000000033c80000,0x0000000033d80000)]
  0x000000002bf9e800 JavaThread "Service Thread" daemon [_thread_blocked, id=3160, stack(0x000000002cea0000,0x000000002cfa0000)]
  0x000000002bf8e800 JavaThread "C1 CompilerThread3" daemon [_thread_blocked, id=24216, stack(0x000000002c9a0000,0x000000002caa0000)]
  0x000000002bf8a000 JavaThread "C2 CompilerThread2" daemon [_thread_blocked, id=22780, stack(0x000000002c8a0000,0x000000002c9a0000)]
  0x000000002bf88000 JavaThread "C2 CompilerThread1" daemon [_thread_blocked, id=17920, stack(0x000000002c6a0000,0x000000002c7a0000)]
  0x000000002bf86000 JavaThread "C2 CompilerThread0" daemon [_thread_in_native, id=7116, stack(0x000000002c5a0000,0x000000002c6a0000)]
  0x000000002bf7a000 JavaThread "Attach Listener" daemon [_thread_blocked, id=14384, stack(0x000000002c4a0000,0x000000002c5a0000)]
  0x000000002bf79000 JavaThread "Signal Dispatcher" daemon [_thread_blocked, id=21212, stack(0x000000002c3a0000,0x000000002c4a0000)]
  0x000000002bf85000 JavaThread "Surrogate Locker Thread (Concurrent GC)" daemon [_thread_blocked, id=10132, stack(0x000000002c2a0000,0x000000002c3a0000)]
  0x000000002bf53000 JavaThread "Finalizer" daemon [_thread_blocked, id=21100, stack(0x000000002c1a0000,0x000000002c2a0000)]
  0x000000002bf4d000 JavaThread "Reference Handler" daemon [_thread_blocked, id=9900, stack(0x000000002c0a0000,0x000000002c1a0000)]
  0x0000000002934800 JavaThread "Client thread" [_thread_blocked, id=13600, stack(0x0000000002830000,0x0000000002930000)]

Other Threads:
=>0x000000002bf45800 VMThread [stack: 0x000000002bfa0000,0x000000002c0a0000] [id=18212]
  0x000000002cb82800 WatcherThread [stack: 0x000000002cfa0000,0x000000002d0a0000] [id=26132]

VM state:at safepoint (normal execution)

VM Mutex/Monitor currently owned by a thread:  ([mutex/lock_event])
[0x0000000002933ae0] Threads_lock - owner thread: 0x000000002bf45800
[0x0000000002933160] Heap_lock - owner thread: 0x000000002d311000

Heap:
 garbage-first heap   total 3833856K, used 455758K [0x00000005c0000000, 0x00000005c1000750, 0x00000007c0000000)
  region size 16384K, 1 young (16384K), 1 survivors (16384K)
 Metaspace       used 60422K, capacity 61707K, committed 62080K, reserved 1103872K
  class space    used 7679K, capacity 8006K, committed 8064K, reserved 1048576K

Heap Regions: (Y=young(eden), SU=young(survivor), HS=humongous(starts), HC=humongous(continues), CS=collection set, F=free, TS=gc time stamp, PTAMS=previous top-at-mark-start, NTAMS=next top-at-mark-start)
AC   0  O    TS     0 PTAMS 0x00000005c0ffffc8 NTAMS 0x00000005c0ffffc8 space 16384K,  99% used [0x00000005c0000000, 0x00000005c1000000)
AC   0  O    TS     0 PTAMS 0x00000005c1ffffd0 NTAMS 0x00000005c1ffffd0 space 16384K,  99% used [0x00000005c1000000, 0x00000005c2000000)
AC   0  O    TS     0 PTAMS 0x00000005c2feef88 NTAMS 0x00000005c2feef88 space 16384K,  99% used [0x00000005c2000000, 0x00000005c3000000)
AC   0  O    TS     0 PTAMS 0x00000005c3fff428 NTAMS 0x00000005c3fff428 space 16384K,  99% used [0x00000005c3000000, 0x00000005c4000000)
AC   0 HS    TS     0 PTAMS 0x00000005c4a00010 NTAMS 0x00000005c4a00010 space 16384K,  62% used [0x00000005c4000000, 0x00000005c5000000)
AC   0  O    TS     0 PTAMS 0x00000005c5ffff20 NTAMS 0x00000005c5ffff20 space 16384K,  99% used [0x00000005c5000000, 0x00000005c6000000)
AC   0  O    TS     0 PTAMS 0x00000005c7000000 NTAMS 0x00000005c7000000 space 16384K, 100% used [0x00000005c6000000, 0x00000005c7000000)
AC   0  O    TS     0 PTAMS 0x00000005c7ff3d50 NTAMS 0x00000005c7ff3d50 space 16384K,  99% used [0x00000005c7000000, 0x00000005c8000000)
AC   0  O    TS     0 PTAMS 0x00000005c8ffffe0 NTAMS 0x00000005c8ffffe0 space 16384K,  99% used [0x00000005c8000000, 0x00000005c9000000)
AC   0  O    TS     0 PTAMS 0x00000005c9fff918 NTAMS 0x00000005c9fff918 space 16384K,  99% used [0x00000005c9000000, 0x00000005ca000000)
AC   0  O    TS     0 PTAMS 0x00000005caffff60 NTAMS 0x00000005caffff60 space 16384K,  99% used [0x00000005ca000000, 0x00000005cb000000)
AC   0  O    TS     0 PTAMS 0x00000005cc000000 NTAMS 0x00000005cc000000 space 16384K, 100% used [0x00000005cb000000, 0x00000005cc000000)
AC   0  O    TS     0 PTAMS 0x00000005cd000000 NTAMS 0x00000005cd000000 space 16384K, 100% used [0x00000005cc000000, 0x00000005cd000000)
AC   0  O    TS     0 PTAMS 0x00000005cdfffff0 NTAMS 0x00000005cdfffff0 space 16384K,  99% used [0x00000005cd000000, 0x00000005ce000000)
AC   0  O    TS     0 PTAMS 0x00000005cf000000 NTAMS 0x00000005cf000000 space 16384K, 100% used [0x00000005ce000000, 0x00000005cf000000)
AC   0  O    TS     0 PTAMS 0x00000005cffffff0 NTAMS 0x00000005cffffff0 space 16384K,  99% used [0x00000005cf000000, 0x00000005d0000000)
AC   0  O    TS     0 PTAMS 0x00000005d0fffff0 NTAMS 0x00000005d0fffff0 space 16384K,  99% used [0x00000005d0000000, 0x00000005d1000000)
AC   0  O    TS     0 PTAMS 0x00000005d1ffedd0 NTAMS 0x00000005d1ffedd0 space 16384K,  99% used [0x00000005d1000000, 0x00000005d2000000)
AC   0  O    TS     0 PTAMS 0x00000005d2a1fee0 NTAMS 0x00000005d2a1fee0 space 16384K,  63% used [0x00000005d2000000, 0x00000005d3000000)
AC   0  F    TS     0 PTAMS 0x00000005d3000000 NTAMS 0x00000005d3000000 space 16384K,   0% used [0x00000005d3000000, 0x00000005d4000000)
AC   0  F    TS     0 PTAMS 0x00000005d4000000 NTAMS 0x00000005d4000000 space 16384K,   0% used [0x00000005d4000000, 0x00000005d5000000)
AC   0  F    TS     0 PTAMS 0x00000005d5000000 NTAMS 0x00000005d5000000 space 16384K,   0% used [0x00000005d5000000, 0x00000005d6000000)
AC   0  F    TS     0 PTAMS 0x00000005d6000000 NTAMS 0x00000005d6000000 space 16384K,   0% used [0x00000005d6000000, 0x00000005d7000000)
AC   0  O    TS     1 PTAMS 0x00000005d7000000 NTAMS 0x00000005d7000000 space 16384K, 100% used [0x00000005d7000000, 0x00000005d8000000)
AC   0  O    TS     1 PTAMS 0x00000005d8000000 NTAMS 0x00000005d8000000 space 16384K, 100% used [0x00000005d8000000, 0x00000005d9000000)
AC   0  O    TS     3 PTAMS 0x00000005d9000000 NTAMS 0x00000005d9000000 space 16384K, 100% used [0x00000005d9000000, 0x00000005da000000)
AC   0  F    TS     0 PTAMS 0x00000005da000000 NTAMS 0x00000005da000000 space 16384K,   0% used [0x00000005da000000, 0x00000005db000000)
AC   0  F    TS     0 PTAMS 0x00000005db000000 NTAMS 0x00000005db000000 space 16384K,   0% used [0x00000005db000000, 0x00000005dc000000)
AC   0  O    TS     3 PTAMS 0x00000005dc000000 NTAMS 0x00000005dc000000 space 16384K, 100% used [0x00000005dc000000, 0x00000005dd000000)
AC   0  O    TS     3 PTAMS 0x00000005dd000000 NTAMS 0x00000005dd000000 space 16384K,  56% used [0x00000005dd000000, 0x00000005de000000)
AC   0  F    TS     0 PTAMS 0x00000005de000000 NTAMS 0x00000005de000000 space 16384K,   0% used [0x00000005de000000, 0x00000005df000000)
AC   0  F    TS     0 PTAMS 0x00000005df000000 NTAMS 0x00000005df000000 space 16384K,   0% used [0x00000005df000000, 0x00000005e0000000)
AC   0  F    TS     0 PTAMS 0x00000005e0000000 NTAMS 0x00000005e0000000 space 16384K,   0% used [0x00000005e0000000, 0x00000005e1000000)
AC   0  F    TS     0 PTAMS 0x00000005e1000000 NTAMS 0x00000005e1000000 space 16384K,   0% used [0x00000005e1000000, 0x00000005e2000000)
AC   0  F    TS     0 PTAMS 0x00000005e2000000 NTAMS 0x00000005e2000000 space 16384K,   0% used [0x00000005e2000000, 0x00000005e3000000)
AC   0  F    TS     0 PTAMS 0x00000005e3000000 NTAMS 0x00000005e3000000 space 16384K,   0% used [0x00000005e3000000, 0x00000005e4000000)
AC   0  F    TS     0 PTAMS 0x00000005e4000000 NTAMS 0x00000005e4000000 space 16384K,   0% used [0x00000005e4000000, 0x00000005e5000000)
AC   0  O    TS     0 PTAMS 0x00000005e5000000 NTAMS 0x00000005e5000000 space 16384K, 100% used [0x00000005e5000000, 0x00000005e6000000)
AC   0  O    TS     0 PTAMS 0x00000005e6000000 NTAMS 0x00000005e6000000 space 16384K, 100% used [0x00000005e6000000, 0x00000005e7000000)
AC   0  O    TS     0 PTAMS 0x00000005e7000000 NTAMS 0x00000005e7000000 space 16384K, 100% used [0x00000005e7000000, 0x00000005e8000000)
AC   0  O    TS     1 PTAMS 0x00000005e8000000 NTAMS 0x00000005e8000000 space 16384K, 100% used [0x00000005e8000000, 0x00000005e9000000)
AC   0  F    TS     0 PTAMS 0x00000005e9000000 NTAMS 0x00000005e9000000 space 16384K,   0% used [0x00000005e9000000, 0x00000005ea000000)
AC   0  F    TS     0 PTAMS 0x00000005ea000000 NTAMS 0x00000005ea000000 space 16384K,   0% used [0x00000005ea000000, 0x00000005eb000000)
AC   0  F    TS     0 PTAMS 0x00000005eb000000 NTAMS 0x00000005eb000000 space 16384K,   0% used [0x00000005eb000000, 0x00000005ec000000)
AC   0  F    TS     0 PTAMS 0x00000005ec000000 NTAMS 0x00000005ec000000 space 16384K,   0% used [0x00000005ec000000, 0x00000005ed000000)
AC   0  F    TS     0 PTAMS 0x00000005ed000000 NTAMS 0x00000005ed000000 space 16384K,   0% used [0x00000005ed000000, 0x00000005ee000000)
AC   0  F    TS     0 PTAMS 0x00000005ee000000 NTAMS 0x00000005ee000000 space 16384K,   0% used [0x00000005ee000000, 0x00000005ef000000)
AC   0  F    TS     0 PTAMS 0x00000005ef000000 NTAMS 0x00000005ef000000 space 16384K,   0% used [0x00000005ef000000, 0x00000005f0000000)
AC   0  F    TS     0 PTAMS 0x00000005f0000000 NTAMS 0x00000005f0000000 space 16384K,   0% used [0x00000005f0000000, 0x00000005f1000000)
AC   0  F    TS     0 PTAMS 0x00000005f1000000 NTAMS 0x00000005f1000000 space 16384K,   0% used [0x00000005f1000000, 0x00000005f2000000)
AC   0  F    TS     0 PTAMS 0x00000005f2000000 NTAMS 0x00000005f2000000 space 16384K,   0% used [0x00000005f2000000, 0x00000005f3000000)
AC   0  F    TS     0 PTAMS 0x00000005f3000000 NTAMS 0x00000005f3000000 space 16384K,   0% used [0x00000005f3000000, 0x00000005f4000000)
AC   0  F    TS     0 PTAMS 0x00000005f4000000 NTAMS 0x00000005f4000000 space 16384K,   0% used [0x00000005f4000000, 0x00000005f5000000)
AC   0  F    TS     0 PTAMS 0x00000005f5000000 NTAMS 0x00000005f5000000 space 16384K,   0% used [0x00000005f5000000, 0x00000005f6000000)
AC   0  F    TS     0 PTAMS 0x00000005f6000000 NTAMS 0x00000005f6000000 space 16384K,   0% used [0x00000005f6000000, 0x00000005f7000000)
AC   0  F    TS     0 PTAMS 0x00000005f7000000 NTAMS 0x00000005f7000000 space 16384K,   0% used [0x00000005f7000000, 0x00000005f8000000)
AC   0  F    TS     0 PTAMS 0x00000005f8000000 NTAMS 0x00000005f8000000 space 16384K,   0% used [0x00000005f8000000, 0x00000005f9000000)
AC   0  F    TS     0 PTAMS 0x00000005f9000000 NTAMS 0x00000005f9000000 space 16384K,   0% used [0x00000005f9000000, 0x00000005fa000000)
AC   0  F    TS     0 PTAMS 0x00000005fa000000 NTAMS 0x00000005fa000000 space 16384K,   0% used [0x00000005fa000000, 0x00000005fb000000)
AC   0  F    TS     0 PTAMS 0x00000005fb000000 NTAMS 0x00000005fb000000 space 16384K,   0% used [0x00000005fb000000, 0x00000005fc000000)
AC   0  F    TS     0 PTAMS 0x00000005fc000000 NTAMS 0x00000005fc000000 space 16384K,   0% used [0x00000005fc000000, 0x00000005fd000000)
AC   0  F    TS     0 PTAMS 0x00000005fd000000 NTAMS 0x00000005fd000000 space 16384K,   0% used [0x00000005fd000000, 0x00000005fe000000)
AC   0  F    TS     0 PTAMS 0x00000005fe000000 NTAMS 0x00000005fe000000 space 16384K,   0% used [0x00000005fe000000, 0x00000005ff000000)
AC   0  F    TS     0 PTAMS 0x00000005ff000000 NTAMS 0x00000005ff000000 space 16384K,   0% used [0x00000005ff000000, 0x0000000600000000)
AC   0  F    TS     0 PTAMS 0x0000000600000000 NTAMS 0x0000000600000000 space 16384K,   0% used [0x0000000600000000, 0x0000000601000000)
AC   0  F    TS     0 PTAMS 0x0000000601000000 NTAMS 0x0000000601000000 space 16384K,   0% used [0x0000000601000000, 0x0000000602000000)
AC   0  F    TS     0 PTAMS 0x0000000602000000 NTAMS 0x0000000602000000 space 16384K,   0% used [0x0000000602000000, 0x0000000603000000)
AC   0  F    TS     0 PTAMS 0x0000000603000000 NTAMS 0x0000000603000000 space 16384K,   0% used [0x0000000603000000, 0x0000000604000000)
AC   0  F    TS     0 PTAMS 0x0000000604000000 NTAMS 0x0000000604000000 space 16384K,   0% used [0x0000000604000000, 0x0000000605000000)
AC   0  F    TS     0 PTAMS 0x0000000605000000 NTAMS 0x0000000605000000 space 16384K,   0% used [0x0000000605000000, 0x0000000606000000)
AC   0  F    TS     0 PTAMS 0x0000000606000000 NTAMS 0x0000000606000000 space 16384K,   0% used [0x0000000606000000, 0x0000000607000000)
AC   0  F    TS     0 PTAMS 0x0000000607000000 NTAMS 0x0000000607000000 space 16384K,   0% used [0x0000000607000000, 0x0000000608000000)
AC   0  F    TS     0 PTAMS 0x0000000608000000 NTAMS 0x0000000608000000 space 16384K,   0% used [0x0000000608000000, 0x0000000609000000)
AC   0  F    TS     0 PTAMS 0x0000000609000000 NTAMS 0x0000000609000000 space 16384K,   0% used [0x0000000609000000, 0x000000060a000000)
AC   0  F    TS     1 PTAMS 0x000000060a000000 NTAMS 0x000000060a000000 space 16384K,   0% used [0x000000060a000000, 0x000000060b000000)
AC   0  F    TS     0 PTAMS 0x000000060b000000 NTAMS 0x000000060b000000 space 16384K,   0% used [0x000000060b000000, 0x000000060c000000)
AC   0  F    TS     0 PTAMS 0x000000060c000000 NTAMS 0x000000060c000000 space 16384K,   0% used [0x000000060c000000, 0x000000060d000000)
AC   0  F    TS     0 PTAMS 0x000000060d000000 NTAMS 0x000000060d000000 space 16384K,   0% used [0x000000060d000000, 0x000000060e000000)
AC   0  F    TS     0 PTAMS 0x000000060e000000 NTAMS 0x000000060e000000 space 16384K,   0% used [0x000000060e000000, 0x000000060f000000)
AC   0  F    TS     0 PTAMS 0x000000060f000000 NTAMS 0x000000060f000000 space 16384K,   0% used [0x000000060f000000, 0x0000000610000000)
AC   0  F    TS     0 PTAMS 0x0000000610000000 NTAMS 0x0000000610000000 space 16384K,   0% used [0x0000000610000000, 0x0000000611000000)
AC   0  F    TS     0 PTAMS 0x0000000611000000 NTAMS 0x0000000611000000 space 16384K,   0% used [0x0000000611000000, 0x0000000612000000)
AC   0  F    TS     1 PTAMS 0x0000000612000000 NTAMS 0x0000000612000000 space 16384K,   0% used [0x0000000612000000, 0x0000000613000000)
AC   0  F    TS     1 PTAMS 0x0000000613000000 NTAMS 0x0000000613000000 space 16384K,   0% used [0x0000000613000000, 0x0000000614000000)
AC   0  F    TS     1 PTAMS 0x0000000614000000 NTAMS 0x0000000614000000 space 16384K,   0% used [0x0000000614000000, 0x0000000615000000)
AC   0  F    TS     1 PTAMS 0x0000000615000000 NTAMS 0x0000000615000000 space 16384K,   0% used [0x0000000615000000, 0x0000000616000000)
AC   0  F    TS     1 PTAMS 0x0000000616000000 NTAMS 0x0000000616000000 space 16384K,   0% used [0x0000000616000000, 0x0000000617000000)
AC   0  F    TS     1 PTAMS 0x0000000617000000 NTAMS 0x0000000617000000 space 16384K,   0% used [0x0000000617000000, 0x0000000618000000)
AC   0  F    TS     1 PTAMS 0x0000000618000000 NTAMS 0x0000000618000000 space 16384K,   0% used [0x0000000618000000, 0x0000000619000000)
AC   0  F    TS     1 PTAMS 0x0000000619000000 NTAMS 0x0000000619000000 space 16384K,   0% used [0x0000000619000000, 0x000000061a000000)
AC   0  F    TS     1 PTAMS 0x000000061a000000 NTAMS 0x000000061a000000 space 16384K,   0% used [0x000000061a000000, 0x000000061b000000)
AC   0  F    TS     1 PTAMS 0x000000061b000000 NTAMS 0x000000061b000000 space 16384K,   0% used [0x000000061b000000, 0x000000061c000000)
AC   0  F    TS     1 PTAMS 0x000000061c000000 NTAMS 0x000000061c000000 space 16384K,   0% used [0x000000061c000000, 0x000000061d000000)
AC   0  F    TS     1 PTAMS 0x000000061d000000 NTAMS 0x000000061d000000 space 16384K,   0% used [0x000000061d000000, 0x000000061e000000)
AC   0  F    TS     1 PTAMS 0x000000061e000000 NTAMS 0x000000061e000000 space 16384K,   0% used [0x000000061e000000, 0x000000061f000000)
AC   0  F    TS     1 PTAMS 0x000000061f000000 NTAMS 0x000000061f000000 space 16384K,   0% used [0x000000061f000000, 0x0000000620000000)
AC   0  F    TS     1 PTAMS 0x0000000620000000 NTAMS 0x0000000620000000 space 16384K,   0% used [0x0000000620000000, 0x0000000621000000)
AC   0  F    TS     1 PTAMS 0x0000000621000000 NTAMS 0x0000000621000000 space 16384K,   0% used [0x0000000621000000, 0x0000000622000000)
AC   0  F    TS     1 PTAMS 0x0000000622000000 NTAMS 0x0000000622000000 space 16384K,   0% used [0x0000000622000000, 0x0000000623000000)
AC   0  F    TS     1 PTAMS 0x0000000623000000 NTAMS 0x0000000623000000 space 16384K,   0% used [0x0000000623000000, 0x0000000624000000)
AC   0  F    TS     1 PTAMS 0x0000000624000000 NTAMS 0x0000000624000000 space 16384K,   0% used [0x0000000624000000, 0x0000000625000000)
AC   0  F    TS     1 PTAMS 0x0000000625000000 NTAMS 0x0000000625000000 space 16384K,   0% used [0x0000000625000000, 0x0000000626000000)
AC   0  F    TS     1 PTAMS 0x0000000626000000 NTAMS 0x0000000626000000 space 16384K,   0% used [0x0000000626000000, 0x0000000627000000)
AC   0  F    TS     1 PTAMS 0x0000000627000000 NTAMS 0x0000000627000000 space 16384K,   0% used [0x0000000627000000, 0x0000000628000000)
AC   0  F    TS     1 PTAMS 0x0000000628000000 NTAMS 0x0000000628000000 space 16384K,   0% used [0x0000000628000000, 0x0000000629000000)
AC   0  F    TS     1 PTAMS 0x0000000629000000 NTAMS 0x0000000629000000 space 16384K,   0% used [0x0000000629000000, 0x000000062a000000)
AC   0  F    TS     1 PTAMS 0x000000062a000000 NTAMS 0x000000062a000000 space 16384K,   0% used [0x000000062a000000, 0x000000062b000000)
AC   0  F    TS     1 PTAMS 0x000000062b000000 NTAMS 0x000000062b000000 space 16384K,   0% used [0x000000062b000000, 0x000000062c000000)
AC   0  F    TS     1 PTAMS 0x000000062c000000 NTAMS 0x000000062c000000 space 16384K,   0% used [0x000000062c000000, 0x000000062d000000)
AC   0  F    TS     1 PTAMS 0x000000062d000000 NTAMS 0x000000062d000000 space 16384K,   0% used [0x000000062d000000, 0x000000062e000000)
AC   0  F    TS     1 PTAMS 0x000000062e000000 NTAMS 0x000000062e000000 space 16384K,   0% used [0x000000062e000000, 0x000000062f000000)
AC   0  F    TS     1 PTAMS 0x000000062f000000 NTAMS 0x000000062f000000 space 16384K,   0% used [0x000000062f000000, 0x0000000630000000)
AC   0  F    TS     1 PTAMS 0x0000000630000000 NTAMS 0x0000000630000000 space 16384K,   0% used [0x0000000630000000, 0x0000000631000000)
AC   0  F    TS     1 PTAMS 0x0000000631000000 NTAMS 0x0000000631000000 space 16384K,   0% used [0x0000000631000000, 0x0000000632000000)
AC   0  F    TS     1 PTAMS 0x0000000632000000 NTAMS 0x0000000632000000 space 16384K,   0% used [0x0000000632000000, 0x0000000633000000)
AC   0  F    TS     1 PTAMS 0x0000000633000000 NTAMS 0x0000000633000000 space 16384K,   0% used [0x0000000633000000, 0x0000000634000000)
AC   0  F    TS     1 PTAMS 0x0000000634000000 NTAMS 0x0000000634000000 space 16384K,   0% used [0x0000000634000000, 0x0000000635000000)
AC   0  F    TS     1 PTAMS 0x0000000635000000 NTAMS 0x0000000635000000 space 16384K,   0% used [0x0000000635000000, 0x0000000636000000)
AC   0  F    TS     1 PTAMS 0x0000000636000000 NTAMS 0x0000000636000000 space 16384K,   0% used [0x0000000636000000, 0x0000000637000000)
AC   0  F    TS     1 PTAMS 0x0000000637000000 NTAMS 0x0000000637000000 space 16384K,   0% used [0x0000000637000000, 0x0000000638000000)
AC   0  F    TS     1 PTAMS 0x0000000638000000 NTAMS 0x0000000638000000 space 16384K,   0% used [0x0000000638000000, 0x0000000639000000)
AC   0  F    TS     1 PTAMS 0x0000000639000000 NTAMS 0x0000000639000000 space 16384K,   0% used [0x0000000639000000, 0x000000063a000000)
AC   0  F    TS     1 PTAMS 0x000000063a000000 NTAMS 0x000000063a000000 space 16384K,   0% used [0x000000063a000000, 0x000000063b000000)
AC   0  F    TS     1 PTAMS 0x000000063b000000 NTAMS 0x000000063b000000 space 16384K,   0% used [0x000000063b000000, 0x000000063c000000)
AC   0  F    TS     1 PTAMS 0x000000063c000000 NTAMS 0x000000063c000000 space 16384K,   0% used [0x000000063c000000, 0x000000063d000000)
AC   0  F    TS     1 PTAMS 0x000000063d000000 NTAMS 0x000000063d000000 space 16384K,   0% used [0x000000063d000000, 0x000000063e000000)
AC   0  F    TS     1 PTAMS 0x000000063e000000 NTAMS 0x000000063e000000 space 16384K,   0% used [0x000000063e000000, 0x000000063f000000)
AC   0  F    TS     1 PTAMS 0x000000063f000000 NTAMS 0x000000063f000000 space 16384K,   0% used [0x000000063f000000, 0x0000000640000000)
AC   0  F    TS     1 PTAMS 0x0000000640000000 NTAMS 0x0000000640000000 space 16384K,   0% used [0x0000000640000000, 0x0000000641000000)
AC   0  F    TS     1 PTAMS 0x0000000641000000 NTAMS 0x0000000641000000 space 16384K,   0% used [0x0000000641000000, 0x0000000642000000)
AC   0  F    TS     1 PTAMS 0x0000000642000000 NTAMS 0x0000000642000000 space 16384K,   0% used [0x0000000642000000, 0x0000000643000000)
AC   0  F    TS     1 PTAMS 0x0000000643000000 NTAMS 0x0000000643000000 space 16384K,   0% used [0x0000000643000000, 0x0000000644000000)
AC   0  F    TS     1 PTAMS 0x0000000644000000 NTAMS 0x0000000644000000 space 16384K,   0% used [0x0000000644000000, 0x0000000645000000)
AC   0  F    TS     1 PTAMS 0x0000000645000000 NTAMS 0x0000000645000000 space 16384K,   0% used [0x0000000645000000, 0x0000000646000000)
AC   0  F    TS     1 PTAMS 0x0000000646000000 NTAMS 0x0000000646000000 space 16384K,   0% used [0x0000000646000000, 0x0000000647000000)
AC   0  F    TS     1 PTAMS 0x0000000647000000 NTAMS 0x0000000647000000 space 16384K,   0% used [0x0000000647000000, 0x0000000648000000)
AC   0  F    TS     1 PTAMS 0x0000000648000000 NTAMS 0x0000000648000000 space 16384K,   0% used [0x0000000648000000, 0x0000000649000000)
AC   0  F    TS     1 PTAMS 0x0000000649000000 NTAMS 0x0000000649000000 space 16384K,   0% used [0x0000000649000000, 0x000000064a000000)
AC   0  F    TS     1 PTAMS 0x000000064a000000 NTAMS 0x000000064a000000 space 16384K,   0% used [0x000000064a000000, 0x000000064b000000)
AC   0  F    TS     1 PTAMS 0x000000064b000000 NTAMS 0x000000064b000000 space 16384K,   0% used [0x000000064b000000, 0x000000064c000000)
AC   0  F    TS     1 PTAMS 0x000000064c000000 NTAMS 0x000000064c000000 space 16384K,   0% used [0x000000064c000000, 0x000000064d000000)
AC   0  F    TS     1 PTAMS 0x000000064d000000 NTAMS 0x000000064d000000 space 16384K,   0% used [0x000000064d000000, 0x000000064e000000)
AC   0  F    TS     1 PTAMS 0x000000064e000000 NTAMS 0x000000064e000000 space 16384K,   0% used [0x000000064e000000, 0x000000064f000000)
AC   0  F    TS     1 PTAMS 0x000000064f000000 NTAMS 0x000000064f000000 space 16384K,   0% used [0x000000064f000000, 0x0000000650000000)
AC   0  F    TS     1 PTAMS 0x0000000650000000 NTAMS 0x0000000650000000 space 16384K,   0% used [0x0000000650000000, 0x0000000651000000)
AC   0  F    TS     1 PTAMS 0x0000000651000000 NTAMS 0x0000000651000000 space 16384K,   0% used [0x0000000651000000, 0x0000000652000000)
AC   0  F    TS     1 PTAMS 0x0000000652000000 NTAMS 0x0000000652000000 space 16384K,   0% used [0x0000000652000000, 0x0000000653000000)
AC   0  F    TS     1 PTAMS 0x0000000653000000 NTAMS 0x0000000653000000 space 16384K,   0% used [0x0000000653000000, 0x0000000654000000)
AC   0  F    TS     1 PTAMS 0x0000000654000000 NTAMS 0x0000000654000000 space 16384K,   0% used [0x0000000654000000, 0x0000000655000000)
AC   0  F    TS     1 PTAMS 0x0000000655000000 NTAMS 0x0000000655000000 space 16384K,   0% used [0x0000000655000000, 0x0000000656000000)
AC   0  F    TS     1 PTAMS 0x0000000656000000 NTAMS 0x0000000656000000 space 16384K,   0% used [0x0000000656000000, 0x0000000657000000)
AC   0  F    TS     1 PTAMS 0x0000000657000000 NTAMS 0x0000000657000000 space 16384K,   0% used [0x0000000657000000, 0x0000000658000000)
AC   0  F    TS     1 PTAMS 0x0000000658000000 NTAMS 0x0000000658000000 space 16384K,   0% used [0x0000000658000000, 0x0000000659000000)
AC   0  F    TS     1 PTAMS 0x0000000659000000 NTAMS 0x0000000659000000 space 16384K,   0% used [0x0000000659000000, 0x000000065a000000)
AC   0  F    TS     1 PTAMS 0x000000065a000000 NTAMS 0x000000065a000000 space 16384K,   0% used [0x000000065a000000, 0x000000065b000000)
AC   0  F    TS     1 PTAMS 0x000000065b000000 NTAMS 0x000000065b000000 space 16384K,   0% used [0x000000065b000000, 0x000000065c000000)
AC   0  S CS TS     3 PTAMS 0x000000065c000000 NTAMS 0x000000065c000000 space 16384K, 100% used [0x000000065c000000, 0x000000065d000000)
AC   0  F    TS     1 PTAMS 0x000000065d000000 NTAMS 0x000000065d000000 space 16384K,   0% used [0x000000065d000000, 0x000000065e000000)
AC   0  F    TS     1 PTAMS 0x000000065e000000 NTAMS 0x000000065e000000 space 16384K,   0% used [0x000000065e000000, 0x000000065f000000)
AC   0  F    TS     1 PTAMS 0x000000065f000000 NTAMS 0x000000065f000000 space 16384K,   0% used [0x000000065f000000, 0x0000000660000000)
AC   0  F    TS     1 PTAMS 0x0000000660000000 NTAMS 0x0000000660000000 space 16384K,   0% used [0x0000000660000000, 0x0000000661000000)
AC   0  F    TS     1 PTAMS 0x0000000661000000 NTAMS 0x0000000661000000 space 16384K,   0% used [0x0000000661000000, 0x0000000662000000)
AC   0  F    TS     1 PTAMS 0x0000000662000000 NTAMS 0x0000000662000000 space 16384K,   0% used [0x0000000662000000, 0x0000000663000000)
AC   0  F    TS     1 PTAMS 0x0000000663000000 NTAMS 0x0000000663000000 space 16384K,   0% used [0x0000000663000000, 0x0000000664000000)

Card table byte_map: [0x0000000015780000,0x0000000016780000] byte_map_base: 0x0000000012980000

Marking Bits (Prev, Next): (CMBitMap*) 0x00000000029bd160, (CMBitMap*) 0x00000000029bd108
 Prev Bits: [0x000000001f780000, 0x0000000027780000)
 Next Bits: [0x0000000017780000, 0x000000001f780000)

Polling page: 0x0000000002270000

CodeCache: size=245760Kb used=33412Kb max_used=33904Kb free=212347Kb
 bounds [0x0000000002a30000, 0x0000000004bd0000, 0x0000000011a30000]
 total_blobs=10381 nmethods=9385 adapters=906
 compilation: enabled

Compilation events (10 events):
Event: 49.440 Thread 0x000000002bf8e800 nmethod 13184 0x00000000041a9b50 code [0x00000000041a9cc0, 0x00000000041a9f28]
Event: 49.440 Thread 0x000000002bf8e800 13185       3       net.minecraft.client.renderer.entity.RenderManager::func_178635_a (33 bytes)
Event: 49.440 Thread 0x000000002bf8e800 nmethod 13185 0x0000000004547ad0 code [0x0000000004547c40, 0x0000000004547f78]
Event: 49.440 Thread 0x000000002bf8e800 13189       2       net.minecraft.entity.Entity::shouldRenderInPass (10 bytes)
Event: 49.440 Thread 0x000000002bf8e800 nmethod 13189 0x000000000484c910 code [0x000000000484ca60, 0x000000000484cbd0]
Event: 49.440 Thread 0x000000002bf8e800 13186       3       net.minecraft.util.math.AxisAlignedBB::func_72320_b (42 bytes)
Event: 49.440 Thread 0x000000002bf8e800 nmethod 13186 0x00000000048a0cd0 code [0x00000000048a0e40, 0x00000000048a0fd0]
Event: 49.440 Thread 0x000000002bf8e800 13193       2       net.minecraft.client.renderer.entity.RenderLivingBase::func_77034_a (48 bytes)
Event: 49.440 Thread 0x000000002bf8e800 nmethod 13193 0x00000000038afed0 code [0x00000000038b0060, 0x00000000038b0290]
Event: 49.440 Thread 0x000000002bf8e800 13194       2       net.minecraft.client.renderer.entity.RenderLivingBase::func_177092_a (650 bytes)

GC Heap History (10 events):
Event: 47.287 GC heap after
Heap after GC invocations=60 (full 2):
 garbage-first heap   total 589824K, used 320909K [0x00000005c0000000, 0x00000005c1000120, 0x00000007c0000000)
  region size 16384K, 1 young (16384K), 1 survivors (16384K)
 Metaspace       used 59157K, capacity 60375K, committed 60672K, reserved 1101824K
  class space    used 7577K, capacity 7882K, committed 7936K, reserved 1048576K
}
Event: 47.353 GC heap before
{Heap before GC invocations=60 (full 2):
 garbage-first heap   total 589824K, used 353677K [0x00000005c0000000, 0x00000005c1000120, 0x00000007c0000000)
  region size 16384K, 4 young (65536K), 1 survivors (16384K)
 Metaspace       used 59317K, capacity 60515K, committed 60928K, reserved 1101824K
  class space    used 7595K, capacity 7884K, committed 7936K, reserved 1048576K
Event: 48.055 GC heap after
Heap after GC invocations=61 (full 3):
 garbage-first heap   total 589824K, used 299009K [0x00000005c0000000, 0x00000005c1000120, 0x00000007c0000000)
  region size 16384K, 0 young (0K), 0 survivors (0K)
 Metaspace       used 59317K, capacity 60515K, committed 60928K, reserved 1101824K
  class space    used 7595K, capacity 7884K, committed 7936K, reserved 1048576K
}
Event: 48.091 GC heap before
{Heap before GC invocations=61 (full 3):
 garbage-first heap   total 589824K, used 299009K [0x00000005c0000000, 0x00000005c1000120, 0x00000007c0000000)
  region size 16384K, 1 young (16384K), 0 survivors (0K)
 Metaspace       used 59398K, capacity 60629K, committed 60928K, reserved 1101824K
  class space    used 7602K, capacity 7919K, committed 7936K, reserved 1048576K
Event: 48.096 GC heap after
Heap after GC invocations=62 (full 3):
 garbage-first heap   total 589824K, used 313576K [0x00000005c0000000, 0x00000005c1000120, 0x00000007c0000000)
  region size 16384K, 1 young (16384K), 1 survivors (16384K)
 Metaspace       used 59398K, capacity 60629K, committed 60928K, reserved 1101824K
  class space    used 7602K, capacity 7919K, committed 7936K, reserved 1048576K
}
Event: 48.369 GC heap before
{Heap before GC invocations=62 (full 3):
 garbage-first heap   total 589824K, used 493800K [0x00000005c0000000, 0x00000005c1000120, 0x00000007c0000000)
  region size 16384K, 7 young (114688K), 1 survivors (16384K)
 Metaspace       used 59787K, capacity 61119K, committed 61312K, reserved 1101824K
  class space    used 7652K, capacity 7966K, committed 8064K, reserved 1048576K
Event: 48.409 GC heap after
Heap after GC invocations=63 (full 3):
 garbage-first heap   total 1343488K, used 366442K [0x00000005c0000000, 0x00000005c1000290, 0x00000007c0000000)
  region size 16384K, 1 young (16384K), 1 survivors (16384K)
 Metaspace       used 59787K, capacity 61119K, committed 61312K, reserved 1101824K
  class space    used 7652K, capacity 7966K, committed 8064K, reserved 1048576K
}
Event: 48.906 GC heap before
{Heap before GC invocations=64 (full 3):
 garbage-first heap   total 1343488K, used 513898K [0x00000005c0000000, 0x00000005c1000290, 0x00000007c0000000)
  region size 16384K, 8 young (131072K), 1 survivors (16384K)
 Metaspace       used 60255K, capacity 61523K, committed 61824K, reserved 1103872K
  class space    used 7674K, capacity 7970K, committed 8064K, reserved 1048576K
Event: 48.935 GC heap after
Heap after GC invocations=65 (full 3):
 garbage-first heap   total 2686976K, used 422239K [0x00000005c0000000, 0x00000005c1000520, 0x00000007c0000000)
  region size 16384K, 1 young (16384K), 1 survivors (16384K)
 Metaspace       used 60255K, capacity 61523K, committed 61824K, reserved 1103872K
  class space    used 7674K, capacity 7970K, committed 8064K, reserved 1048576K
}
Event: 49.447 GC heap before
{Heap before GC invocations=65 (full 3):
 garbage-first heap   total 2686976K, used 586079K [0x00000005c0000000, 0x00000005c1000520, 0x00000007c0000000)
  region size 16384K, 8 young (131072K), 1 survivors (16384K)
 Metaspace       used 60422K, capacity 61707K, committed 62080K, reserved 1103872K
  class space    used 7679K, capacity 8006K, committed 8064K, reserved 1048576K

Deoptimization events (10 events):
Event: 49.058 Thread 0x000000002d304800 Uncommon trap: reason=null_check action=none pc=0x0000000002f14708 method=sun.misc.URLClassPath.check(Ljava/net/URL;)V @ 14
Event: 49.089 Thread 0x0000000002934800 Uncommon trap: reason=unstable_if action=reinterpret pc=0x0000000004a8bafc method=net.minecraft.world.World.func_191504_a(Lnet/minecraft/entity/Entity;Lnet/minecraft/util/math/AxisAlignedBB;ZLjava/util/List;)Z @ 317
Event: 49.093 Thread 0x0000000002934800 Uncommon trap: reason=unstable_if action=reinterpret pc=0x0000000004b29fc4 method=net.minecraft.world.chunk.Chunk.func_177414_a(Lnet/minecraft/entity/Entity;Lnet/minecraft/util/math/AxisAlignedBB;Ljava/util/List;Lcom/google/common/base/Predicate;)V @ 154
Event: 49.095 Thread 0x0000000002934800 Uncommon trap: reason=unstable_if action=reinterpret pc=0x00000000042e36bc method=net.minecraft.world.World.func_191504_a(Lnet/minecraft/entity/Entity;Lnet/minecraft/util/math/AxisAlignedBB;ZLjava/util/List;)Z @ 317
Event: 49.218 Thread 0x000000002d30c000 Uncommon trap: reason=bimorphic action=maybe_recompile pc=0x000000000449daa4 method=net.minecraft.block.state.BlockStateContainer$StateImplementation.func_191058_s()Z @ 5
Event: 49.270 Thread 0x000000002d30c000 Uncommon trap: reason=bimorphic action=maybe_recompile pc=0x000000000449daa4 method=net.minecraft.block.state.BlockStateContainer$StateImplementation.func_191058_s()Z @ 5
Event: 49.271 Thread 0x000000002d30c000 Uncommon trap: reason=unstable_if action=reinterpret pc=0x0000000004b86578 method=net.minecraft.entity.Entity.func_70091_d(Lnet/minecraft/entity/MoverType;DDD)V @ 392
Event: 49.324 Thread 0x000000002d30c000 Uncommon trap: reason=bimorphic action=maybe_recompile pc=0x000000000449daa4 method=net.minecraft.block.state.BlockStateContainer$StateImplementation.func_191058_s()Z @ 5
Event: 49.351 Thread 0x0000000002934800 Uncommon trap: reason=null_check action=none pc=0x0000000002f14708 method=sun.misc.URLClassPath.check(Ljava/net/URL;)V @ 14
Event: 49.367 Thread 0x000000002d30c000 Uncommon trap: reason=bimorphic action=maybe_recompile pc=0x000000000449daa4 method=net.minecraft.block.state.BlockStateContainer$StateImplementation.func_191058_s()Z @ 5

Internal exceptions (10 events):
Event: 49.249 Thread 0x000000002d304800 Exception <a 'java/lang/InterruptedException': sleep interrupted> (0x0000000662ed90b8) thrown at [C:\re\workspace\8-2-build-windows-amd64-cygwin\jdk8u101\7261\hotspot\src\share\vm\prims\jvm.cpp, line 3215]
Event: 49.258 Thread 0x000000002d304800 Exception <a 'java/lang/InterruptedException': sleep interrupted> (0x0000000662ed9360) thrown at [C:\re\workspace\8-2-build-windows-amd64-cygwin\jdk8u101\7261\hotspot\src\share\vm\prims\jvm.cpp, line 3215]
Event: 49.281 Thread 0x000000002d304800 Exception <a 'java/lang/InterruptedException': sleep interrupted> (0x0000000662ed9608) thrown at [C:\re\workspace\8-2-build-windows-amd64-cygwin\jdk8u101\7261\hotspot\src\share\vm\prims\jvm.cpp, line 3215]
Event: 49.300 Thread 0x000000002d304800 Exception <a 'java/lang/InterruptedException': sleep interrupted> (0x0000000662ed98b0) thrown at [C:\re\workspace\8-2-build-windows-amd64-cygwin\jdk8u101\7261\hotspot\src\share\vm\prims\jvm.cpp, line 3215]
Event: 49.314 Thread 0x000000002d304800 Exception <a 'java/lang/InterruptedException': sleep interrupted> (0x0000000662ed9b58) thrown at [C:\re\workspace\8-2-build-windows-amd64-cygwin\jdk8u101\7261\hotspot\src\share\vm\prims\jvm.cpp, line 3215]
Event: 49.335 Thread 0x000000002d304800 Exception <a 'java/lang/InterruptedException': sleep interrupted> (0x0000000662ed9e00) thrown at [C:\re\workspace\8-2-build-windows-amd64-cygwin\jdk8u101\7261\hotspot\src\share\vm\prims\jvm.cpp, line 3215]
Event: 49.352 Thread 0x0000000002934800 Exception <a 'java/io/IOException'> (0x000000065d086b88) thrown at [C:\re\workspace\8-2-build-windows-amd64-cygwin\jdk8u101\7261\hotspot\src\share\vm\prims\jni.cpp, line 709]
Event: 49.353 Thread 0x0000000002934800 Exception <a 'java/io/IOException'> (0x000000065d097448) thrown at [C:\re\workspace\8-2-build-windows-amd64-cygwin\jdk8u101\7261\hotspot\src\share\vm\prims\jni.cpp, line 709]
Event: 49.413 Thread 0x000000002d304800 Exception <a 'java/lang/InterruptedException': sleep interrupted> (0x0000000662eda0a8) thrown at [C:\re\workspace\8-2-build-windows-amd64-cygwin\jdk8u101\7261\hotspot\src\share\vm\prims\jvm.cpp, line 3215]
Event: 49.435 Thread 0x000000002d304800 Exception <a 'java/lang/InterruptedException': sleep interrupted> (0x0000000662eda350) thrown at [C:\re\workspace\8-2-build-windows-amd64-cygwin\jdk8u101\7261\hotspot\src\share\vm\prims\jvm.cpp, line 3215]

Events (10 events):
Event: 49.367 Thread 0x000000002d30c000 DEOPT UNPACKING pc=0x0000000002a7582a sp=0x000000004d87e4e8 mode 2
Event: 49.415 Thread 0x0000000002934800 DEOPT PACKING pc=0x0000000004ad8f74 sp=0x000000000292e040
Event: 49.415 Thread 0x0000000002934800 DEOPT UNPACKING pc=0x0000000002a7747f sp=0x000000000292ddb0 mode 0
Event: 49.417 Executing VM operation: RevokeBias
Event: 49.417 Executing VM operation: RevokeBias done
Event: 49.437 Thread 0x0000000002934800 DEOPT PACKING pc=0x0000000004ad8f74 sp=0x000000000292dff0
Event: 49.437 Thread 0x0000000002934800 DEOPT UNPACKING pc=0x0000000002a7747f sp=0x000000000292dd50 mode 0
Event: 49.437 Executing VM operation: RevokeBias
Event: 49.438 Executing VM operation: RevokeBias done
Event: 49.447 Executing VM operation: G1IncCollectionPause


Dynamic libraries:
0x00007ff7e7b30000 - 0x00007ff7e7b67000 	C:\Program Files\Java\jdk1.8.0_101\jre\bin\java.exe
0x00007ffaa35d0000 - 0x00007ffaa37c5000 	C:\Windows\SYSTEM32\ntdll.dll
0x00007ffaa3180000 - 0x00007ffaa323d000 	C:\Windows\System32\KERNEL32.DLL
0x00007ffaa1130000 - 0x00007ffaa13f8000 	C:\Windows\System32\KERNELBASE.dll
0x00007ffaa34c0000 - 0x00007ffaa356c000 	C:\Windows\System32\ADVAPI32.dll
0x00007ffaa2fc0000 - 0x00007ffaa305e000 	C:\Windows\System32\msvcrt.dll
0x00007ffaa2870000 - 0x00007ffaa290b000 	C:\Windows\System32\sechost.dll
0x00007ffaa3240000 - 0x00007ffaa336b000 	C:\Windows\System32\RPCRT4.dll
0x00007ffaa1910000 - 0x00007ffaa1ab0000 	C:\Windows\System32\USER32.dll
0x00007ffaa1560000 - 0x00007ffaa1582000 	C:\Windows\System32\win32u.dll
0x00007ffaa18e0000 - 0x00007ffaa190a000 	C:\Windows\System32\GDI32.dll
0x00007ffaa0e90000 - 0x00007ffaa0f9b000 	C:\Windows\System32\gdi32full.dll
0x00007ffaa1590000 - 0x00007ffaa162d000 	C:\Windows\System32\msvcp_win.dll
0x00007ffaa0d10000 - 0x00007ffaa0e10000 	C:\Windows\System32\ucrtbase.dll
0x00007ffa8cfc0000 - 0x00007ffa8d25a000 	C:\Windows\WinSxS\amd64_microsoft.windows.common-controls_6595b64144ccf1df_6.0.19041.844_none_ca00b6081b84eb1d\COMCTL32.dll
0x00007ffaa2e00000 - 0x00007ffaa2e30000 	C:\Windows\System32\IMM32.DLL
0x0000000054ea0000 - 0x0000000054f72000 	C:\Program Files\Java\jdk1.8.0_101\jre\bin\msvcr100.dll
0x0000000054600000 - 0x0000000054e9a000 	C:\Program Files\Java\jdk1.8.0_101\jre\bin\server\jvm.dll
0x00007ffaa1870000 - 0x00007ffaa1878000 	C:\Windows\System32\PSAPI.DLL
0x00007ffa8cc80000 - 0x00007ffa8cc89000 	C:\Windows\SYSTEM32\WSOCK32.dll
0x00007ffa91a30000 - 0x00007ffa91a3a000 	C:\Windows\SYSTEM32\VERSION.dll
0x00007ffaa3110000 - 0x00007ffaa317b000 	C:\Windows\System32\WS2_32.dll
0x00007ffa94fd0000 - 0x00007ffa94ff7000 	C:\Windows\SYSTEM32\WINMM.dll
0x00000000552e0000 - 0x00000000552ef000 	C:\Program Files\Java\jdk1.8.0_101\jre\bin\verify.dll
0x0000000054fc0000 - 0x0000000054fe9000 	C:\Program Files\Java\jdk1.8.0_101\jre\bin\java.dll
0x00000000552c0000 - 0x00000000552d6000 	C:\Program Files\Java\jdk1.8.0_101\jre\bin\zip.dll
0x00007ffaa1ab0000 - 0x00007ffaa21f2000 	C:\Windows\System32\SHELL32.dll
0x00007ffa9ee40000 - 0x00007ffa9f5d0000 	C:\Windows\SYSTEM32\windows.storage.dll
0x00007ffaa2910000 - 0x00007ffaa2c65000 	C:\Windows\System32\combase.dll
0x00007ffaa0700000 - 0x00007ffaa072c000 	C:\Windows\SYSTEM32\Wldp.dll
0x00007ffaa2e90000 - 0x00007ffaa2f3e000 	C:\Windows\System32\SHCORE.dll
0x00007ffaa3460000 - 0x00007ffaa34b5000 	C:\Windows\System32\shlwapi.dll
0x00007ffaa0c50000 - 0x00007ffaa0c6f000 	C:\Windows\SYSTEM32\profapi.dll
0x00000000545b0000 - 0x00000000545bd000 	C:\Program Files\Java\jdk1.8.0_101\jre\bin\management.dll
0x00000000545e0000 - 0x00000000545fa000 	C:\Program Files\Java\jdk1.8.0_101\jre\bin\net.dll
0x00007ffaa0420000 - 0x00007ffaa048a000 	C:\Windows\system32\mswsock.dll
0x00007ffa908b0000 - 0x00007ffa908c7000 	C:\Windows\system32\napinsp.dll
0x00007ffa907f0000 - 0x00007ffa9080b000 	C:\Windows\system32\pnrpnsp.dll
0x00007ffa9ba90000 - 0x00007ffa9baa5000 	C:\Windows\system32\wshbth.dll
0x00007ffa98d60000 - 0x00007ffa98d7d000 	C:\Windows\system32\NLAapi.dll
0x00007ffaa0110000 - 0x00007ffaa014b000 	C:\Windows\SYSTEM32\IPHLPAPI.DLL
0x00007ffaa0150000 - 0x00007ffaa021c000 	C:\Windows\SYSTEM32\DNSAPI.dll
0x00007ffaa23f0000 - 0x00007ffaa23f8000 	C:\Windows\System32\NSI.dll
0x00007ffa907b0000 - 0x00007ffa907c2000 	C:\Windows\System32\winrnr.dll
0x0000000057030000 - 0x0000000057056000 	C:\Program Files\Bonjour\mdnsNSP.dll
0x00007ffa96030000 - 0x00007ffa9603a000 	C:\Windows\System32\rasadhlp.dll
0x00007ffa966b0000 - 0x00007ffa9672f000 	C:\Windows\System32\fwpuclnt.dll
0x00007ffaa0e10000 - 0x00007ffaa0e37000 	C:\Windows\System32\bcrypt.dll
0x00000000545c0000 - 0x00000000545d1000 	C:\Program Files\Java\jdk1.8.0_101\jre\bin\nio.dll
0x00007ffa9fa50000 - 0x00007ffa9fa83000 	C:\Windows\SYSTEM32\ntmarta.dll
0x00007ffaa0650000 - 0x00007ffaa0668000 	C:\Windows\SYSTEM32\CRYPTSP.dll
0x00007ffa9fdc0000 - 0x00007ffa9fdf4000 	C:\Windows\system32\rsaenh.dll
0x00007ffaa0c10000 - 0x00007ffaa0c3e000 	C:\Windows\SYSTEM32\USERENV.dll
0x00007ffaa0fa0000 - 0x00007ffaa1020000 	C:\Windows\System32\bcryptprimitives.dll
0x00007ffaa0730000 - 0x00007ffaa073c000 	C:\Windows\SYSTEM32\CRYPTBASE.dll
0x00007ffa988b0000 - 0x00007ffa988c7000 	C:\Windows\SYSTEM32\dhcpcsvc6.DLL
0x00007ffa98af0000 - 0x00007ffa98b0d000 	C:\Windows\SYSTEM32\dhcpcsvc.DLL
0x0000000054290000 - 0x00000000542a7000 	C:\Program Files\Java\jdk1.8.0_101\jre\bin\unpack.dll
0x0000000054580000 - 0x00000000545a4000 	C:\Program Files\Java\jdk1.8.0_101\jre\bin\sunec.dll
0x00000000542e0000 - 0x00000000542eb000 	C:\Program Files\Java\jdk1.8.0_101\jre\bin\sunmscapi.dll
0x00007ffaa1400000 - 0x00007ffaa155f000 	C:\Windows\System32\CRYPT32.dll
0x0000000180000000 - 0x0000000180053000 	C:\Users\Admin\Documents\GitHub\MC_BadAppleDGDH\Minecraft\.minecraft\versions\1.12.2\1.12.2-natives\lwjgl64.dll
0x00007ffa55a70000 - 0x00007ffa55b96000 	C:\Windows\SYSTEM32\OPENGL32.dll
0x00007ffa5ddf0000 - 0x00007ffa5de1c000 	C:\Windows\SYSTEM32\GLU32.dll
0x0000000054310000 - 0x00000000544a8000 	C:\Program Files\Java\jdk1.8.0_101\jre\bin\awt.dll
0x00007ffaa2320000 - 0x00007ffaa23ed000 	C:\Windows\System32\OLEAUT32.dll
0x00007ffa9dd60000 - 0x00007ffa9ddf0000 	C:\Windows\SYSTEM32\apphelp.dll
0x00007ffa9b680000 - 0x00007ffa9b72e000 	C:\Windows\SYSTEM32\mscms.dll
0x00007ffa9b530000 - 0x00007ffa9b541000 	C:\Windows\SYSTEM32\ColorAdapterClient.dll
0x00007ffa9f610000 - 0x00007ffa9f622000 	C:\Windows\SYSTEM32\kernel.appcore.dll
0x00007ffaa3060000 - 0x00007ffaa3109000 	C:\Windows\System32\clbcatq.dll
0x00007ffa7e520000 - 0x00007ffa7e564000 	C:\Windows\System32\Windows.Internal.Graphics.Display.DisplayColorManagement.dll
0x00007ffaa0e40000 - 0x00007ffaa0e8e000 	C:\Windows\System32\cfgmgr32.dll
0x00007ffa9df40000 - 0x00007ffa9dfde000 	C:\Windows\system32\uxtheme.dll
0x00007ffaa2200000 - 0x00007ffaa2315000 	C:\Windows\System32\MSCTF.dll
0x00007ffa68090000 - 0x00007ffa681c8000 	C:\ProgramData\A-Volute\A-Volute.Nahimic\Modules\Scheduled\x64\AudioDevProps2.dll
0x00007ffaa2c70000 - 0x00007ffaa2d9a000 	C:\Windows\System32\ole32.dll
0x00007ffa7ffb0000 - 0x00007ffa800a9000 	C:\Windows\SYSTEM32\textinputframework.dll
0x00007ffa9db30000 - 0x00007ffa9dc22000 	C:\Windows\System32\CoreMessaging.dll
0x00007ffa9d7d0000 - 0x00007ffa9db2e000 	C:\Windows\System32\CoreUIComponents.dll
0x00007ffa9d100000 - 0x00007ffa9d254000 	C:\Windows\SYSTEM32\wintypes.dll
0x00007ffa51a00000 - 0x00007ffa51bed000 	C:\Windows\system32\SogouTSF.ime
0x00007ffa9b550000 - 0x00007ffa9b557000 	C:\Windows\system32\MSIMG32.dll
0x00007ffa50dc0000 - 0x00007ffa51654000 	C:\Windows\system32\SogouPy.ime
0x00007ffa822a0000 - 0x00007ffa82306000 	C:\Windows\SYSTEM32\OLEACC.dll
0x00007ffa96530000 - 0x00007ffa9663b000 	C:\Windows\SYSTEM32\WINHTTP.dll
0x0000000036280000 - 0x000000003639d000 	C:\Program Files (x86)\SogouInput\9.8.0.3746\Resource.dll
0x00007ffa504f0000 - 0x00007ffa5075a000 	C:\Program Files (x86)\SogouInput\Components\PicFace\1.1.0.1879\PicFace64.dll
0x00007ffaa3380000 - 0x00007ffaa345a000 	C:\Windows\System32\COMDLG32.dll
0x00007ffa9e110000 - 0x00007ffa9e13f000 	C:\Windows\SYSTEM32\dwmapi.dll
0x00007ffa7b7a0000 - 0x00007ffa7b84c000 	C:\Windows\SYSTEM32\TextShaping.dll
0x00007ffa74750000 - 0x00007ffa7478a000 	C:\Windows\system32\msctfp.dll
0x00007ffa98d80000 - 0x00007ffa98e79000 	C:\Windows\System32\AppXDeploymentClient.dll
0x00007ffa7e980000 - 0x00007ffa7e9aa000 	C:\Windows\System32\DriverStore\FileRepository\u0358839.inf_amd64_4febe8b5febaf786\B358480\atig6pxx.dll
0x00007ffa2cb80000 - 0x00007ffa2f867000 	C:\Windows\System32\DriverStore\FileRepository\u0358839.inf_amd64_4febe8b5febaf786\B358480\atio6axx.dll
0x00007ffa8ccc0000 - 0x00007ffa8cce4000 	C:\Windows\SYSTEM32\dxva2.dll
0x000000003aa10000 - 0x000000003ae79000 	C:\Windows\System32\SETUPAPI.dll
0x00007ffa7b900000 - 0x00007ffa7b93c000 	C:\Windows\System32\DriverStore\FileRepository\u0358839.inf_amd64_4febe8b5febaf786\B358480\atig6txx.dll
0x00007ffa81ef0000 - 0x00007ffa820a9000 	C:\Windows\SYSTEM32\atiadlxx.dll
0x00007ffa9c1a0000 - 0x00007ffa9c297000 	C:\Windows\SYSTEM32\PROPSYS.dll
0x00007ffaa0a50000 - 0x00007ffaa0a7c000 	C:\Windows\SYSTEM32\DEVOBJ.dll
0x00007ffaa1020000 - 0x00007ffaa1080000 	C:\Windows\System32\WINTRUST.dll
0x00007ffaa0890000 - 0x00007ffaa08a2000 	C:\Windows\SYSTEM32\MSASN1.dll
0x00007ffa7c4a0000 - 0x00007ffa7c4db000 	C:\Windows\SYSTEM32\dxcore.dll
0x00007ffa6c580000 - 0x00007ffa6c5c3000 	C:\Windows\SYSTEM32\icm32.dll
0x00007ffa6fd90000 - 0x00007ffa6fdd2000 	C:\Users\Admin\AppData\Local\Temp\jna-63116079\jna5698088951974168158.dll
0x0000000045330000 - 0x0000000045394000 	C:\Users\Admin\Documents\GitHub\MC_BadAppleDGDH\Minecraft\.minecraft\versions\1.12.2\1.12.2-natives\OpenAL64.dll
0x00007ffa9a420000 - 0x00007ffa9a4a5000 	C:\Windows\System32\MMDevApi.dll
0x00007ffa9a550000 - 0x00007ffa9a6d1000 	C:\Windows\SYSTEM32\AudioSes.dll
0x00007ffaa0ad0000 - 0x00007ffaa0b1b000 	C:\Windows\SYSTEM32\powrprof.dll
0x00007ffaa0ab0000 - 0x00007ffaa0ac2000 	C:\Windows\SYSTEM32\UMPDC.dll
0x00007ffa807a0000 - 0x00007ffa80805000 	C:\ProgramData\A-Volute\A-Volute.Nahimic\Modules\Scheduled\x64\ProductInfo.dll
0x00007ffa7ba10000 - 0x00007ffa7ba53000 	C:\ProgramData\A-Volute\A-Volute.Nahimic\Modules\Scheduled\x64\ASM.Plugin.AudioDevProps2.dll
0x00007ffa64750000 - 0x00007ffa647ec000 	C:\Windows\SYSTEM32\dsound.dll
0x00007ffa905f0000 - 0x00007ffa90616000 	C:\Windows\SYSTEM32\winmmbase.dll
0x00007ffa9e020000 - 0x00007ffa9e034000 	C:\Windows\SYSTEM32\resourcepolicyclient.dll
0x00007ffa6d090000 - 0x00007ffa6d0aa000 	C:\Users\Admin\Documents\GitHub\MC_BadAppleDGDH\Minecraft\.minecraft\versions\1.12.2\1.12.2-natives\SAPIWrapper_x64.dll

VM Arguments:
jvm_args: -Dminecraft.client.jar=.minecraft\versions\1.12.2\1.12.2.jar -XX:+UnlockExperimentalVMOptions -XX:+UseG1GC -XX:G1NewSizePercent=20 -XX:G1ReservePercent=20 -XX:MaxGCPauseMillis=50 -XX:G1HeapRegionSize=16M -XX:-UseAdaptiveSizePolicy -XX:-OmitStackTraceInFastThrow -Xmn128m -Xmx8192m -Dfml.ignoreInvalidMinecraftCertificates=true -Dfml.ignorePatchDiscrepancies=true -XX:HeapDumpPath=MojangTricksIntelDriversForPerformance_javaw.exe_minecraft.exe.heapdump -Djava.library.path=C:\Users\Admin\Documents\GitHub\MC_BadAppleDGDH\Minecraft\.minecraft\versions\1.12.2\1.12.2-natives -Dminecraft.launcher.brand=HMCL -Dminecraft.launcher.version=3.2.149 
java_command: net.minecraft.launchwrapper.Launch --username RGB YES --version HMCL 3.2.149 --gameDir C:\Users\Admin\Documents\GitHub\MC_BadAppleDGDH\Minecraft\.minecraft --assetsDir C:\Users\Admin\Documents\GitHub\MC_BadAppleDGDH\Minecraft\.minecraft\assets --assetIndex 1.12 --uuid 5ba9d456d585308d92d937faf6fba01b --accessToken 8531e91dc97740de989c9b09639c5408 --userType mojang --tweakClass net.minecraftforge.fml.common.launcher.FMLTweaker --versionType Forge
java_class_path (initial): C:\Users\Admin\Documents\GitHub\MC_BadAppleDGDH\Minecraft\.minecraft\libraries\net\minecraftforge\forge\1.12.2-14.23.5.2779\forge-1.12.2-14.23.5.2779.jar;C:\Users\Admin\Documents\GitHub\MC_BadAppleDGDH\Minecraft\.minecraft\libraries\net\minecraft\launchwrapper\1.12\launchwrapper-1.12.jar;C:\Users\Admin\Documents\GitHub\MC_BadAppleDGDH\Minecraft\.minecraft\libraries\org\ow2\asm\asm-all\5.2\asm-all-5.2.jar;C:\Users\Admin\Documents\GitHub\MC_BadAppleDGDH\Minecraft\.minecraft\libraries\org\jline\jline\3.5.1\jline-3.5.1.jar;C:\Users\Admin\Documents\GitHub\MC_BadAppleDGDH\Minecraft\.minecraft\libraries\net\java\dev\jna\jna\4.4.0\jna-4.4.0.jar;C:\Users\Admin\Documents\GitHub\MC_BadAppleDGDH\Minecraft\.minecraft\libraries\com\typesafe\akka\akka-actor_2.11\2.3.3\akka-actor_2.11-2.3.3.jar;C:\Users\Admin\Documents\GitHub\MC_BadAppleDGDH\Minecraft\.minecraft\libraries\com\typesafe\config\1.2.1\config-1.2.1.jar;C:\Users\Admin\Documents\GitHub\MC_BadAppleDGDH\Minecraft\.minecraft\libraries\org\scala-lang\scala-actors-migration_2.11\1.1.0\scala-actors-migration_2.11-1.1.0.jar;C:\Users\Admin\Documents\GitHub\MC_BadAppleDGDH\Minecraft\.minecraft\libraries\org\scala-lang\scala-compiler\2.11.1\scala-compiler-2.11.1.jar;C:\Users\Admin\Documents\GitHub\MC_BadAppleDGDH\Minecraft\.minecraft\libraries\org\scala-lang\plugins\scala-continuations-library_2.11\1.0.2\scala-continuations-library_2.11-1.0.2.jar;C:\Users\Admin\Documents\GitHub\MC_BadAppleDGDH\Minecraft\.minecraft\libraries\org\scala-lang\plugins\scala-continuations-plugin_2.11.1\1.0.2\scala-continuations-plugin_2.11.1-1.0.2.jar;C:\Users\Admin\Documents\GitHub\MC_BadAppleDGDH\Minecraft\.minecraft\libraries\org\scala-lang\scala-library\2.11.1\scala-library-2.11.1.jar;C:\Users\Admin\Documents\GitHub\MC_BadAppleDGDH\Minecraft\.minecraft\libraries\org\scala-lang\scala-parser-combinators_2.11\1.0.1\scala-parser-combinators_2.11-1.0.1.jar;C:\Users\Admin\Documents\GitHub\MC_BadAppleDGDH\Minecraft\.minecraft\li
Launcher Type: SUN_STANDARD

Environment Variables:
PATH=C:\Program Files (x86)\Common Files\Oracle\Java\javapath;C:\ProgramData\Oracle\Java\javapath;C:\Windows\system32;C:\Windows;C:\Windows\System32\Wbem;C:\Windows\System32\WindowsPowerShell\v1.0\;C:\Windows\System32\OpenSSH\;C:\Program Files\Git\cmd;D:\Program Files\PuTTY\;D:\FFMPEG\bin;C:\Users\Admin\AppData\Local\Programs\Python\Python37\Scripts\;C:\Users\Admin\AppData\Local\Programs\Python\Python37\;C:\Users\Admin\AppData\Local\Microsoft\WindowsApps;C:\Program Files\Bandizip\;C:\Program Files\JetBrains\PyCharm Community Edition 2020.2\bin;;C:\Users\Admin\AppData\Local\GitHubDesktop\bin;C:\Program Files\JetBrains\PyCharm 2020.3.3\bin;;C:\Program Files\JetBrains\IntelliJ IDEA 2020.3.2\bin;;D:\Program Files\JetBrains\WebStorm 2020.3.2\bin;;C:\Users\Admin\AppData\Local\Google\Cloud SDK\google-cloud-sdk\bin
USERNAME=Admin
OS=Windows_NT
PROCESSOR_IDENTIFIER=AMD64 Family 23 Model 96 Stepping 1, AuthenticAMD



---------------  S Y S T E M  ---------------

OS: Windows 10.0 , 64 bit Build 19041 (10.0.19041.928)

CPU:total 8 (8 cores per cpu, 1 threads per core) family 23 model 96 stepping 1, cmov, cx8, fxsr, mmx, sse, sse2, sse3, ssse3, sse4.1, sse4.2, popcnt, avx, avx2, aes, clmul, mmxext, 3dnowpref, lzcnt, sse4a, tsc, tscinvbit, tscinv, bmi1

Memory: 4k page, physical 16119096k(2007344k free), swap 31846404k(1145348k free)

vm_info: Java HotSpot(TM) 64-Bit Server VM (25.101-b13) for windows-amd64 JRE (1.8.0_101-b13), built on Jun 22 2016 01:21:29 by "java_re" with MS VC++ 10.0 (VS2010)

time: Mon May 31 15:00:02 2021
elapsed time: 49 seconds (0d 0h 0m 49s)

