#
# There is insufficient memory for the Java Runtime Environment to continue.
# Native memory allocation (mmap) failed to map 268435456 bytes for Failed to commit area from 0x0000000770000000 to 0x0000000780000000 of length 268435456.
# Possible reasons:
#   The system is out of physical RAM or swap space
#   In 32 bit mode, the process size limit was hit
# Possible solutions:
#   Reduce memory load on the system
#   Increase physical memory or swap space
#   Check if swap backing store is full
#   Use 64 bit Java on a 64 bit OS
#   Decrease Java heap size (-Xmx/-Xms)
#   Decrease number of Java threads
#   Decrease Java thread stack sizes (-Xss)
#   Set larger code cache with -XX:ReservedCodeCacheSize=
# This output file may be truncated or incomplete.
#
#  Out of Memory Error (os_windows.cpp:3332), pid=9776, tid=0x0000000000000440
#
# JRE version: Java(TM) SE Runtime Environment (8.0_101-b13) (build 1.8.0_101-b13)
# Java VM: Java HotSpot(TM) 64-Bit Server VM (25.101-b13 mixed mode windows-amd64 compressed oops)
# Failed to write core dump. Minidumps are not enabled by default on client versions of Windows
#

---------------  T H R E A D  ---------------

Current thread (0x000000002c0fd000):  VMThread [stack: 0x000000002c150000,0x000000002c250000] [id=1088]

Stack: [0x000000002c150000,0x000000002c250000]
[error occurred during error reporting (printing stack bounds), id 0xc0000005]

Native frames: (J=compiled Java code, j=interpreted, Vv=VM code, C=native code)

VM_Operation (0x000000004a37e7a0): G1IncCollectionPause, mode: safepoint, requested by thread 0x0000000030fd1000


---------------  P R O C E S S  ---------------

Java Threads: ( => current thread )
  0x000000003329e000 JavaThread "pool-3-thread-1" [_thread_blocked, id=13396, stack(0x000000007ebe0000,0x000000007ece0000)]
  0x0000000030fd5000 JavaThread "Chunk Batcher 7" daemon [_thread_blocked, id=16172, stack(0x000000004a680000,0x000000004a780000)]
  0x0000000030fd3800 JavaThread "Chunk Batcher 6" daemon [_thread_blocked, id=15032, stack(0x000000004a580000,0x000000004a680000)]
  0x0000000030fd2000 JavaThread "Chunk Batcher 5" daemon [_thread_blocked, id=28604, stack(0x000000004a480000,0x000000004a580000)]
  0x0000000030fd4000 JavaThread "Chunk Batcher 4" daemon [_thread_blocked, id=14168, stack(0x000000004a380000,0x000000004a480000)]
  0x0000000030fd1000 JavaThread "Chunk Batcher 3" daemon [_thread_blocked, id=9736, stack(0x000000004a280000,0x000000004a380000)]
  0x0000000030fd2800 JavaThread "Chunk Batcher 2" daemon [_thread_blocked, id=29880, stack(0x000000004a180000,0x000000004a280000)]
  0x0000000030fd0800 JavaThread "Chunk Batcher 1" daemon [_thread_blocked, id=13068, stack(0x000000004a080000,0x000000004a180000)]
  0x0000000030fcf000 JavaThread "Chunk Batcher 0" daemon [_thread_blocked, id=24508, stack(0x0000000049e60000,0x0000000049f60000)]
  0x0000000030fc7800 JavaThread "Chunk I/O Executor Thread-1" daemon [_thread_blocked, id=22140, stack(0x0000000049f80000,0x000000004a080000)]
  0x0000000030fce000 JavaThread "Netty Server IO #1" daemon [_thread_in_native, id=16344, stack(0x0000000049b60000,0x0000000049c60000)]
  0x0000000030fc6800 JavaThread "Netty Local Client IO #0" daemon [_thread_blocked, id=2296, stack(0x0000000049a60000,0x0000000049b60000)]
  0x0000000030fcd800 JavaThread "Keep-Alive-Timer" daemon [_thread_blocked, id=24092, stack(0x0000000049960000,0x0000000049a60000)]
  0x0000000030fcc800 JavaThread "Netty Server IO #0" daemon [_thread_in_native, id=24076, stack(0x0000000049860000,0x0000000049960000)]
  0x0000000030fcb000 JavaThread "File IO Thread" [_thread_blocked, id=14388, stack(0x0000000040080000,0x0000000040180000)]
  0x0000000030fc8000 JavaThread "Server thread" [_thread_blocked, id=28660, stack(0x0000000043bb0000,0x0000000043cb0000)]
  0x0000000030fc9000 JavaThread "Snooper Timer" daemon [_thread_in_native, id=21664, stack(0x000000003b310000,0x000000003b410000)]
  0x0000000030fca800 JavaThread "Narrator" daemon [_thread_blocked, id=2740, stack(0x000000003ace0000,0x000000003ade0000)]
  0x000000003329f000 JavaThread "Thread-11" [_thread_blocked, id=10756, stack(0x0000000044fa0000,0x00000000450a0000)]
  0x000000003329b000 JavaThread "Thread-10" [_thread_blocked, id=24224, stack(0x00000000436b0000,0x00000000437b0000)]
  0x00000000307be800 JavaThread "LWJGL Timer" daemon [_thread_blocked, id=17500, stack(0x000000003ae10000,0x000000003af10000)]
  0x0000000030747000 JavaThread "Java2D Disposer" daemon [_thread_blocked, id=28116, stack(0x0000000034300000,0x0000000034400000)]
  0x0000000032243000 JavaThread "Timer hack thread" daemon [_thread_blocked, id=13976, stack(0x0000000032680000,0x0000000032780000)]
  0x0000000031a84000 JavaThread "Snooper Timer" daemon [_thread_blocked, id=3900, stack(0x0000000032780000,0x0000000032880000)]
  0x000000002cced000 JavaThread "Service Thread" daemon [_thread_blocked, id=11872, stack(0x000000002d060000,0x000000002d160000)]
  0x000000002c146000 JavaThread "C1 CompilerThread3" daemon [_thread_blocked, id=26788, stack(0x000000002cb60000,0x000000002cc60000)]
  0x000000002c141800 JavaThread "C2 CompilerThread2" daemon [_thread_blocked, id=28600, stack(0x000000002ca60000,0x000000002cb60000)]
  0x000000002c140000 JavaThread "C2 CompilerThread1" daemon [_thread_in_native, id=18620, stack(0x000000002c860000,0x000000002c960000)]
  0x000000002c13e000 JavaThread "C2 CompilerThread0" daemon [_thread_blocked, id=9852, stack(0x000000002c760000,0x000000002c860000)]
  0x000000002c132000 JavaThread "Attach Listener" daemon [_thread_blocked, id=3880, stack(0x000000002c660000,0x000000002c760000)]
  0x000000002c131000 JavaThread "Signal Dispatcher" daemon [_thread_blocked, id=11956, stack(0x000000002c560000,0x000000002c660000)]
  0x000000002c13d000 JavaThread "Surrogate Locker Thread (Concurrent GC)" daemon [_thread_blocked, id=24580, stack(0x000000002c460000,0x000000002c560000)]
  0x000000002c10b000 JavaThread "Finalizer" daemon [_thread_blocked, id=23576, stack(0x000000002c350000,0x000000002c450000)]
  0x000000002c105000 JavaThread "Reference Handler" daemon [_thread_blocked, id=23996, stack(0x000000002c250000,0x000000002c350000)]
  0x0000000002ad4800 JavaThread "Client thread" [_thread_blocked, id=9668, stack(0x00000000029d0000,0x0000000002ad0000)]

Other Threads:
=>0x000000002c0fd000 VMThread [stack: 0x000000002c150000,0x000000002c250000] [id=1088]
  0x000000002cd58800 WatcherThread [stack: 0x000000002d160000,0x000000002d260000] [id=22136]

VM state:at safepoint (normal execution)

VM Mutex/Monitor currently owned by a thread:  ([mutex/lock_event])
[0x0000000002ad2660] Threads_lock - owner thread: 0x000000002c0fd000
[0x0000000002ad25e0] Heap_lock - owner thread: 0x0000000030fd1000

Heap:
 garbage-first heap   total 7340032K, used 528441K [0x00000005c0000000, 0x00000005c1000e00, 0x00000007c0000000)
  region size 16384K, 1 young (16384K), 1 survivors (16384K)
 Metaspace       used 60602K, capacity 61809K, committed 62076K, reserved 1103872K
  class space    used 7680K, capacity 7975K, committed 8064K, reserved 1048576K

Heap Regions: (Y=young(eden), SU=young(survivor), HS=humongous(starts), HC=humongous(continues), CS=collection set, F=free, TS=gc time stamp, PTAMS=previous top-at-mark-start, NTAMS=next top-at-mark-start)
AC   0  O    TS     0 PTAMS 0x00000005c0ffff98 NTAMS 0x00000005c0ffff98 space 16384K,  99% used [0x00000005c0000000, 0x00000005c1000000)
AC   0  O    TS     0 PTAMS 0x00000005c2000000 NTAMS 0x00000005c2000000 space 16384K, 100% used [0x00000005c1000000, 0x00000005c2000000)
AC   0 HS    TS     0 PTAMS 0x00000005c2a00010 NTAMS 0x00000005c2a00010 space 16384K,  62% used [0x00000005c2000000, 0x00000005c3000000)
AC   0  O    TS     0 PTAMS 0x00000005c3ffff80 NTAMS 0x00000005c3ffff80 space 16384K,  99% used [0x00000005c3000000, 0x00000005c4000000)
AC   0  O    TS     0 PTAMS 0x00000005c4fffff8 NTAMS 0x00000005c4fffff8 space 16384K,  99% used [0x00000005c4000000, 0x00000005c5000000)
AC   0  O    TS     0 PTAMS 0x00000005c5fffff8 NTAMS 0x00000005c5fffff8 space 16384K,  99% used [0x00000005c5000000, 0x00000005c6000000)
AC   0  O    TS     0 PTAMS 0x00000005c6ffeb58 NTAMS 0x00000005c6ffeb58 space 16384K,  99% used [0x00000005c6000000, 0x00000005c7000000)
AC   0  O    TS     0 PTAMS 0x00000005c7ffffe8 NTAMS 0x00000005c7ffffe8 space 16384K,  99% used [0x00000005c7000000, 0x00000005c8000000)
AC   0  O    TS     0 PTAMS 0x00000005c8fffca8 NTAMS 0x00000005c8fffca8 space 16384K,  99% used [0x00000005c8000000, 0x00000005c9000000)
AC   0  O    TS     0 PTAMS 0x00000005c9fffff8 NTAMS 0x00000005c9fffff8 space 16384K,  99% used [0x00000005c9000000, 0x00000005ca000000)
AC   0  O    TS     0 PTAMS 0x00000005caffff60 NTAMS 0x00000005caffff60 space 16384K,  99% used [0x00000005ca000000, 0x00000005cb000000)
AC   0  O    TS     0 PTAMS 0x00000005cbffff88 NTAMS 0x00000005cbffff88 space 16384K,  99% used [0x00000005cb000000, 0x00000005cc000000)
AC   0  O    TS     0 PTAMS 0x00000005ccfffff0 NTAMS 0x00000005ccfffff0 space 16384K,  99% used [0x00000005cc000000, 0x00000005cd000000)
AC   0  O    TS     0 PTAMS 0x00000005cdfff2b0 NTAMS 0x00000005cdfff2b0 space 16384K,  99% used [0x00000005cd000000, 0x00000005ce000000)
AC   0  O    TS     0 PTAMS 0x00000005cefffff8 NTAMS 0x00000005cefffff8 space 16384K,  99% used [0x00000005ce000000, 0x00000005cf000000)
AC   0  O    TS     0 PTAMS 0x00000005cffffff8 NTAMS 0x00000005cffffff8 space 16384K,  99% used [0x00000005cf000000, 0x00000005d0000000)
AC   0  O    TS     0 PTAMS 0x00000005d1000000 NTAMS 0x00000005d1000000 space 16384K, 100% used [0x00000005d0000000, 0x00000005d1000000)
AC   0  O    TS     0 PTAMS 0x00000005d1fff8e8 NTAMS 0x00000005d1fff8e8 space 16384K,  99% used [0x00000005d1000000, 0x00000005d2000000)
AC   0  O    TS     0 PTAMS 0x00000005d2cacec8 NTAMS 0x00000005d2cacec8 space 16384K,  79% used [0x00000005d2000000, 0x00000005d3000000)
AC   0  O    TS     3 PTAMS 0x00000005d3000000 NTAMS 0x00000005d3000000 space 16384K, 100% used [0x00000005d3000000, 0x00000005d4000000)
AC   0  O    TS     3 PTAMS 0x00000005d4000000 NTAMS 0x00000005d4000000 space 16384K, 100% used [0x00000005d4000000, 0x00000005d5000000)
AC   0  O    TS     5 PTAMS 0x00000005d5000000 NTAMS 0x00000005d5000000 space 16384K, 100% used [0x00000005d5000000, 0x00000005d6000000)
AC   0  O    TS     5 PTAMS 0x00000005d6000000 NTAMS 0x00000005d6000000 space 16384K, 100% used [0x00000005d6000000, 0x00000005d7000000)
AC   0  O    TS     7 PTAMS 0x00000005d7000000 NTAMS 0x00000005d7000000 space 16384K, 100% used [0x00000005d7000000, 0x00000005d8000000)
AC   0  O    TS    15 PTAMS 0x00000005d8000000 NTAMS 0x00000005d8000000 space 16384K,  37% used [0x00000005d8000000, 0x00000005d9000000)
AC   0  O    TS     1 PTAMS 0x00000005d9000000 NTAMS 0x00000005d9000000 space 16384K, 100% used [0x00000005d9000000, 0x00000005da000000)
AC   0  O    TS     1 PTAMS 0x00000005da000000 NTAMS 0x00000005da000000 space 16384K, 100% used [0x00000005da000000, 0x00000005db000000)
AC   0  O    TS     0 PTAMS 0x00000005dc000000 NTAMS 0x00000005dc000000 space 16384K, 100% used [0x00000005db000000, 0x00000005dc000000)
AC   0  O    TS     0 PTAMS 0x00000005dd000000 NTAMS 0x00000005dd000000 space 16384K, 100% used [0x00000005dc000000, 0x00000005dd000000)
AC   0  O    TS     0 PTAMS 0x00000005de000000 NTAMS 0x00000005de000000 space 16384K, 100% used [0x00000005dd000000, 0x00000005de000000)
AC   0  O    TS     1 PTAMS 0x00000005def73400 NTAMS 0x00000005def73400 space 16384K, 100% used [0x00000005de000000, 0x00000005df000000)
AC   0  O    TS     1 PTAMS 0x00000005df000000 NTAMS 0x00000005df000000 space 16384K, 100% used [0x00000005df000000, 0x00000005e0000000)
AC   0  O    TS     3 PTAMS 0x00000005e0000000 NTAMS 0x00000005e0000000 space 16384K, 100% used [0x00000005e0000000, 0x00000005e1000000)
AC   0  F    TS     0 PTAMS 0x00000005e1000000 NTAMS 0x00000005e1000000 space 16384K,   0% used [0x00000005e1000000, 0x00000005e2000000)
AC   0  F    TS     0 PTAMS 0x00000005e2000000 NTAMS 0x00000005e2000000 space 16384K,   0% used [0x00000005e2000000, 0x00000005e3000000)
AC   0  F    TS     0 PTAMS 0x00000005e3000000 NTAMS 0x00000005e3000000 space 16384K,   0% used [0x00000005e3000000, 0x00000005e4000000)
AC   0  F    TS     0 PTAMS 0x00000005e4000000 NTAMS 0x00000005e4000000 space 16384K,   0% used [0x00000005e4000000, 0x00000005e5000000)
AC   0  F    TS     0 PTAMS 0x00000005e5000000 NTAMS 0x00000005e5000000 space 16384K,   0% used [0x00000005e5000000, 0x00000005e6000000)
AC   0  F    TS     0 PTAMS 0x00000005e6000000 NTAMS 0x00000005e6000000 space 16384K,   0% used [0x00000005e6000000, 0x00000005e7000000)
AC   0  F    TS     0 PTAMS 0x00000005e7000000 NTAMS 0x00000005e7000000 space 16384K,   0% used [0x00000005e7000000, 0x00000005e8000000)
AC   0  F    TS     0 PTAMS 0x00000005e8000000 NTAMS 0x00000005e8000000 space 16384K,   0% used [0x00000005e8000000, 0x00000005e9000000)
AC   0  F    TS     0 PTAMS 0x00000005e9000000 NTAMS 0x00000005e9000000 space 16384K,   0% used [0x00000005e9000000, 0x00000005ea000000)
AC   0  F    TS     0 PTAMS 0x00000005ea000000 NTAMS 0x00000005ea000000 space 16384K,   0% used [0x00000005ea000000, 0x00000005eb000000)
AC   0  F    TS     0 PTAMS 0x00000005eb000000 NTAMS 0x00000005eb000000 space 16384K,   0% used [0x00000005eb000000, 0x00000005ec000000)
AC   0  F    TS     0 PTAMS 0x00000005ec000000 NTAMS 0x00000005ec000000 space 16384K,   0% used [0x00000005ec000000, 0x00000005ed000000)
AC   0  F    TS     0 PTAMS 0x00000005ed000000 NTAMS 0x00000005ed000000 space 16384K,   0% used [0x00000005ed000000, 0x00000005ee000000)
AC   0  F    TS     0 PTAMS 0x00000005ee000000 NTAMS 0x00000005ee000000 space 16384K,   0% used [0x00000005ee000000, 0x00000005ef000000)
AC   0  F    TS     0 PTAMS 0x00000005ef000000 NTAMS 0x00000005ef000000 space 16384K,   0% used [0x00000005ef000000, 0x00000005f0000000)
AC   0  F    TS     0 PTAMS 0x00000005f0000000 NTAMS 0x00000005f0000000 space 16384K,   0% used [0x00000005f0000000, 0x00000005f1000000)
AC   0  F    TS     0 PTAMS 0x00000005f1000000 NTAMS 0x00000005f1000000 space 16384K,   0% used [0x00000005f1000000, 0x00000005f2000000)
AC   0  F    TS     0 PTAMS 0x00000005f2000000 NTAMS 0x00000005f2000000 space 16384K,   0% used [0x00000005f2000000, 0x00000005f3000000)
AC   0  F    TS     0 PTAMS 0x00000005f3000000 NTAMS 0x00000005f3000000 space 16384K,   0% used [0x00000005f3000000, 0x00000005f4000000)
AC   0  F    TS     0 PTAMS 0x00000005f4000000 NTAMS 0x00000005f4000000 space 16384K,   0% used [0x00000005f4000000, 0x00000005f5000000)
AC   0  F    TS     0 PTAMS 0x00000005f5000000 NTAMS 0x00000005f5000000 space 16384K,   0% used [0x00000005f5000000, 0x00000005f6000000)
AC   0  F    TS     0 PTAMS 0x00000005f6000000 NTAMS 0x00000005f6000000 space 16384K,   0% used [0x00000005f6000000, 0x00000005f7000000)
AC   0  F    TS     0 PTAMS 0x00000005f7000000 NTAMS 0x00000005f7000000 space 16384K,   0% used [0x00000005f7000000, 0x00000005f8000000)
AC   0  F    TS     0 PTAMS 0x00000005f8000000 NTAMS 0x00000005f8000000 space 16384K,   0% used [0x00000005f8000000, 0x00000005f9000000)
AC   0  F    TS     0 PTAMS 0x00000005f9000000 NTAMS 0x00000005f9000000 space 16384K,   0% used [0x00000005f9000000, 0x00000005fa000000)
AC   0  F    TS     0 PTAMS 0x00000005fa000000 NTAMS 0x00000005fa000000 space 16384K,   0% used [0x00000005fa000000, 0x00000005fb000000)
AC   0  F    TS     0 PTAMS 0x00000005fb000000 NTAMS 0x00000005fb000000 space 16384K,   0% used [0x00000005fb000000, 0x00000005fc000000)
AC   0  F    TS     0 PTAMS 0x00000005fc000000 NTAMS 0x00000005fc000000 space 16384K,   0% used [0x00000005fc000000, 0x00000005fd000000)
AC   0  F    TS     0 PTAMS 0x00000005fd000000 NTAMS 0x00000005fd000000 space 16384K,   0% used [0x00000005fd000000, 0x00000005fe000000)
AC   0  F    TS     0 PTAMS 0x00000005fe000000 NTAMS 0x00000005fe000000 space 16384K,   0% used [0x00000005fe000000, 0x00000005ff000000)
AC   0  F    TS     0 PTAMS 0x00000005ff000000 NTAMS 0x00000005ff000000 space 16384K,   0% used [0x00000005ff000000, 0x0000000600000000)
AC   0  F    TS     0 PTAMS 0x0000000600000000 NTAMS 0x0000000600000000 space 16384K,   0% used [0x0000000600000000, 0x0000000601000000)
AC   0  F    TS     0 PTAMS 0x0000000601000000 NTAMS 0x0000000601000000 space 16384K,   0% used [0x0000000601000000, 0x0000000602000000)
AC   0  F    TS     0 PTAMS 0x0000000602000000 NTAMS 0x0000000602000000 space 16384K,   0% used [0x0000000602000000, 0x0000000603000000)
AC   0  F    TS     0 PTAMS 0x0000000603000000 NTAMS 0x0000000603000000 space 16384K,   0% used [0x0000000603000000, 0x0000000604000000)
AC   0  F    TS     0 PTAMS 0x0000000604000000 NTAMS 0x0000000604000000 space 16384K,   0% used [0x0000000604000000, 0x0000000605000000)
AC   0  F    TS     0 PTAMS 0x0000000605000000 NTAMS 0x0000000605000000 space 16384K,   0% used [0x0000000605000000, 0x0000000606000000)
AC   0  F    TS     0 PTAMS 0x0000000606000000 NTAMS 0x0000000606000000 space 16384K,   0% used [0x0000000606000000, 0x0000000607000000)
AC   0  F    TS     0 PTAMS 0x0000000607000000 NTAMS 0x0000000607000000 space 16384K,   0% used [0x0000000607000000, 0x0000000608000000)
AC   0  F    TS     0 PTAMS 0x0000000608000000 NTAMS 0x0000000608000000 space 16384K,   0% used [0x0000000608000000, 0x0000000609000000)
AC   0  F    TS     0 PTAMS 0x0000000609000000 NTAMS 0x0000000609000000 space 16384K,   0% used [0x0000000609000000, 0x000000060a000000)
AC   0  F    TS     0 PTAMS 0x000000060a000000 NTAMS 0x000000060a000000 space 16384K,   0% used [0x000000060a000000, 0x000000060b000000)
AC   0  F    TS     0 PTAMS 0x000000060b000000 NTAMS 0x000000060b000000 space 16384K,   0% used [0x000000060b000000, 0x000000060c000000)
AC   0  F    TS     0 PTAMS 0x000000060c000000 NTAMS 0x000000060c000000 space 16384K,   0% used [0x000000060c000000, 0x000000060d000000)
AC   0  F    TS     0 PTAMS 0x000000060d000000 NTAMS 0x000000060d000000 space 16384K,   0% used [0x000000060d000000, 0x000000060e000000)
AC   0  F    TS     0 PTAMS 0x000000060e000000 NTAMS 0x000000060e000000 space 16384K,   0% used [0x000000060e000000, 0x000000060f000000)
AC   0  F    TS     0 PTAMS 0x000000060f000000 NTAMS 0x000000060f000000 space 16384K,   0% used [0x000000060f000000, 0x0000000610000000)
AC   0  F    TS     0 PTAMS 0x0000000610000000 NTAMS 0x0000000610000000 space 16384K,   0% used [0x0000000610000000, 0x0000000611000000)
AC   0  F    TS     0 PTAMS 0x0000000611000000 NTAMS 0x0000000611000000 space 16384K,   0% used [0x0000000611000000, 0x0000000612000000)
AC   0  F    TS     0 PTAMS 0x0000000612000000 NTAMS 0x0000000612000000 space 16384K,   0% used [0x0000000612000000, 0x0000000613000000)
AC   0  F    TS     0 PTAMS 0x0000000613000000 NTAMS 0x0000000613000000 space 16384K,   0% used [0x0000000613000000, 0x0000000614000000)
AC   0  F    TS     0 PTAMS 0x0000000614000000 NTAMS 0x0000000614000000 space 16384K,   0% used [0x0000000614000000, 0x0000000615000000)
AC   0  F    TS     0 PTAMS 0x0000000615000000 NTAMS 0x0000000615000000 space 16384K,   0% used [0x0000000615000000, 0x0000000616000000)
AC   0  F    TS     0 PTAMS 0x0000000616000000 NTAMS 0x0000000616000000 space 16384K,   0% used [0x0000000616000000, 0x0000000617000000)
AC   0  F    TS     0 PTAMS 0x0000000617000000 NTAMS 0x0000000617000000 space 16384K,   0% used [0x0000000617000000, 0x0000000618000000)
AC   0  F    TS     0 PTAMS 0x0000000618000000 NTAMS 0x0000000618000000 space 16384K,   0% used [0x0000000618000000, 0x0000000619000000)
AC   0  F    TS     0 PTAMS 0x0000000619000000 NTAMS 0x0000000619000000 space 16384K,   0% used [0x0000000619000000, 0x000000061a000000)
AC   0  F    TS     0 PTAMS 0x000000061a000000 NTAMS 0x000000061a000000 space 16384K,   0% used [0x000000061a000000, 0x000000061b000000)
AC   0  F    TS     0 PTAMS 0x000000061b000000 NTAMS 0x000000061b000000 space 16384K,   0% used [0x000000061b000000, 0x000000061c000000)
AC   0  F    TS     0 PTAMS 0x000000061c000000 NTAMS 0x000000061c000000 space 16384K,   0% used [0x000000061c000000, 0x000000061d000000)
AC   0  F    TS     0 PTAMS 0x000000061d000000 NTAMS 0x000000061d000000 space 16384K,   0% used [0x000000061d000000, 0x000000061e000000)
AC   0  F    TS     0 PTAMS 0x000000061e000000 NTAMS 0x000000061e000000 space 16384K,   0% used [0x000000061e000000, 0x000000061f000000)
AC   0  F    TS     0 PTAMS 0x000000061f000000 NTAMS 0x000000061f000000 space 16384K,   0% used [0x000000061f000000, 0x0000000620000000)
AC   0  F    TS     0 PTAMS 0x0000000620000000 NTAMS 0x0000000620000000 space 16384K,   0% used [0x0000000620000000, 0x0000000621000000)
AC   0  F    TS     0 PTAMS 0x0000000621000000 NTAMS 0x0000000621000000 space 16384K,   0% used [0x0000000621000000, 0x0000000622000000)
AC   0  F    TS     0 PTAMS 0x0000000622000000 NTAMS 0x0000000622000000 space 16384K,   0% used [0x0000000622000000, 0x0000000623000000)
AC   0  F    TS     0 PTAMS 0x0000000623000000 NTAMS 0x0000000623000000 space 16384K,   0% used [0x0000000623000000, 0x0000000624000000)
AC   0  F    TS     0 PTAMS 0x0000000624000000 NTAMS 0x0000000624000000 space 16384K,   0% used [0x0000000624000000, 0x0000000625000000)
AC   0  F    TS     0 PTAMS 0x0000000625000000 NTAMS 0x0000000625000000 space 16384K,   0% used [0x0000000625000000, 0x0000000626000000)
AC   0  F    TS     0 PTAMS 0x0000000626000000 NTAMS 0x0000000626000000 space 16384K,   0% used [0x0000000626000000, 0x0000000627000000)
AC   0  F    TS     0 PTAMS 0x0000000627000000 NTAMS 0x0000000627000000 space 16384K,   0% used [0x0000000627000000, 0x0000000628000000)
AC   0  F    TS     0 PTAMS 0x0000000628000000 NTAMS 0x0000000628000000 space 16384K,   0% used [0x0000000628000000, 0x0000000629000000)
AC   0  F    TS     0 PTAMS 0x0000000629000000 NTAMS 0x0000000629000000 space 16384K,   0% used [0x0000000629000000, 0x000000062a000000)
AC   0  F    TS     0 PTAMS 0x000000062a000000 NTAMS 0x000000062a000000 space 16384K,   0% used [0x000000062a000000, 0x000000062b000000)
AC   0  F    TS     0 PTAMS 0x000000062b000000 NTAMS 0x000000062b000000 space 16384K,   0% used [0x000000062b000000, 0x000000062c000000)
AC   0  F    TS     0 PTAMS 0x000000062c000000 NTAMS 0x000000062c000000 space 16384K,   0% used [0x000000062c000000, 0x000000062d000000)
AC   0  F    TS     0 PTAMS 0x000000062d000000 NTAMS 0x000000062d000000 space 16384K,   0% used [0x000000062d000000, 0x000000062e000000)
AC   0  F    TS     0 PTAMS 0x000000062e000000 NTAMS 0x000000062e000000 space 16384K,   0% used [0x000000062e000000, 0x000000062f000000)
AC   0  F    TS     0 PTAMS 0x000000062f000000 NTAMS 0x000000062f000000 space 16384K,   0% used [0x000000062f000000, 0x0000000630000000)
AC   0  F    TS     0 PTAMS 0x0000000630000000 NTAMS 0x0000000630000000 space 16384K,   0% used [0x0000000630000000, 0x0000000631000000)
AC   0  F    TS     0 PTAMS 0x0000000631000000 NTAMS 0x0000000631000000 space 16384K,   0% used [0x0000000631000000, 0x0000000632000000)
AC   0  F    TS     0 PTAMS 0x0000000632000000 NTAMS 0x0000000632000000 space 16384K,   0% used [0x0000000632000000, 0x0000000633000000)
AC   0  F    TS     0 PTAMS 0x0000000633000000 NTAMS 0x0000000633000000 space 16384K,   0% used [0x0000000633000000, 0x0000000634000000)
AC   0  F    TS     1 PTAMS 0x0000000634000000 NTAMS 0x0000000634000000 space 16384K,   0% used [0x0000000634000000, 0x0000000635000000)
AC   0  F    TS     0 PTAMS 0x0000000635000000 NTAMS 0x0000000635000000 space 16384K,   0% used [0x0000000635000000, 0x0000000636000000)
AC   0  F    TS     0 PTAMS 0x0000000636000000 NTAMS 0x0000000636000000 space 16384K,   0% used [0x0000000636000000, 0x0000000637000000)
AC   0  F    TS     0 PTAMS 0x0000000637000000 NTAMS 0x0000000637000000 space 16384K,   0% used [0x0000000637000000, 0x0000000638000000)
AC   0  F    TS     0 PTAMS 0x0000000638000000 NTAMS 0x0000000638000000 space 16384K,   0% used [0x0000000638000000, 0x0000000639000000)
AC   0  F    TS     0 PTAMS 0x0000000639000000 NTAMS 0x0000000639000000 space 16384K,   0% used [0x0000000639000000, 0x000000063a000000)
AC   0  F    TS     0 PTAMS 0x000000063a000000 NTAMS 0x000000063a000000 space 16384K,   0% used [0x000000063a000000, 0x000000063b000000)
AC   0  F    TS     0 PTAMS 0x000000063b000000 NTAMS 0x000000063b000000 space 16384K,   0% used [0x000000063b000000, 0x000000063c000000)
AC   0  F    TS     1 PTAMS 0x000000063c000000 NTAMS 0x000000063c000000 space 16384K,   0% used [0x000000063c000000, 0x000000063d000000)
AC   0  F    TS     1 PTAMS 0x000000063d000000 NTAMS 0x000000063d000000 space 16384K,   0% used [0x000000063d000000, 0x000000063e000000)
AC   0  F    TS     1 PTAMS 0x000000063e000000 NTAMS 0x000000063e000000 space 16384K,   0% used [0x000000063e000000, 0x000000063f000000)
AC   0  F    TS     1 PTAMS 0x000000063f000000 NTAMS 0x000000063f000000 space 16384K,   0% used [0x000000063f000000, 0x0000000640000000)
AC   0  F    TS     1 PTAMS 0x0000000640000000 NTAMS 0x0000000640000000 space 16384K,   0% used [0x0000000640000000, 0x0000000641000000)
AC   0  F    TS     1 PTAMS 0x0000000641000000 NTAMS 0x0000000641000000 space 16384K,   0% used [0x0000000641000000, 0x0000000642000000)
AC   0  F    TS     1 PTAMS 0x0000000642000000 NTAMS 0x0000000642000000 space 16384K,   0% used [0x0000000642000000, 0x0000000643000000)
AC   0  F    TS     1 PTAMS 0x0000000643000000 NTAMS 0x0000000643000000 space 16384K,   0% used [0x0000000643000000, 0x0000000644000000)
AC   0  F    TS     1 PTAMS 0x0000000644000000 NTAMS 0x0000000644000000 space 16384K,   0% used [0x0000000644000000, 0x0000000645000000)
AC   0  F    TS     1 PTAMS 0x0000000645000000 NTAMS 0x0000000645000000 space 16384K,   0% used [0x0000000645000000, 0x0000000646000000)
AC   0  F    TS     1 PTAMS 0x0000000646000000 NTAMS 0x0000000646000000 space 16384K,   0% used [0x0000000646000000, 0x0000000647000000)
AC   0  F    TS     1 PTAMS 0x0000000647000000 NTAMS 0x0000000647000000 space 16384K,   0% used [0x0000000647000000, 0x0000000648000000)
AC   0  F    TS     1 PTAMS 0x0000000648000000 NTAMS 0x0000000648000000 space 16384K,   0% used [0x0000000648000000, 0x0000000649000000)
AC   0  F    TS     1 PTAMS 0x0000000649000000 NTAMS 0x0000000649000000 space 16384K,   0% used [0x0000000649000000, 0x000000064a000000)
AC   0  F    TS     1 PTAMS 0x000000064a000000 NTAMS 0x000000064a000000 space 16384K,   0% used [0x000000064a000000, 0x000000064b000000)
AC   0  F    TS     1 PTAMS 0x000000064b000000 NTAMS 0x000000064b000000 space 16384K,   0% used [0x000000064b000000, 0x000000064c000000)
AC   0  F    TS     1 PTAMS 0x000000064c000000 NTAMS 0x000000064c000000 space 16384K,   0% used [0x000000064c000000, 0x000000064d000000)
AC   0  F    TS     1 PTAMS 0x000000064d000000 NTAMS 0x000000064d000000 space 16384K,   0% used [0x000000064d000000, 0x000000064e000000)
AC   0  F    TS     1 PTAMS 0x000000064e000000 NTAMS 0x000000064e000000 space 16384K,   0% used [0x000000064e000000, 0x000000064f000000)
AC   0  F    TS     1 PTAMS 0x000000064f000000 NTAMS 0x000000064f000000 space 16384K,   0% used [0x000000064f000000, 0x0000000650000000)
AC   0  F    TS     1 PTAMS 0x0000000650000000 NTAMS 0x0000000650000000 space 16384K,   0% used [0x0000000650000000, 0x0000000651000000)
AC   0  F    TS     1 PTAMS 0x0000000651000000 NTAMS 0x0000000651000000 space 16384K,   0% used [0x0000000651000000, 0x0000000652000000)
AC   0  F    TS     1 PTAMS 0x0000000652000000 NTAMS 0x0000000652000000 space 16384K,   0% used [0x0000000652000000, 0x0000000653000000)
AC   0  F    TS     1 PTAMS 0x0000000653000000 NTAMS 0x0000000653000000 space 16384K,   0% used [0x0000000653000000, 0x0000000654000000)
AC   0  F    TS     1 PTAMS 0x0000000654000000 NTAMS 0x0000000654000000 space 16384K,   0% used [0x0000000654000000, 0x0000000655000000)
AC   0  F    TS     1 PTAMS 0x0000000655000000 NTAMS 0x0000000655000000 space 16384K,   0% used [0x0000000655000000, 0x0000000656000000)
AC   0  F    TS     1 PTAMS 0x0000000656000000 NTAMS 0x0000000656000000 space 16384K,   0% used [0x0000000656000000, 0x0000000657000000)
AC   0  F    TS     1 PTAMS 0x0000000657000000 NTAMS 0x0000000657000000 space 16384K,   0% used [0x0000000657000000, 0x0000000658000000)
AC   0  F    TS     1 PTAMS 0x0000000658000000 NTAMS 0x0000000658000000 space 16384K,   0% used [0x0000000658000000, 0x0000000659000000)
AC   0  F    TS     1 PTAMS 0x0000000659000000 NTAMS 0x0000000659000000 space 16384K,   0% used [0x0000000659000000, 0x000000065a000000)
AC   0  F    TS     1 PTAMS 0x000000065a000000 NTAMS 0x000000065a000000 space 16384K,   0% used [0x000000065a000000, 0x000000065b000000)
AC   0  F    TS     1 PTAMS 0x000000065b000000 NTAMS 0x000000065b000000 space 16384K,   0% used [0x000000065b000000, 0x000000065c000000)
AC   0  F    TS     1 PTAMS 0x000000065c000000 NTAMS 0x000000065c000000 space 16384K,   0% used [0x000000065c000000, 0x000000065d000000)
AC   0  F    TS     1 PTAMS 0x000000065d000000 NTAMS 0x000000065d000000 space 16384K,   0% used [0x000000065d000000, 0x000000065e000000)
AC   0  F    TS     1 PTAMS 0x000000065e000000 NTAMS 0x000000065e000000 space 16384K,   0% used [0x000000065e000000, 0x000000065f000000)
AC   0  F    TS     1 PTAMS 0x000000065f000000 NTAMS 0x000000065f000000 space 16384K,   0% used [0x000000065f000000, 0x0000000660000000)
AC   0  F    TS     1 PTAMS 0x0000000660000000 NTAMS 0x0000000660000000 space 16384K,   0% used [0x0000000660000000, 0x0000000661000000)
AC   0  F    TS     1 PTAMS 0x0000000661000000 NTAMS 0x0000000661000000 space 16384K,   0% used [0x0000000661000000, 0x0000000662000000)
AC   0  F    TS     1 PTAMS 0x0000000662000000 NTAMS 0x0000000662000000 space 16384K,   0% used [0x0000000662000000, 0x0000000663000000)
AC   0  F    TS     1 PTAMS 0x0000000663000000 NTAMS 0x0000000663000000 space 16384K,   0% used [0x0000000663000000, 0x0000000664000000)
AC   0  F    TS     1 PTAMS 0x0000000664000000 NTAMS 0x0000000664000000 space 16384K,   0% used [0x0000000664000000, 0x0000000665000000)
AC   0  F    TS     1 PTAMS 0x0000000665000000 NTAMS 0x0000000665000000 space 16384K,   0% used [0x0000000665000000, 0x0000000666000000)
AC   0  F    TS     1 PTAMS 0x0000000666000000 NTAMS 0x0000000666000000 space 16384K,   0% used [0x0000000666000000, 0x0000000667000000)
AC   0  F    TS     1 PTAMS 0x0000000667000000 NTAMS 0x0000000667000000 space 16384K,   0% used [0x0000000667000000, 0x0000000668000000)
AC   0  F    TS     1 PTAMS 0x0000000668000000 NTAMS 0x0000000668000000 space 16384K,   0% used [0x0000000668000000, 0x0000000669000000)
AC   0  F    TS     1 PTAMS 0x0000000669000000 NTAMS 0x0000000669000000 space 16384K,   0% used [0x0000000669000000, 0x000000066a000000)
AC   0  F    TS     1 PTAMS 0x000000066a000000 NTAMS 0x000000066a000000 space 16384K,   0% used [0x000000066a000000, 0x000000066b000000)
AC   0  F    TS     1 PTAMS 0x000000066b000000 NTAMS 0x000000066b000000 space 16384K,   0% used [0x000000066b000000, 0x000000066c000000)
AC   0  F    TS     1 PTAMS 0x000000066c000000 NTAMS 0x000000066c000000 space 16384K,   0% used [0x000000066c000000, 0x000000066d000000)
AC   0  F    TS     1 PTAMS 0x000000066d000000 NTAMS 0x000000066d000000 space 16384K,   0% used [0x000000066d000000, 0x000000066e000000)
AC   0  F    TS     1 PTAMS 0x000000066e000000 NTAMS 0x000000066e000000 space 16384K,   0% used [0x000000066e000000, 0x000000066f000000)
AC   0  F    TS     1 PTAMS 0x000000066f000000 NTAMS 0x000000066f000000 space 16384K,   0% used [0x000000066f000000, 0x0000000670000000)
AC   0  F    TS     1 PTAMS 0x0000000670000000 NTAMS 0x0000000670000000 space 16384K,   0% used [0x0000000670000000, 0x0000000671000000)
AC   0  F    TS     1 PTAMS 0x0000000671000000 NTAMS 0x0000000671000000 space 16384K,   0% used [0x0000000671000000, 0x0000000672000000)
AC   0  F    TS     1 PTAMS 0x0000000672000000 NTAMS 0x0000000672000000 space 16384K,   0% used [0x0000000672000000, 0x0000000673000000)
AC   0  F    TS     1 PTAMS 0x0000000673000000 NTAMS 0x0000000673000000 space 16384K,   0% used [0x0000000673000000, 0x0000000674000000)
AC   0  F    TS     1 PTAMS 0x0000000674000000 NTAMS 0x0000000674000000 space 16384K,   0% used [0x0000000674000000, 0x0000000675000000)
AC   0  F    TS     1 PTAMS 0x0000000675000000 NTAMS 0x0000000675000000 space 16384K,   0% used [0x0000000675000000, 0x0000000676000000)
AC   0  F    TS     1 PTAMS 0x0000000676000000 NTAMS 0x0000000676000000 space 16384K,   0% used [0x0000000676000000, 0x0000000677000000)
AC   0  F    TS     1 PTAMS 0x0000000677000000 NTAMS 0x0000000677000000 space 16384K,   0% used [0x0000000677000000, 0x0000000678000000)
AC   0  F    TS     1 PTAMS 0x0000000678000000 NTAMS 0x0000000678000000 space 16384K,   0% used [0x0000000678000000, 0x0000000679000000)
AC   0  F    TS     1 PTAMS 0x0000000679000000 NTAMS 0x0000000679000000 space 16384K,   0% used [0x0000000679000000, 0x000000067a000000)
AC   0  F    TS     1 PTAMS 0x000000067a000000 NTAMS 0x000000067a000000 space 16384K,   0% used [0x000000067a000000, 0x000000067b000000)
AC   0  F    TS     1 PTAMS 0x000000067b000000 NTAMS 0x000000067b000000 space 16384K,   0% used [0x000000067b000000, 0x000000067c000000)
AC   0  F    TS     1 PTAMS 0x000000067c000000 NTAMS 0x000000067c000000 space 16384K,   0% used [0x000000067c000000, 0x000000067d000000)
AC   0  F    TS     1 PTAMS 0x000000067d000000 NTAMS 0x000000067d000000 space 16384K,   0% used [0x000000067d000000, 0x000000067e000000)
AC   0  F    TS     1 PTAMS 0x000000067e000000 NTAMS 0x000000067e000000 space 16384K,   0% used [0x000000067e000000, 0x000000067f000000)
AC   0  F    TS     1 PTAMS 0x000000067f000000 NTAMS 0x000000067f000000 space 16384K,   0% used [0x000000067f000000, 0x0000000680000000)
AC   0  F    TS     1 PTAMS 0x0000000680000000 NTAMS 0x0000000680000000 space 16384K,   0% used [0x0000000680000000, 0x0000000681000000)
AC   0  F    TS     1 PTAMS 0x0000000681000000 NTAMS 0x0000000681000000 space 16384K,   0% used [0x0000000681000000, 0x0000000682000000)
AC   0  F    TS     3 PTAMS 0x0000000682000000 NTAMS 0x0000000682000000 space 16384K,   0% used [0x0000000682000000, 0x0000000683000000)
AC   0  F    TS     1 PTAMS 0x0000000683000000 NTAMS 0x0000000683000000 space 16384K,   0% used [0x0000000683000000, 0x0000000684000000)
AC   0  F    TS     1 PTAMS 0x0000000684000000 NTAMS 0x0000000684000000 space 16384K,   0% used [0x0000000684000000, 0x0000000685000000)
AC   0  F    TS     1 PTAMS 0x0000000685000000 NTAMS 0x0000000685000000 space 16384K,   0% used [0x0000000685000000, 0x0000000686000000)
AC   0  F    TS     1 PTAMS 0x0000000686000000 NTAMS 0x0000000686000000 space 16384K,   0% used [0x0000000686000000, 0x0000000687000000)
AC   0  F    TS     1 PTAMS 0x0000000687000000 NTAMS 0x0000000687000000 space 16384K,   0% used [0x0000000687000000, 0x0000000688000000)
AC   0  F    TS     1 PTAMS 0x0000000688000000 NTAMS 0x0000000688000000 space 16384K,   0% used [0x0000000688000000, 0x0000000689000000)
AC   0  F    TS     1 PTAMS 0x0000000689000000 NTAMS 0x0000000689000000 space 16384K,   0% used [0x0000000689000000, 0x000000068a000000)
AC   0  F    TS     3 PTAMS 0x000000068a000000 NTAMS 0x000000068a000000 space 16384K,   0% used [0x000000068a000000, 0x000000068b000000)
AC   0  F    TS     3 PTAMS 0x000000068b000000 NTAMS 0x000000068b000000 space 16384K,   0% used [0x000000068b000000, 0x000000068c000000)
AC   0  F    TS     3 PTAMS 0x000000068c000000 NTAMS 0x000000068c000000 space 16384K,   0% used [0x000000068c000000, 0x000000068d000000)
AC   0  F    TS     3 PTAMS 0x000000068d000000 NTAMS 0x000000068d000000 space 16384K,   0% used [0x000000068d000000, 0x000000068e000000)
AC   0  F    TS     3 PTAMS 0x000000068e000000 NTAMS 0x000000068e000000 space 16384K,   0% used [0x000000068e000000, 0x000000068f000000)
AC   0  F    TS     3 PTAMS 0x000000068f000000 NTAMS 0x000000068f000000 space 16384K,   0% used [0x000000068f000000, 0x0000000690000000)
AC   0  F    TS     3 PTAMS 0x0000000690000000 NTAMS 0x0000000690000000 space 16384K,   0% used [0x0000000690000000, 0x0000000691000000)
AC   0  F    TS     3 PTAMS 0x0000000691000000 NTAMS 0x0000000691000000 space 16384K,   0% used [0x0000000691000000, 0x0000000692000000)
AC   0  F    TS     3 PTAMS 0x0000000692000000 NTAMS 0x0000000692000000 space 16384K,   0% used [0x0000000692000000, 0x0000000693000000)
AC   0  F    TS     3 PTAMS 0x0000000693000000 NTAMS 0x0000000693000000 space 16384K,   0% used [0x0000000693000000, 0x0000000694000000)
AC   0  F    TS     3 PTAMS 0x0000000694000000 NTAMS 0x0000000694000000 space 16384K,   0% used [0x0000000694000000, 0x0000000695000000)
AC   0  F    TS     3 PTAMS 0x0000000695000000 NTAMS 0x0000000695000000 space 16384K,   0% used [0x0000000695000000, 0x0000000696000000)
AC   0  F    TS     3 PTAMS 0x0000000696000000 NTAMS 0x0000000696000000 space 16384K,   0% used [0x0000000696000000, 0x0000000697000000)
AC   0  F    TS     3 PTAMS 0x0000000697000000 NTAMS 0x0000000697000000 space 16384K,   0% used [0x0000000697000000, 0x0000000698000000)
AC   0  F    TS     3 PTAMS 0x0000000698000000 NTAMS 0x0000000698000000 space 16384K,   0% used [0x0000000698000000, 0x0000000699000000)
AC   0  F    TS     3 PTAMS 0x0000000699000000 NTAMS 0x0000000699000000 space 16384K,   0% used [0x0000000699000000, 0x000000069a000000)
AC   0  F    TS     3 PTAMS 0x000000069a000000 NTAMS 0x000000069a000000 space 16384K,   0% used [0x000000069a000000, 0x000000069b000000)
AC   0  F    TS     3 PTAMS 0x000000069b000000 NTAMS 0x000000069b000000 space 16384K,   0% used [0x000000069b000000, 0x000000069c000000)
AC   0  F    TS     3 PTAMS 0x000000069c000000 NTAMS 0x000000069c000000 space 16384K,   0% used [0x000000069c000000, 0x000000069d000000)
AC   0  F    TS     3 PTAMS 0x000000069d000000 NTAMS 0x000000069d000000 space 16384K,   0% used [0x000000069d000000, 0x000000069e000000)
AC   0  F    TS     3 PTAMS 0x000000069e000000 NTAMS 0x000000069e000000 space 16384K,   0% used [0x000000069e000000, 0x000000069f000000)
AC   0  F    TS     3 PTAMS 0x000000069f000000 NTAMS 0x000000069f000000 space 16384K,   0% used [0x000000069f000000, 0x00000006a0000000)
AC   0  F    TS     3 PTAMS 0x00000006a0000000 NTAMS 0x00000006a0000000 space 16384K,   0% used [0x00000006a0000000, 0x00000006a1000000)
AC   0  F    TS     3 PTAMS 0x00000006a1000000 NTAMS 0x00000006a1000000 space 16384K,   0% used [0x00000006a1000000, 0x00000006a2000000)
AC   0  F    TS     3 PTAMS 0x00000006a2000000 NTAMS 0x00000006a2000000 space 16384K,   0% used [0x00000006a2000000, 0x00000006a3000000)
AC   0  F    TS     3 PTAMS 0x00000006a3000000 NTAMS 0x00000006a3000000 space 16384K,   0% used [0x00000006a3000000, 0x00000006a4000000)
AC   0  F    TS     3 PTAMS 0x00000006a4000000 NTAMS 0x00000006a4000000 space 16384K,   0% used [0x00000006a4000000, 0x00000006a5000000)
AC   0  F    TS     3 PTAMS 0x00000006a5000000 NTAMS 0x00000006a5000000 space 16384K,   0% used [0x00000006a5000000, 0x00000006a6000000)
AC   0  F    TS     3 PTAMS 0x00000006a6000000 NTAMS 0x00000006a6000000 space 16384K,   0% used [0x00000006a6000000, 0x00000006a7000000)
AC   0  F    TS     3 PTAMS 0x00000006a7000000 NTAMS 0x00000006a7000000 space 16384K,   0% used [0x00000006a7000000, 0x00000006a8000000)
AC   0  F    TS     3 PTAMS 0x00000006a8000000 NTAMS 0x00000006a8000000 space 16384K,   0% used [0x00000006a8000000, 0x00000006a9000000)
AC   0  F    TS     3 PTAMS 0x00000006a9000000 NTAMS 0x00000006a9000000 space 16384K,   0% used [0x00000006a9000000, 0x00000006aa000000)
AC   0  F    TS     3 PTAMS 0x00000006aa000000 NTAMS 0x00000006aa000000 space 16384K,   0% used [0x00000006aa000000, 0x00000006ab000000)
AC   0  F    TS     3 PTAMS 0x00000006ab000000 NTAMS 0x00000006ab000000 space 16384K,   0% used [0x00000006ab000000, 0x00000006ac000000)
AC   0  F    TS     3 PTAMS 0x00000006ac000000 NTAMS 0x00000006ac000000 space 16384K,   0% used [0x00000006ac000000, 0x00000006ad000000)
AC   0  F    TS     3 PTAMS 0x00000006ad000000 NTAMS 0x00000006ad000000 space 16384K,   0% used [0x00000006ad000000, 0x00000006ae000000)
AC   0  F    TS     3 PTAMS 0x00000006ae000000 NTAMS 0x00000006ae000000 space 16384K,   0% used [0x00000006ae000000, 0x00000006af000000)
AC   0  F    TS     3 PTAMS 0x00000006af000000 NTAMS 0x00000006af000000 space 16384K,   0% used [0x00000006af000000, 0x00000006b0000000)
AC   0  F    TS     3 PTAMS 0x00000006b0000000 NTAMS 0x00000006b0000000 space 16384K,   0% used [0x00000006b0000000, 0x00000006b1000000)
AC   0  F    TS     3 PTAMS 0x00000006b1000000 NTAMS 0x00000006b1000000 space 16384K,   0% used [0x00000006b1000000, 0x00000006b2000000)
AC   0  F    TS     3 PTAMS 0x00000006b2000000 NTAMS 0x00000006b2000000 space 16384K,   0% used [0x00000006b2000000, 0x00000006b3000000)
AC   0  F    TS     3 PTAMS 0x00000006b3000000 NTAMS 0x00000006b3000000 space 16384K,   0% used [0x00000006b3000000, 0x00000006b4000000)
AC   0  F    TS     3 PTAMS 0x00000006b4000000 NTAMS 0x00000006b4000000 space 16384K,   0% used [0x00000006b4000000, 0x00000006b5000000)
AC   0  F    TS     3 PTAMS 0x00000006b5000000 NTAMS 0x00000006b5000000 space 16384K,   0% used [0x00000006b5000000, 0x00000006b6000000)
AC   0  F    TS     3 PTAMS 0x00000006b6000000 NTAMS 0x00000006b6000000 space 16384K,   0% used [0x00000006b6000000, 0x00000006b7000000)
AC   0  F    TS     3 PTAMS 0x00000006b7000000 NTAMS 0x00000006b7000000 space 16384K,   0% used [0x00000006b7000000, 0x00000006b8000000)
AC   0  F    TS     3 PTAMS 0x00000006b8000000 NTAMS 0x00000006b8000000 space 16384K,   0% used [0x00000006b8000000, 0x00000006b9000000)
AC   0  F    TS     3 PTAMS 0x00000006b9000000 NTAMS 0x00000006b9000000 space 16384K,   0% used [0x00000006b9000000, 0x00000006ba000000)
AC   0  F    TS     3 PTAMS 0x00000006ba000000 NTAMS 0x00000006ba000000 space 16384K,   0% used [0x00000006ba000000, 0x00000006bb000000)
AC   0  F    TS     3 PTAMS 0x00000006bb000000 NTAMS 0x00000006bb000000 space 16384K,   0% used [0x00000006bb000000, 0x00000006bc000000)
AC   0  F    TS     3 PTAMS 0x00000006bc000000 NTAMS 0x00000006bc000000 space 16384K,   0% used [0x00000006bc000000, 0x00000006bd000000)
AC   0  F    TS     3 PTAMS 0x00000006bd000000 NTAMS 0x00000006bd000000 space 16384K,   0% used [0x00000006bd000000, 0x00000006be000000)
AC   0  F    TS     3 PTAMS 0x00000006be000000 NTAMS 0x00000006be000000 space 16384K,   0% used [0x00000006be000000, 0x00000006bf000000)
AC   0  F    TS     3 PTAMS 0x00000006bf000000 NTAMS 0x00000006bf000000 space 16384K,   0% used [0x00000006bf000000, 0x00000006c0000000)
AC   0  F    TS     5 PTAMS 0x00000006c0000000 NTAMS 0x00000006c0000000 space 16384K,   0% used [0x00000006c0000000, 0x00000006c1000000)
AC   0  F    TS     3 PTAMS 0x00000006c1000000 NTAMS 0x00000006c1000000 space 16384K,   0% used [0x00000006c1000000, 0x00000006c2000000)
AC   0  F    TS     3 PTAMS 0x00000006c2000000 NTAMS 0x00000006c2000000 space 16384K,   0% used [0x00000006c2000000, 0x00000006c3000000)
AC   0  F    TS     3 PTAMS 0x00000006c3000000 NTAMS 0x00000006c3000000 space 16384K,   0% used [0x00000006c3000000, 0x00000006c4000000)
AC   0  F    TS     3 PTAMS 0x00000006c4000000 NTAMS 0x00000006c4000000 space 16384K,   0% used [0x00000006c4000000, 0x00000006c5000000)
AC   0  F    TS     3 PTAMS 0x00000006c5000000 NTAMS 0x00000006c5000000 space 16384K,   0% used [0x00000006c5000000, 0x00000006c6000000)
AC   0  F    TS     3 PTAMS 0x00000006c6000000 NTAMS 0x00000006c6000000 space 16384K,   0% used [0x00000006c6000000, 0x00000006c7000000)
AC   0  F    TS     3 PTAMS 0x00000006c7000000 NTAMS 0x00000006c7000000 space 16384K,   0% used [0x00000006c7000000, 0x00000006c8000000)
AC   0  F    TS     5 PTAMS 0x00000006c8000000 NTAMS 0x00000006c8000000 space 16384K,   0% used [0x00000006c8000000, 0x00000006c9000000)
AC   0  F    TS     5 PTAMS 0x00000006c9000000 NTAMS 0x00000006c9000000 space 16384K,   0% used [0x00000006c9000000, 0x00000006ca000000)
AC   0  F    TS     5 PTAMS 0x00000006ca000000 NTAMS 0x00000006ca000000 space 16384K,   0% used [0x00000006ca000000, 0x00000006cb000000)
AC   0  F    TS     5 PTAMS 0x00000006cb000000 NTAMS 0x00000006cb000000 space 16384K,   0% used [0x00000006cb000000, 0x00000006cc000000)
AC   0  F    TS     5 PTAMS 0x00000006cc000000 NTAMS 0x00000006cc000000 space 16384K,   0% used [0x00000006cc000000, 0x00000006cd000000)
AC   0  F    TS     5 PTAMS 0x00000006cd000000 NTAMS 0x00000006cd000000 space 16384K,   0% used [0x00000006cd000000, 0x00000006ce000000)
AC   0  F    TS     5 PTAMS 0x00000006ce000000 NTAMS 0x00000006ce000000 space 16384K,   0% used [0x00000006ce000000, 0x00000006cf000000)
AC   0  F    TS     5 PTAMS 0x00000006cf000000 NTAMS 0x00000006cf000000 space 16384K,   0% used [0x00000006cf000000, 0x00000006d0000000)
AC   0  F    TS     5 PTAMS 0x00000006d0000000 NTAMS 0x00000006d0000000 space 16384K,   0% used [0x00000006d0000000, 0x00000006d1000000)
AC   0  F    TS     5 PTAMS 0x00000006d1000000 NTAMS 0x00000006d1000000 space 16384K,   0% used [0x00000006d1000000, 0x00000006d2000000)
AC   0  F    TS     5 PTAMS 0x00000006d2000000 NTAMS 0x00000006d2000000 space 16384K,   0% used [0x00000006d2000000, 0x00000006d3000000)
AC   0  F    TS     5 PTAMS 0x00000006d3000000 NTAMS 0x00000006d3000000 space 16384K,   0% used [0x00000006d3000000, 0x00000006d4000000)
AC   0  F    TS     5 PTAMS 0x00000006d4000000 NTAMS 0x00000006d4000000 space 16384K,   0% used [0x00000006d4000000, 0x00000006d5000000)
AC   0  F    TS     5 PTAMS 0x00000006d5000000 NTAMS 0x00000006d5000000 space 16384K,   0% used [0x00000006d5000000, 0x00000006d6000000)
AC   0  F    TS     5 PTAMS 0x00000006d6000000 NTAMS 0x00000006d6000000 space 16384K,   0% used [0x00000006d6000000, 0x00000006d7000000)
AC   0  F    TS     5 PTAMS 0x00000006d7000000 NTAMS 0x00000006d7000000 space 16384K,   0% used [0x00000006d7000000, 0x00000006d8000000)
AC   0  F    TS     5 PTAMS 0x00000006d8000000 NTAMS 0x00000006d8000000 space 16384K,   0% used [0x00000006d8000000, 0x00000006d9000000)
AC   0  F    TS     5 PTAMS 0x00000006d9000000 NTAMS 0x00000006d9000000 space 16384K,   0% used [0x00000006d9000000, 0x00000006da000000)
AC   0  F    TS     5 PTAMS 0x00000006da000000 NTAMS 0x00000006da000000 space 16384K,   0% used [0x00000006da000000, 0x00000006db000000)
AC   0  F    TS     5 PTAMS 0x00000006db000000 NTAMS 0x00000006db000000 space 16384K,   0% used [0x00000006db000000, 0x00000006dc000000)
AC   0  F    TS     5 PTAMS 0x00000006dc000000 NTAMS 0x00000006dc000000 space 16384K,   0% used [0x00000006dc000000, 0x00000006dd000000)
AC   0  F    TS     5 PTAMS 0x00000006dd000000 NTAMS 0x00000006dd000000 space 16384K,   0% used [0x00000006dd000000, 0x00000006de000000)
AC   0  F    TS     5 PTAMS 0x00000006de000000 NTAMS 0x00000006de000000 space 16384K,   0% used [0x00000006de000000, 0x00000006df000000)
AC   0  F    TS     5 PTAMS 0x00000006df000000 NTAMS 0x00000006df000000 space 16384K,   0% used [0x00000006df000000, 0x00000006e0000000)
AC   0  F    TS     5 PTAMS 0x00000006e0000000 NTAMS 0x00000006e0000000 space 16384K,   0% used [0x00000006e0000000, 0x00000006e1000000)
AC   0  F    TS     5 PTAMS 0x00000006e1000000 NTAMS 0x00000006e1000000 space 16384K,   0% used [0x00000006e1000000, 0x00000006e2000000)
AC   0  F    TS     5 PTAMS 0x00000006e2000000 NTAMS 0x00000006e2000000 space 16384K,   0% used [0x00000006e2000000, 0x00000006e3000000)
AC   0  F    TS     5 PTAMS 0x00000006e3000000 NTAMS 0x00000006e3000000 space 16384K,   0% used [0x00000006e3000000, 0x00000006e4000000)
AC   0  F    TS     5 PTAMS 0x00000006e4000000 NTAMS 0x00000006e4000000 space 16384K,   0% used [0x00000006e4000000, 0x00000006e5000000)
AC   0  F    TS     5 PTAMS 0x00000006e5000000 NTAMS 0x00000006e5000000 space 16384K,   0% used [0x00000006e5000000, 0x00000006e6000000)
AC   0  F    TS     5 PTAMS 0x00000006e6000000 NTAMS 0x00000006e6000000 space 16384K,   0% used [0x00000006e6000000, 0x00000006e7000000)
AC   0  F    TS     5 PTAMS 0x00000006e7000000 NTAMS 0x00000006e7000000 space 16384K,   0% used [0x00000006e7000000, 0x00000006e8000000)
AC   0  F    TS     5 PTAMS 0x00000006e8000000 NTAMS 0x00000006e8000000 space 16384K,   0% used [0x00000006e8000000, 0x00000006e9000000)
AC   0  F    TS     5 PTAMS 0x00000006e9000000 NTAMS 0x00000006e9000000 space 16384K,   0% used [0x00000006e9000000, 0x00000006ea000000)
AC   0  F    TS     5 PTAMS 0x00000006ea000000 NTAMS 0x00000006ea000000 space 16384K,   0% used [0x00000006ea000000, 0x00000006eb000000)
AC   0  F    TS     5 PTAMS 0x00000006eb000000 NTAMS 0x00000006eb000000 space 16384K,   0% used [0x00000006eb000000, 0x00000006ec000000)
AC   0  F    TS     5 PTAMS 0x00000006ec000000 NTAMS 0x00000006ec000000 space 16384K,   0% used [0x00000006ec000000, 0x00000006ed000000)
AC   0  F    TS     5 PTAMS 0x00000006ed000000 NTAMS 0x00000006ed000000 space 16384K,   0% used [0x00000006ed000000, 0x00000006ee000000)
AC   0  F    TS     5 PTAMS 0x00000006ee000000 NTAMS 0x00000006ee000000 space 16384K,   0% used [0x00000006ee000000, 0x00000006ef000000)
AC   0  F    TS     5 PTAMS 0x00000006ef000000 NTAMS 0x00000006ef000000 space 16384K,   0% used [0x00000006ef000000, 0x00000006f0000000)
AC   0  F    TS     5 PTAMS 0x00000006f0000000 NTAMS 0x00000006f0000000 space 16384K,   0% used [0x00000006f0000000, 0x00000006f1000000)
AC   0  F    TS     5 PTAMS 0x00000006f1000000 NTAMS 0x00000006f1000000 space 16384K,   0% used [0x00000006f1000000, 0x00000006f2000000)
AC   0  F    TS     7 PTAMS 0x00000006f2000000 NTAMS 0x00000006f2000000 space 16384K,   0% used [0x00000006f2000000, 0x00000006f3000000)
AC   0  F    TS     5 PTAMS 0x00000006f3000000 NTAMS 0x00000006f3000000 space 16384K,   0% used [0x00000006f3000000, 0x00000006f4000000)
AC   0  F    TS     5 PTAMS 0x00000006f4000000 NTAMS 0x00000006f4000000 space 16384K,   0% used [0x00000006f4000000, 0x00000006f5000000)
AC   0  F    TS     5 PTAMS 0x00000006f5000000 NTAMS 0x00000006f5000000 space 16384K,   0% used [0x00000006f5000000, 0x00000006f6000000)
AC   0  F    TS     5 PTAMS 0x00000006f6000000 NTAMS 0x00000006f6000000 space 16384K,   0% used [0x00000006f6000000, 0x00000006f7000000)
AC   0  F    TS     5 PTAMS 0x00000006f7000000 NTAMS 0x00000006f7000000 space 16384K,   0% used [0x00000006f7000000, 0x00000006f8000000)
AC   0  F    TS     5 PTAMS 0x00000006f8000000 NTAMS 0x00000006f8000000 space 16384K,   0% used [0x00000006f8000000, 0x00000006f9000000)
AC   0  F    TS     5 PTAMS 0x00000006f9000000 NTAMS 0x00000006f9000000 space 16384K,   0% used [0x00000006f9000000, 0x00000006fa000000)
AC   0  F    TS     7 PTAMS 0x00000006fa000000 NTAMS 0x00000006fa000000 space 16384K,   0% used [0x00000006fa000000, 0x00000006fb000000)
AC   0  F    TS     7 PTAMS 0x00000006fb000000 NTAMS 0x00000006fb000000 space 16384K,   0% used [0x00000006fb000000, 0x00000006fc000000)
AC   0  F    TS     7 PTAMS 0x00000006fc000000 NTAMS 0x00000006fc000000 space 16384K,   0% used [0x00000006fc000000, 0x00000006fd000000)
AC   0  F    TS     7 PTAMS 0x00000006fd000000 NTAMS 0x00000006fd000000 space 16384K,   0% used [0x00000006fd000000, 0x00000006fe000000)
AC   0  F    TS     7 PTAMS 0x00000006fe000000 NTAMS 0x00000006fe000000 space 16384K,   0% used [0x00000006fe000000, 0x00000006ff000000)
AC   0  F    TS     7 PTAMS 0x00000006ff000000 NTAMS 0x00000006ff000000 space 16384K,   0% used [0x00000006ff000000, 0x0000000700000000)
AC   0  F    TS     7 PTAMS 0x0000000700000000 NTAMS 0x0000000700000000 space 16384K,   0% used [0x0000000700000000, 0x0000000701000000)
AC   0  F    TS     7 PTAMS 0x0000000701000000 NTAMS 0x0000000701000000 space 16384K,   0% used [0x0000000701000000, 0x0000000702000000)
AC   0  F    TS     7 PTAMS 0x0000000702000000 NTAMS 0x0000000702000000 space 16384K,   0% used [0x0000000702000000, 0x0000000703000000)
AC   0  F    TS     7 PTAMS 0x0000000703000000 NTAMS 0x0000000703000000 space 16384K,   0% used [0x0000000703000000, 0x0000000704000000)
AC   0  F    TS     7 PTAMS 0x0000000704000000 NTAMS 0x0000000704000000 space 16384K,   0% used [0x0000000704000000, 0x0000000705000000)
AC   0  F    TS     7 PTAMS 0x0000000705000000 NTAMS 0x0000000705000000 space 16384K,   0% used [0x0000000705000000, 0x0000000706000000)
AC   0  F    TS     7 PTAMS 0x0000000706000000 NTAMS 0x0000000706000000 space 16384K,   0% used [0x0000000706000000, 0x0000000707000000)
AC   0  F    TS     7 PTAMS 0x0000000707000000 NTAMS 0x0000000707000000 space 16384K,   0% used [0x0000000707000000, 0x0000000708000000)
AC   0  F    TS     7 PTAMS 0x0000000708000000 NTAMS 0x0000000708000000 space 16384K,   0% used [0x0000000708000000, 0x0000000709000000)
AC   0  F    TS     7 PTAMS 0x0000000709000000 NTAMS 0x0000000709000000 space 16384K,   0% used [0x0000000709000000, 0x000000070a000000)
AC   0  F    TS     7 PTAMS 0x000000070a000000 NTAMS 0x000000070a000000 space 16384K,   0% used [0x000000070a000000, 0x000000070b000000)
AC   0  F    TS     7 PTAMS 0x000000070b000000 NTAMS 0x000000070b000000 space 16384K,   0% used [0x000000070b000000, 0x000000070c000000)
AC   0  F    TS     7 PTAMS 0x000000070c000000 NTAMS 0x000000070c000000 space 16384K,   0% used [0x000000070c000000, 0x000000070d000000)
AC   0  F    TS     7 PTAMS 0x000000070d000000 NTAMS 0x000000070d000000 space 16384K,   0% used [0x000000070d000000, 0x000000070e000000)
AC   0  F    TS     7 PTAMS 0x000000070e000000 NTAMS 0x000000070e000000 space 16384K,   0% used [0x000000070e000000, 0x000000070f000000)
AC   0  F    TS     7 PTAMS 0x000000070f000000 NTAMS 0x000000070f000000 space 16384K,   0% used [0x000000070f000000, 0x0000000710000000)
AC   0  F    TS     7 PTAMS 0x0000000710000000 NTAMS 0x0000000710000000 space 16384K,   0% used [0x0000000710000000, 0x0000000711000000)
AC   0  F    TS     7 PTAMS 0x0000000711000000 NTAMS 0x0000000711000000 space 16384K,   0% used [0x0000000711000000, 0x0000000712000000)
AC   0  F    TS     7 PTAMS 0x0000000712000000 NTAMS 0x0000000712000000 space 16384K,   0% used [0x0000000712000000, 0x0000000713000000)
AC   0  F    TS     7 PTAMS 0x0000000713000000 NTAMS 0x0000000713000000 space 16384K,   0% used [0x0000000713000000, 0x0000000714000000)
AC   0  F    TS     7 PTAMS 0x0000000714000000 NTAMS 0x0000000714000000 space 16384K,   0% used [0x0000000714000000, 0x0000000715000000)
AC   0  F    TS     7 PTAMS 0x0000000715000000 NTAMS 0x0000000715000000 space 16384K,   0% used [0x0000000715000000, 0x0000000716000000)
AC   0  F    TS     7 PTAMS 0x0000000716000000 NTAMS 0x0000000716000000 space 16384K,   0% used [0x0000000716000000, 0x0000000717000000)
AC   0  F    TS     7 PTAMS 0x0000000717000000 NTAMS 0x0000000717000000 space 16384K,   0% used [0x0000000717000000, 0x0000000718000000)
AC   0  F    TS     7 PTAMS 0x0000000718000000 NTAMS 0x0000000718000000 space 16384K,   0% used [0x0000000718000000, 0x0000000719000000)
AC   0  F    TS     7 PTAMS 0x0000000719000000 NTAMS 0x0000000719000000 space 16384K,   0% used [0x0000000719000000, 0x000000071a000000)
AC   0  F    TS     9 PTAMS 0x000000071a000000 NTAMS 0x000000071a000000 space 16384K,   0% used [0x000000071a000000, 0x000000071b000000)
AC   0  F    TS     7 PTAMS 0x000000071b000000 NTAMS 0x000000071b000000 space 16384K,   0% used [0x000000071b000000, 0x000000071c000000)
AC   0  F    TS     7 PTAMS 0x000000071c000000 NTAMS 0x000000071c000000 space 16384K,   0% used [0x000000071c000000, 0x000000071d000000)
AC   0  F    TS     7 PTAMS 0x000000071d000000 NTAMS 0x000000071d000000 space 16384K,   0% used [0x000000071d000000, 0x000000071e000000)
AC   0  F    TS     7 PTAMS 0x000000071e000000 NTAMS 0x000000071e000000 space 16384K,   0% used [0x000000071e000000, 0x000000071f000000)
AC   0  F    TS     7 PTAMS 0x000000071f000000 NTAMS 0x000000071f000000 space 16384K,   0% used [0x000000071f000000, 0x0000000720000000)
AC   0  F    TS     7 PTAMS 0x0000000720000000 NTAMS 0x0000000720000000 space 16384K,   0% used [0x0000000720000000, 0x0000000721000000)
AC   0  F    TS     7 PTAMS 0x0000000721000000 NTAMS 0x0000000721000000 space 16384K,   0% used [0x0000000721000000, 0x0000000722000000)
AC   0  F    TS     9 PTAMS 0x0000000722000000 NTAMS 0x0000000722000000 space 16384K,   0% used [0x0000000722000000, 0x0000000723000000)
AC   0  F    TS     9 PTAMS 0x0000000723000000 NTAMS 0x0000000723000000 space 16384K,   0% used [0x0000000723000000, 0x0000000724000000)
AC   0  F    TS     9 PTAMS 0x0000000724000000 NTAMS 0x0000000724000000 space 16384K,   0% used [0x0000000724000000, 0x0000000725000000)
AC   0  F    TS     9 PTAMS 0x0000000725000000 NTAMS 0x0000000725000000 space 16384K,   0% used [0x0000000725000000, 0x0000000726000000)
AC   0  F    TS     9 PTAMS 0x0000000726000000 NTAMS 0x0000000726000000 space 16384K,   0% used [0x0000000726000000, 0x0000000727000000)
AC   0  F    TS     9 PTAMS 0x0000000727000000 NTAMS 0x0000000727000000 space 16384K,   0% used [0x0000000727000000, 0x0000000728000000)
AC   0  F    TS     9 PTAMS 0x0000000728000000 NTAMS 0x0000000728000000 space 16384K,   0% used [0x0000000728000000, 0x0000000729000000)
AC   0  F    TS     9 PTAMS 0x0000000729000000 NTAMS 0x0000000729000000 space 16384K,   0% used [0x0000000729000000, 0x000000072a000000)
AC   0  F    TS     9 PTAMS 0x000000072a000000 NTAMS 0x000000072a000000 space 16384K,   0% used [0x000000072a000000, 0x000000072b000000)
AC   0  F    TS     9 PTAMS 0x000000072b000000 NTAMS 0x000000072b000000 space 16384K,   0% used [0x000000072b000000, 0x000000072c000000)
AC   0  F    TS     9 PTAMS 0x000000072c000000 NTAMS 0x000000072c000000 space 16384K,   0% used [0x000000072c000000, 0x000000072d000000)
AC   0  F    TS     9 PTAMS 0x000000072d000000 NTAMS 0x000000072d000000 space 16384K,   0% used [0x000000072d000000, 0x000000072e000000)
AC   0  F    TS     9 PTAMS 0x000000072e000000 NTAMS 0x000000072e000000 space 16384K,   0% used [0x000000072e000000, 0x000000072f000000)
AC   0  F    TS     9 PTAMS 0x000000072f000000 NTAMS 0x000000072f000000 space 16384K,   0% used [0x000000072f000000, 0x0000000730000000)
AC   0  F    TS     9 PTAMS 0x0000000730000000 NTAMS 0x0000000730000000 space 16384K,   0% used [0x0000000730000000, 0x0000000731000000)
AC   0  F    TS     9 PTAMS 0x0000000731000000 NTAMS 0x0000000731000000 space 16384K,   0% used [0x0000000731000000, 0x0000000732000000)
AC   0  F    TS     9 PTAMS 0x0000000732000000 NTAMS 0x0000000732000000 space 16384K,   0% used [0x0000000732000000, 0x0000000733000000)
AC   0  F    TS     9 PTAMS 0x0000000733000000 NTAMS 0x0000000733000000 space 16384K,   0% used [0x0000000733000000, 0x0000000734000000)
AC   0  F    TS     9 PTAMS 0x0000000734000000 NTAMS 0x0000000734000000 space 16384K,   0% used [0x0000000734000000, 0x0000000735000000)
AC   0  F    TS     9 PTAMS 0x0000000735000000 NTAMS 0x0000000735000000 space 16384K,   0% used [0x0000000735000000, 0x0000000736000000)
AC   0  F    TS     9 PTAMS 0x0000000736000000 NTAMS 0x0000000736000000 space 16384K,   0% used [0x0000000736000000, 0x0000000737000000)
AC   0  F    TS     9 PTAMS 0x0000000737000000 NTAMS 0x0000000737000000 space 16384K,   0% used [0x0000000737000000, 0x0000000738000000)
AC   0  F    TS     9 PTAMS 0x0000000738000000 NTAMS 0x0000000738000000 space 16384K,   0% used [0x0000000738000000, 0x0000000739000000)
AC   0  F    TS     9 PTAMS 0x0000000739000000 NTAMS 0x0000000739000000 space 16384K,   0% used [0x0000000739000000, 0x000000073a000000)
AC   0  F    TS    11 PTAMS 0x000000073a000000 NTAMS 0x000000073a000000 space 16384K,   0% used [0x000000073a000000, 0x000000073b000000)
AC   0  F    TS     9 PTAMS 0x000000073b000000 NTAMS 0x000000073b000000 space 16384K,   0% used [0x000000073b000000, 0x000000073c000000)
AC   0  F    TS     9 PTAMS 0x000000073c000000 NTAMS 0x000000073c000000 space 16384K,   0% used [0x000000073c000000, 0x000000073d000000)
AC   0  F    TS     9 PTAMS 0x000000073d000000 NTAMS 0x000000073d000000 space 16384K,   0% used [0x000000073d000000, 0x000000073e000000)
AC   0  F    TS     9 PTAMS 0x000000073e000000 NTAMS 0x000000073e000000 space 16384K,   0% used [0x000000073e000000, 0x000000073f000000)
AC   0  F    TS     9 PTAMS 0x000000073f000000 NTAMS 0x000000073f000000 space 16384K,   0% used [0x000000073f000000, 0x0000000740000000)
AC   0  F    TS     9 PTAMS 0x0000000740000000 NTAMS 0x0000000740000000 space 16384K,   0% used [0x0000000740000000, 0x0000000741000000)
AC   0  F    TS     9 PTAMS 0x0000000741000000 NTAMS 0x0000000741000000 space 16384K,   0% used [0x0000000741000000, 0x0000000742000000)
AC   0  F    TS    11 PTAMS 0x0000000742000000 NTAMS 0x0000000742000000 space 16384K,   0% used [0x0000000742000000, 0x0000000743000000)
AC   0  F    TS    11 PTAMS 0x0000000743000000 NTAMS 0x0000000743000000 space 16384K,   0% used [0x0000000743000000, 0x0000000744000000)
AC   0  F    TS    11 PTAMS 0x0000000744000000 NTAMS 0x0000000744000000 space 16384K,   0% used [0x0000000744000000, 0x0000000745000000)
AC   0  F    TS    11 PTAMS 0x0000000745000000 NTAMS 0x0000000745000000 space 16384K,   0% used [0x0000000745000000, 0x0000000746000000)
AC   0  F    TS    11 PTAMS 0x0000000746000000 NTAMS 0x0000000746000000 space 16384K,   0% used [0x0000000746000000, 0x0000000747000000)
AC   0  F    TS    11 PTAMS 0x0000000747000000 NTAMS 0x0000000747000000 space 16384K,   0% used [0x0000000747000000, 0x0000000748000000)
AC   0  F    TS    11 PTAMS 0x0000000748000000 NTAMS 0x0000000748000000 space 16384K,   0% used [0x0000000748000000, 0x0000000749000000)
AC   0  F    TS    11 PTAMS 0x0000000749000000 NTAMS 0x0000000749000000 space 16384K,   0% used [0x0000000749000000, 0x000000074a000000)
AC   0  F    TS    11 PTAMS 0x000000074a000000 NTAMS 0x000000074a000000 space 16384K,   0% used [0x000000074a000000, 0x000000074b000000)
AC   0  F    TS    11 PTAMS 0x000000074b000000 NTAMS 0x000000074b000000 space 16384K,   0% used [0x000000074b000000, 0x000000074c000000)
AC   0  F    TS    11 PTAMS 0x000000074c000000 NTAMS 0x000000074c000000 space 16384K,   0% used [0x000000074c000000, 0x000000074d000000)
AC   0  F    TS    11 PTAMS 0x000000074d000000 NTAMS 0x000000074d000000 space 16384K,   0% used [0x000000074d000000, 0x000000074e000000)
AC   0  F    TS    11 PTAMS 0x000000074e000000 NTAMS 0x000000074e000000 space 16384K,   0% used [0x000000074e000000, 0x000000074f000000)
AC   0  F    TS    11 PTAMS 0x000000074f000000 NTAMS 0x000000074f000000 space 16384K,   0% used [0x000000074f000000, 0x0000000750000000)
AC   0  F    TS    11 PTAMS 0x0000000750000000 NTAMS 0x0000000750000000 space 16384K,   0% used [0x0000000750000000, 0x0000000751000000)
AC   0  F    TS    11 PTAMS 0x0000000751000000 NTAMS 0x0000000751000000 space 16384K,   0% used [0x0000000751000000, 0x0000000752000000)
AC   0  F    TS    11 PTAMS 0x0000000752000000 NTAMS 0x0000000752000000 space 16384K,   0% used [0x0000000752000000, 0x0000000753000000)
AC   0  F    TS    11 PTAMS 0x0000000753000000 NTAMS 0x0000000753000000 space 16384K,   0% used [0x0000000753000000, 0x0000000754000000)
AC   0  F    TS    13 PTAMS 0x0000000754000000 NTAMS 0x0000000754000000 space 16384K,   0% used [0x0000000754000000, 0x0000000755000000)
AC   0  F    TS    11 PTAMS 0x0000000755000000 NTAMS 0x0000000755000000 space 16384K,   0% used [0x0000000755000000, 0x0000000756000000)
AC   0  F    TS    11 PTAMS 0x0000000756000000 NTAMS 0x0000000756000000 space 16384K,   0% used [0x0000000756000000, 0x0000000757000000)
AC   0  F    TS    11 PTAMS 0x0000000757000000 NTAMS 0x0000000757000000 space 16384K,   0% used [0x0000000757000000, 0x0000000758000000)
AC   0  F    TS    11 PTAMS 0x0000000758000000 NTAMS 0x0000000758000000 space 16384K,   0% used [0x0000000758000000, 0x0000000759000000)
AC   0  F    TS    11 PTAMS 0x0000000759000000 NTAMS 0x0000000759000000 space 16384K,   0% used [0x0000000759000000, 0x000000075a000000)
AC   0  F    TS    11 PTAMS 0x000000075a000000 NTAMS 0x000000075a000000 space 16384K,   0% used [0x000000075a000000, 0x000000075b000000)
AC   0  F    TS    11 PTAMS 0x000000075b000000 NTAMS 0x000000075b000000 space 16384K,   0% used [0x000000075b000000, 0x000000075c000000)
AC   0  F    TS    13 PTAMS 0x000000075c000000 NTAMS 0x000000075c000000 space 16384K,   0% used [0x000000075c000000, 0x000000075d000000)
AC   0  F    TS    13 PTAMS 0x000000075d000000 NTAMS 0x000000075d000000 space 16384K,   0% used [0x000000075d000000, 0x000000075e000000)
AC   0  F    TS    13 PTAMS 0x000000075e000000 NTAMS 0x000000075e000000 space 16384K,   0% used [0x000000075e000000, 0x000000075f000000)
AC   0  F    TS    13 PTAMS 0x000000075f000000 NTAMS 0x000000075f000000 space 16384K,   0% used [0x000000075f000000, 0x0000000760000000)
AC   0  F    TS    13 PTAMS 0x0000000760000000 NTAMS 0x0000000760000000 space 16384K,   0% used [0x0000000760000000, 0x0000000761000000)
AC   0  F    TS    13 PTAMS 0x0000000761000000 NTAMS 0x0000000761000000 space 16384K,   0% used [0x0000000761000000, 0x0000000762000000)
AC   0  F    TS    13 PTAMS 0x0000000762000000 NTAMS 0x0000000762000000 space 16384K,   0% used [0x0000000762000000, 0x0000000763000000)
AC   0  F    TS    13 PTAMS 0x0000000763000000 NTAMS 0x0000000763000000 space 16384K,   0% used [0x0000000763000000, 0x0000000764000000)
AC   0  F    TS    13 PTAMS 0x0000000764000000 NTAMS 0x0000000764000000 space 16384K,   0% used [0x0000000764000000, 0x0000000765000000)
AC   0  F    TS    13 PTAMS 0x0000000765000000 NTAMS 0x0000000765000000 space 16384K,   0% used [0x0000000765000000, 0x0000000766000000)
AC   0  F    TS    13 PTAMS 0x0000000766000000 NTAMS 0x0000000766000000 space 16384K,   0% used [0x0000000766000000, 0x0000000767000000)
AC   0  F    TS    13 PTAMS 0x0000000767000000 NTAMS 0x0000000767000000 space 16384K,   0% used [0x0000000767000000, 0x0000000768000000)
AC   0  S CS TS    15 PTAMS 0x0000000768000000 NTAMS 0x0000000768000000 space 16384K,  46% used [0x0000000768000000, 0x0000000769000000)
AC   0  F    TS    13 PTAMS 0x0000000769000000 NTAMS 0x0000000769000000 space 16384K,   0% used [0x0000000769000000, 0x000000076a000000)
AC   0  F    TS    13 PTAMS 0x000000076a000000 NTAMS 0x000000076a000000 space 16384K,   0% used [0x000000076a000000, 0x000000076b000000)
AC   0  F    TS    13 PTAMS 0x000000076b000000 NTAMS 0x000000076b000000 space 16384K,   0% used [0x000000076b000000, 0x000000076c000000)
AC   0  F    TS    13 PTAMS 0x000000076c000000 NTAMS 0x000000076c000000 space 16384K,   0% used [0x000000076c000000, 0x000000076d000000)
AC   0  F    TS    13 PTAMS 0x000000076d000000 NTAMS 0x000000076d000000 space 16384K,   0% used [0x000000076d000000, 0x000000076e000000)
AC   0  F    TS    13 PTAMS 0x000000076e000000 NTAMS 0x000000076e000000 space 16384K,   0% used [0x000000076e000000, 0x000000076f000000)
AC   0  F    TS    13 PTAMS 0x000000076f000000 NTAMS 0x000000076f000000 space 16384K,   0% used [0x000000076f000000, 0x0000000770000000)

Card table byte_map: [0x0000000015920000,0x0000000016920000] byte_map_base: 0x0000000012b20000

Marking Bits (Prev, Next): (CMBitMap*) 0x0000000002b61178, (CMBitMap*) 0x0000000002b611d0
 Prev Bits: [0x0000000017920000, 0x000000001f920000)
 Next Bits: [0x000000001f920000, 0x0000000027920000)

Polling page: 0x0000000002930000

CodeCache: size=245760Kb used=36472Kb max_used=36488Kb free=209287Kb
 bounds [0x0000000002bd0000, 0x0000000004fb0000, 0x0000000011bd0000]
 total_blobs=10678 nmethods=9685 adapters=903
 compilation: enabled

Compilation events (10 events):
Event: 46.152 Thread 0x000000002c13e000 nmethod 13591 0x00000000048c1a10 code [0x00000000048c1b40, 0x00000000048c1bb8]
Event: 46.152 Thread 0x000000002c13e000 13588       4       net.minecraft.entity.EntityLivingBase::func_184587_cr (27 bytes)
Event: 46.154 Thread 0x000000002c13e000 nmethod 13588 0x0000000004f89890 code [0x0000000004f899e0, 0x0000000004f89ae8]
Event: 46.173 Thread 0x000000002c13e000 13595       4       net.minecraft.entity.EntityLiving::func_175447_b (10 bytes)
Event: 46.176 Thread 0x000000002c146000 13599 %     3       net.minecraft.client.renderer.RenderGlobal::func_174970_a @ 1327 (1516 bytes)
Event: 46.182 Thread 0x000000002c146000 nmethod 13599% 0x0000000004f95850 code [0x0000000004f96380, 0x0000000004f9ded8]
Event: 46.196 Thread 0x000000002c13e000 nmethod 13595 0x0000000004fa8cd0 code [0x0000000004fa8ee0, 0x0000000004faa4b0]
Event: 46.196 Thread 0x000000002c13e000 13596       4       net.minecraft.entity.EntityLiving::func_184650_s (9 bytes)
Event: 46.197 Thread 0x000000002c13e000 nmethod 13596 0x0000000004fa7490 code [0x0000000004fa75e0, 0x0000000004fa7738]
Event: 46.197 Thread 0x000000002c13e000 13597       4       net.minecraft.pathfinding.PathNavigate::<init> (54 bytes)

GC Heap History (10 events):
Event: 45.189 GC heap after
Heap after GC invocations=62 (full 3):
 garbage-first heap   total 5144576K, used 520895K [0x00000005c0000000, 0x00000005c10009d0, 0x00000007c0000000)
  region size 16384K, 1 young (16384K), 1 survivors (16384K)
 Metaspace       used 60362K, capacity 61681K, committed 62076K, reserved 1103872K
  class space    used 7679K, capacity 7975K, committed 8064K, reserved 1048576K
}
Event: 45.429 GC heap before
{Heap before GC invocations=62 (full 3):
 garbage-first heap   total 5144576K, used 635583K [0x00000005c0000000, 0x00000005c10009d0, 0x00000007c0000000)
  region size 16384K, 8 young (131072K), 1 survivors (16384K)
 Metaspace       used 60469K, capacity 61745K, committed 62076K, reserved 1103872K
  class space    used 7680K, capacity 7975K, committed 8064K, reserved 1048576K
Event: 45.439 GC heap after
Heap after GC invocations=63 (full 3):
 garbage-first heap   total 5799936K, used 535434K [0x00000005c0000000, 0x00000005c1000b10, 0x00000007c0000000)
  region size 16384K, 1 young (16384K), 1 survivors (16384K)
 Metaspace       used 60469K, capacity 61745K, committed 62076K, reserved 1103872K
  class space    used 7680K, capacity 7975K, committed 8064K, reserved 1048576K
}
Event: 45.638 GC heap before
{Heap before GC invocations=63 (full 3):
 garbage-first heap   total 5799936K, used 650122K [0x00000005c0000000, 0x00000005c1000b10, 0x00000007c0000000)
  region size 16384K, 8 young (131072K), 1 survivors (16384K)
 Metaspace       used 60503K, capacity 61745K, committed 62076K, reserved 1103872K
  class space    used 7680K, capacity 7975K, committed 8064K, reserved 1048576K
Event: 45.646 GC heap after
Heap after GC invocations=64 (full 3):
 garbage-first heap   total 6324224K, used 528657K [0x00000005c0000000, 0x00000005c1000c10, 0x00000007c0000000)
  region size 16384K, 1 young (16384K), 1 survivors (16384K)
 Metaspace       used 60503K, capacity 61745K, committed 62076K, reserved 1103872K
  class space    used 7680K, capacity 7975K, committed 8064K, reserved 1048576K
}
Event: 45.864 GC heap before
{Heap before GC invocations=64 (full 3):
 garbage-first heap   total 6324224K, used 643345K [0x00000005c0000000, 0x00000005c1000c10, 0x00000007c0000000)
  region size 16384K, 8 young (131072K), 1 survivors (16384K)
 Metaspace       used 60562K, capacity 61809K, committed 62076K, reserved 1103872K
  class space    used 7680K, capacity 7975K, committed 8064K, reserved 1048576K
Event: 45.870 GC heap after
Heap after GC invocations=65 (full 3):
 garbage-first heap   total 6750208K, used 527052K [0x00000005c0000000, 0x00000005c1000ce0, 0x00000007c0000000)
  region size 16384K, 1 young (16384K), 1 survivors (16384K)
 Metaspace       used 60562K, capacity 61809K, committed 62076K, reserved 1103872K
  class space    used 7680K, capacity 7975K, committed 8064K, reserved 1048576K
}
Event: 46.048 GC heap before
{Heap before GC invocations=65 (full 3):
 garbage-first heap   total 6750208K, used 641740K [0x00000005c0000000, 0x00000005c1000ce0, 0x00000007c0000000)
  region size 16384K, 8 young (131072K), 1 survivors (16384K)
 Metaspace       used 60579K, capacity 61809K, committed 62076K, reserved 1103872K
  class space    used 7680K, capacity 7975K, committed 8064K, reserved 1048576K
Event: 46.052 GC heap after
Heap after GC invocations=66 (full 3):
 garbage-first heap   total 7077888K, used 528517K [0x00000005c0000000, 0x00000005c1000d80, 0x00000007c0000000)
  region size 16384K, 1 young (16384K), 1 survivors (16384K)
 Metaspace       used 60579K, capacity 61809K, committed 62076K, reserved 1103872K
  class space    used 7680K, capacity 7975K, committed 8064K, reserved 1048576K
}
Event: 46.198 GC heap before
{Heap before GC invocations=66 (full 3):
 garbage-first heap   total 7077888K, used 643205K [0x00000005c0000000, 0x00000005c1000d80, 0x00000007c0000000)
  region size 16384K, 8 young (131072K), 1 survivors (16384K)
 Metaspace       used 60602K, capacity 61809K, committed 62076K, reserved 1103872K
  class space    used 7680K, capacity 7975K, committed 8064K, reserved 1048576K

Deoptimization events (10 events):
Event: 45.360 Thread 0x0000000030fd4000 Uncommon trap: reason=unstable_if action=reinterpret pc=0x0000000003e2de18 method=java.util.concurrent.locks.ReentrantReadWriteLock$Sync.tryAcquireShared(I)I @ 60
Event: 45.360 Thread 0x0000000030fd1000 Uncommon trap: reason=unstable_if action=reinterpret pc=0x0000000004d639b0 method=java.util.concurrent.locks.ReentrantReadWriteLock$Sync.tryReleaseShared(I)Z @ 9
Event: 45.366 Thread 0x0000000030fd0800 Uncommon trap: reason=unstable_if action=reinterpret pc=0x0000000004d639b0 method=java.util.concurrent.locks.ReentrantReadWriteLock$Sync.tryReleaseShared(I)Z @ 9
Event: 45.584 Thread 0x0000000030fc8000 Uncommon trap: reason=class_check action=maybe_recompile pc=0x00000000033ae574 method=net.minecraft.entity.ai.EntityAITasks.func_75774_a()V @ 89
Event: 45.760 Thread 0x0000000002ad4800 Uncommon trap: reason=unstable_if action=reinterpret pc=0x0000000004cc5118 method=net.minecraft.client.renderer.RenderGlobal.func_174970_a(Lnet/minecraft/entity/Entity;DLnet/minecraft/client/renderer/culling/ICamera;IZ)V @ 1408
Event: 45.932 Thread 0x0000000002ad4800 Uncommon trap: reason=unstable_if action=reinterpret pc=0x00000000044feed4 method=java.util.concurrent.locks.ReentrantReadWriteLock$Sync.tryReleaseShared(I)Z @ 130
Event: 46.002 Thread 0x0000000002ad4800 Uncommon trap: reason=unstable_if action=reinterpret pc=0x0000000004c8d2ec method=net.minecraft.client.renderer.culling.ClippingHelper.func_78553_b(DDDDDD)Z @ 177
Event: 46.018 Thread 0x0000000002ad4800 Uncommon trap: reason=unstable_if action=reinterpret pc=0x00000000037affa8 method=net.minecraft.client.renderer.culling.ClippingHelper.func_78553_b(DDDDDD)Z @ 177
Event: 46.126 Thread 0x0000000030fc8000 Uncommon trap: reason=unstable_if action=reinterpret pc=0x000000000450ab24 method=net.minecraft.world.chunk.Chunk.func_177414_a(Lnet/minecraft/entity/Entity;Lnet/minecraft/util/math/AxisAlignedBB;Ljava/util/List;Lcom/google/common/base/Predicate;)V @ 137
Event: 46.176 Thread 0x0000000002ad4800 Uncommon trap: reason=unstable_if action=reinterpret pc=0x0000000004edfc78 method=net.minecraft.client.renderer.RenderGlobal.func_181562_a(Lnet/minecraft/util/math/BlockPos;Lnet/minecraft/client/renderer/chunk/RenderChunk;Lnet/minecraft/util/EnumFacing;)LngF@

Internal exceptions (10 events):
Event: 46.030 Thread 0x000000003329b000 Exception <a 'java/lang/InterruptedException': sleep interrupted> (0x000000075b84f310) thrown at [C:\re\workspace\8-2-build-windows-amd64-cygwin\jdk8u101\7261\hotspot\src\share\vm\prims\jvm.cpp, line 3215]
Event: 46.040 Thread 0x000000003329b000 Exception <a 'java/lang/InterruptedException': sleep interrupted> (0x000000075b84f5b8) thrown at [C:\re\workspace\8-2-build-windows-amd64-cygwin\jdk8u101\7261\hotspot\src\share\vm\prims\jvm.cpp, line 3215]
Event: 46.057 Thread 0x000000003329b000 Exception <a 'java/lang/InterruptedException': sleep interrupted> (0x000000076f39f278) thrown at [C:\re\workspace\8-2-build-windows-amd64-cygwin\jdk8u101\7261\hotspot\src\share\vm\prims\jvm.cpp, line 3215]
Event: 46.083 Thread 0x000000003329b000 Exception <a 'java/lang/InterruptedException': sleep interrupted> (0x000000076f39f520) thrown at [C:\re\workspace\8-2-build-windows-amd64-cygwin\jdk8u101\7261\hotspot\src\share\vm\prims\jvm.cpp, line 3215]
Event: 46.091 Thread 0x000000003329b000 Exception <a 'java/lang/InterruptedException': sleep interrupted> (0x000000076f39f7c8) thrown at [C:\re\workspace\8-2-build-windows-amd64-cygwin\jdk8u101\7261\hotspot\src\share\vm\prims\jvm.cpp, line 3215]
Event: 46.106 Thread 0x000000003329b000 Exception <a 'java/lang/InterruptedException': sleep interrupted> (0x000000076f39fa70) thrown at [C:\re\workspace\8-2-build-windows-amd64-cygwin\jdk8u101\7261\hotspot\src\share\vm\prims\jvm.cpp, line 3215]
Event: 46.123 Thread 0x000000003329b000 Exception <a 'java/lang/InterruptedException': sleep interrupted> (0x000000076f39fd18) thrown at [C:\re\workspace\8-2-build-windows-amd64-cygwin\jdk8u101\7261\hotspot\src\share\vm\prims\jvm.cpp, line 3215]
Event: 46.145 Thread 0x000000003329b000 Exception <a 'java/lang/InterruptedException': sleep interrupted> (0x000000076f39ffc0) thrown at [C:\re\workspace\8-2-build-windows-amd64-cygwin\jdk8u101\7261\hotspot\src\share\vm\prims\jvm.cpp, line 3215]
Event: 46.157 Thread 0x000000003329b000 Exception <a 'java/lang/InterruptedException': sleep interrupted> (0x000000076f3a0268) thrown at [C:\re\workspace\8-2-build-windows-amd64-cygwin\jdk8u101\7261\hotspot\src\share\vm\prims\jvm.cpp, line 3215]
Event: 46.173 Thread 0x000000003329b000 Exception <a 'java/lang/InterruptedException': sleep interrupted> (0x000000076f3a0510) thrown at [C:\re\workspace\8-2-build-windows-amd64-cygwin\jdk8u101\7261\hotspot\src\share\vm\prims\jvm.cpp, line 3215]

Events (10 events):
Event: 46.117 Thread 0x0000000002ad4800 DEOPT UNPACKING pc=0x0000000002c1747f sp=0x0000000002acdf68 mode 0
Event: 46.126 Thread 0x0000000030fc8000 Uncommon trap: trap_request=0xffffff65 fr.pc=0x000000000450ab24
Event: 46.126 Thread 0x0000000030fc8000 DEOPT PACKING pc=0x000000000450ab24 sp=0x0000000043cad810
Event: 46.127 Thread 0x0000000030fc8000 DEOPT UNPACKING pc=0x0000000002c1582a sp=0x0000000043cad740 mode 2
Event: 46.149 Thread 0x0000000002ad4800 DEOPT PACKING pc=0x0000000004e4f34e sp=0x0000000002acdf20
Event: 46.149 Thread 0x0000000002ad4800 DEOPT UNPACKING pc=0x0000000002c1747f sp=0x0000000002acdf68 mode 0
Event: 46.176 Thread 0x0000000002ad4800 Uncommon trap: trap_request=0xffffff65 fr.pc=0x0000000004edfc78
Event: 46.176 Thread 0x0000000002ad4800 DEOPT PACKING pc=0x0000000004edfc78 sp=0x0000000002ace220
Event: 46.176 Thread 0x0000000002ad4800 DEOPT UNPACKING pc=0x0000000002c1582a sp=0x0000000002ace178 mode 2
Event: 46.198 Executing VM operation: G1IncCollectionPause


Dynamic libraries:
0x00007ff7e7b30000 - 0x00007ff7e7b67000 	C:\Program Files\Java\jdk1.8.0_101\jre\bin\java.exe
0x00007ffaa35d0000 - 0x00007ffaa37c5000 	C:\Windows\SYSTEM32\ntdll.dll
0x00007ffaa3180000 - 0x00007ffaa323d000 	C:\Windows\System32\KERNEL32.DLL
0x00007ffaa1130000 - 0x00007ffaa13f8000 	C:\Windows\System32\KERNELBASE.dll
0x00007ffaa34c0000 - 0x00007ffaa356c000 	C:\Windows\System32\ADVAPI32.dll
0x00007ffaa2fc0000 - 0x00007ffaa305e000 	C:\Windows\System32\msvcrt.dll
0x00007ffaa2870000 - 0x00007ffaa290b000 	C:\Windows\System32\sechost.dll
0x00007ffaa3240000 - 0x00007ffaa336b000 	C:\Windows\System32\RPCRT4.dll
0x00007ffaa1910000 - 0x00007ffaa1ab0000 	C:\Windows\System32\USER32.dll
0x00007ffaa1560000 - 0x00007ffaa1582000 	C:\Windows\System32\win32u.dll
0x00007ffaa18e0000 - 0x00007ffaa190a000 	C:\Windows\System32\GDI32.dll
0x00007ffaa0e90000 - 0x00007ffaa0f9b000 	C:\Windows\System32\gdi32full.dll
0x00007ffaa1590000 - 0x00007ffaa162d000 	C:\Windows\System32\msvcp_win.dll
0x00007ffaa0d10000 - 0x00007ffaa0e10000 	C:\Windows\System32\ucrtbase.dll
0x00007ffa8cfc0000 - 0x00007ffa8d25a000 	C:\Windows\WinSxS\amd64_microsoft.windows.common-controls_6595b64144ccf1df_6.0.19041.844_none_ca00b6081b84eb1d\COMCTL32.dll
0x00007ffaa2e00000 - 0x00007ffaa2e30000 	C:\Windows\System32\IMM32.DLL
0x0000000054ea0000 - 0x0000000054f72000 	C:\Program Files\Java\jdk1.8.0_101\jre\bin\msvcr100.dll
0x0000000054600000 - 0x0000000054e9a000 	C:\Program Files\Java\jdk1.8.0_101\jre\bin\server\jvm.dll
0x00007ffaa1870000 - 0x00007ffaa1878000 	C:\Windows\System32\PSAPI.DLL
0x00007ffa8cc80000 - 0x00007ffa8cc89000 	C:\Windows\SYSTEM32\WSOCK32.dll
0x00007ffa94fd0000 - 0x00007ffa94ff7000 	C:\Windows\SYSTEM32\WINMM.dll
0x00007ffa91a30000 - 0x00007ffa91a3a000 	C:\Windows\SYSTEM32\VERSION.dll
0x00007ffaa3110000 - 0x00007ffaa317b000 	C:\Windows\System32\WS2_32.dll
0x00000000552e0000 - 0x00000000552ef000 	C:\Program Files\Java\jdk1.8.0_101\jre\bin\verify.dll
0x0000000054fc0000 - 0x0000000054fe9000 	C:\Program Files\Java\jdk1.8.0_101\jre\bin\java.dll
0x00000000552c0000 - 0x00000000552d6000 	C:\Program Files\Java\jdk1.8.0_101\jre\bin\zip.dll
0x00007ffaa1ab0000 - 0x00007ffaa21f2000 	C:\Windows\System32\SHELL32.dll
0x00007ffa9ee40000 - 0x00007ffa9f5d0000 	C:\Windows\SYSTEM32\windows.storage.dll
0x00007ffaa2910000 - 0x00007ffaa2c65000 	C:\Windows\System32\combase.dll
0x00007ffaa0700000 - 0x00007ffaa072c000 	C:\Windows\SYSTEM32\Wldp.dll
0x00007ffaa2e90000 - 0x00007ffaa2f3e000 	C:\Windows\System32\SHCORE.dll
0x00007ffaa3460000 - 0x00007ffaa34b5000 	C:\Windows\System32\shlwapi.dll
0x00007ffaa0c50000 - 0x00007ffaa0c6f000 	C:\Windows\SYSTEM32\profapi.dll
0x00000000545b0000 - 0x00000000545bd000 	C:\Program Files\Java\jdk1.8.0_101\jre\bin\management.dll
0x00000000545e0000 - 0x00000000545fa000 	C:\Program Files\Java\jdk1.8.0_101\jre\bin\net.dll
0x00007ffaa0420000 - 0x00007ffaa048a000 	C:\Windows\system32\mswsock.dll
0x00007ffa908b0000 - 0x00007ffa908c7000 	C:\Windows\system32\napinsp.dll
0x00007ffa907f0000 - 0x00007ffa9080b000 	C:\Windows\system32\pnrpnsp.dll
0x00007ffa9ba90000 - 0x00007ffa9baa5000 	C:\Windows\system32\wshbth.dll
0x00007ffa98d60000 - 0x00007ffa98d7d000 	C:\Windows\system32\NLAapi.dll
0x00007ffaa0110000 - 0x00007ffaa014b000 	C:\Windows\SYSTEM32\IPHLPAPI.DLL
0x00007ffaa0150000 - 0x00007ffaa021c000 	C:\Windows\SYSTEM32\DNSAPI.dll
0x00007ffaa23f0000 - 0x00007ffaa23f8000 	C:\Windows\System32\NSI.dll
0x00007ffa907b0000 - 0x00007ffa907c2000 	C:\Windows\System32\winrnr.dll
0x0000000057030000 - 0x0000000057056000 	C:\Program Files\Bonjour\mdnsNSP.dll
0x00007ffa96030000 - 0x00007ffa9603a000 	C:\Windows\System32\rasadhlp.dll
0x00007ffa966b0000 - 0x00007ffa9672f000 	C:\Windows\System32\fwpuclnt.dll
0x00007ffaa0e10000 - 0x00007ffaa0e37000 	C:\Windows\System32\bcrypt.dll
0x00000000545c0000 - 0x00000000545d1000 	C:\Program Files\Java\jdk1.8.0_101\jre\bin\nio.dll
0x00007ffa9fa50000 - 0x00007ffa9fa83000 	C:\Windows\SYSTEM32\ntmarta.dll
0x00007ffaa0650000 - 0x00007ffaa0668000 	C:\Windows\SYSTEM32\CRYPTSP.dll
0x00007ffa9fdc0000 - 0x00007ffa9fdf4000 	C:\Windows\system32\rsaenh.dll
0x00007ffaa0c10000 - 0x00007ffaa0c3e000 	C:\Windows\SYSTEM32\USERENV.dll
0x00007ffaa0fa0000 - 0x00007ffaa1020000 	C:\Windows\System32\bcryptprimitives.dll
0x00007ffaa0730000 - 0x00007ffaa073c000 	C:\Windows\SYSTEM32\CRYPTBASE.dll
0x00007ffa988b0000 - 0x00007ffa988c7000 	C:\Windows\SYSTEM32\dhcpcsvc6.DLL
0x00007ffa98af0000 - 0x00007ffa98b0d000 	C:\Windows\SYSTEM32\dhcpcsvc.DLL
0x0000000054290000 - 0x00000000542a7000 	C:\Program Files\Java\jdk1.8.0_101\jre\bin\unpack.dll
0x0000000054580000 - 0x00000000545a4000 	C:\Program Files\Java\jdk1.8.0_101\jre\bin\sunec.dll
0x00000000542e0000 - 0x00000000542eb000 	C:\Program Files\Java\jdk1.8.0_101\jre\bin\sunmscapi.dll
0x00007ffaa1400000 - 0x00007ffaa155f000 	C:\Windows\System32\CRYPT32.dll
0x0000000180000000 - 0x0000000180053000 	C:\Users\Admin\Documents\GitHub\MC_BadAppleDGDH\Minecraft\.minecraft\versions\1.12.2\1.12.2-natives\lwjgl64.dll
0x00007ffa55a70000 - 0x00007ffa55b96000 	C:\Windows\SYSTEM32\OPENGL32.dll
0x00007ffa5ddf0000 - 0x00007ffa5de1c000 	C:\Windows\SYSTEM32\GLU32.dll
0x0000000054310000 - 0x00000000544a8000 	C:\Program Files\Java\jdk1.8.0_101\jre\bin\awt.dll
0x00007ffaa2320000 - 0x00007ffaa23ed000 	C:\Windows\System32\OLEAUT32.dll
0x00007ffa9dd60000 - 0x00007ffa9ddf0000 	C:\Windows\SYSTEM32\apphelp.dll
0x00007ffa9b680000 - 0x00007ffa9b72e000 	C:\Windows\SYSTEM32\mscms.dll
0x00007ffa9b530000 - 0x00007ffa9b541000 	C:\Windows\SYSTEM32\ColorAdapterClient.dll
0x00007ffa9f610000 - 0x00007ffa9f622000 	C:\Windows\SYSTEM32\kernel.appcore.dll
0x00007ffaa3060000 - 0x00007ffaa3109000 	C:\Windows\System32\clbcatq.dll
0x00007ffa7e520000 - 0x00007ffa7e564000 	C:\Windows\System32\Windows.Internal.Graphics.Display.DisplayColorManagement.dll
0x00007ffaa0e40000 - 0x00007ffaa0e8e000 	C:\Windows\System32\cfgmgr32.dll
0x00007ffa9df40000 - 0x00007ffa9dfde000 	C:\Windows\system32\uxtheme.dll
0x00007ffaa2200000 - 0x00007ffaa2315000 	C:\Windows\System32\MSCTF.dll
0x00007ffa68090000 - 0x00007ffa681c8000 	C:\ProgramData\A-Volute\A-Volute.Nahimic\Modules\Scheduled\x64\AudioDevProps2.dll
0x00007ffaa2c70000 - 0x00007ffaa2d9a000 	C:\Windows\System32\ole32.dll
0x00007ffa7ffb0000 - 0x00007ffa800a9000 	C:\Windows\SYSTEM32\textinputframework.dll
0x00007ffa9d7d0000 - 0x00007ffa9db2e000 	C:\Windows\System32\CoreUIComponents.dll
0x00007ffa9db30000 - 0x00007ffa9dc22000 	C:\Windows\System32\CoreMessaging.dll
0x00007ffa9d100000 - 0x00007ffa9d254000 	C:\Windows\SYSTEM32\wintypes.dll
0x00007ffa98d80000 - 0x00007ffa98e79000 	C:\Windows\System32\AppXDeploymentClient.dll
0x00007ffa7e980000 - 0x00007ffa7e9aa000 	C:\Windows\System32\DriverStore\FileRepository\u0358839.inf_amd64_4febe8b5febaf786\B358480\atig6pxx.dll
0x00007ffa2cb80000 - 0x00007ffa2f867000 	C:\Windows\System32\DriverStore\FileRepository\u0358839.inf_amd64_4febe8b5febaf786\B358480\atio6axx.dll
0x00007ffa8ccc0000 - 0x00007ffa8cce4000 	C:\Windows\SYSTEM32\dxva2.dll
0x0000000035600000 - 0x0000000035a69000 	C:\Windows\System32\SETUPAPI.dll
0x00007ffa9e110000 - 0x00007ffa9e13f000 	C:\Windows\SYSTEM32\dwmapi.dll
0x00007ffa7b900000 - 0x00007ffa7b93c000 	C:\Windows\System32\DriverStore\FileRepository\u0358839.inf_amd64_4febe8b5febaf786\B358480\atig6txx.dll
0x00007ffa81ef0000 - 0x00007ffa820a9000 	C:\Windows\SYSTEM32\atiadlxx.dll
0x00007ffa9c1a0000 - 0x00007ffa9c297000 	C:\Windows\SYSTEM32\PROPSYS.dll
0x00007ffaa0a50000 - 0x00007ffaa0a7c000 	C:\Windows\SYSTEM32\DEVOBJ.dll
0x00007ffaa1020000 - 0x00007ffaa1080000 	C:\Windows\System32\WINTRUST.dll
0x00007ffaa0890000 - 0x00007ffaa08a2000 	C:\Windows\SYSTEM32\MSASN1.dll
0x00007ffa7c4a0000 - 0x00007ffa7c4db000 	C:\Windows\SYSTEM32\dxcore.dll
0x00007ffa6c580000 - 0x00007ffa6c5c3000 	C:\Windows\SYSTEM32\icm32.dll
0x00007ffa683c0000 - 0x00007ffa68402000 	C:\Users\Admin\AppData\Local\Temp\jna-63116079\jna5224426510621160803.dll
0x0000000034960000 - 0x00000000349c4000 	C:\Users\Admin\Documents\GitHub\MC_BadAppleDGDH\Minecraft\.minecraft\versions\1.12.2\1.12.2-natives\OpenAL64.dll
0x00007ffa9a420000 - 0x00007ffa9a4a5000 	C:\Windows\System32\MMDevApi.dll
0x00007ffa9a550000 - 0x00007ffa9a6d1000 	C:\Windows\SYSTEM32\AudioSes.dll
0x00007ffaa0ad0000 - 0x00007ffaa0b1b000 	C:\Windows\SYSTEM32\powrprof.dll
0x00007ffaa0ab0000 - 0x00007ffaa0ac2000 	C:\Windows\SYSTEM32\UMPDC.dll
0x00007ffa807a0000 - 0x00007ffa80805000 	C:\ProgramData\A-Volute\A-Volute.Nahimic\Modules\Scheduled\x64\ProductInfo.dll
0x00007ffa7ba10000 - 0x00007ffa7ba53000 	C:\ProgramData\A-Volute\A-Volute.Nahimic\Modules\Scheduled\x64\ASM.Plugin.AudioDevProps2.dll
0x00007ffa64750000 - 0x00007ffa647ec000 	C:\Windows\SYSTEM32\dsound.dll
0x00007ffa905f0000 - 0x00007ffa90616000 	C:\Windows\SYSTEM32\winmmbase.dll
0x00007ffa9e020000 - 0x00007ffa9e034000 	C:\Windows\SYSTEM32\resourcepolicyclient.dll
0x00007ffa6d090000 - 0x00007ffa6d0aa000 	C:\Users\Admin\Documents\GitHub\MC_BadAppleDGDH\Minecraft\.minecraft\versions\1.12.2\1.12.2-natives\SAPIWrapper_x64.dll

VM Arguments:
jvm_args: -Dminecraft.client.jar=.minecraft\versions\1.12.2\1.12.2.jar -XX:+UnlockExperimentalVMOptions -XX:+UseG1GC -XX:G1NewSizePercent=20 -XX:G1ReservePercent=20 -XX:MaxGCPauseMillis=50 -XX:G1HeapRegionSize=16M -XX:-UseAdaptiveSizePolicy -XX:-OmitStackTraceInFastThrow -Xmn128m -Xmx8192m -Dfml.ignoreInvalidMinecraftCertificates=true -Dfml.ignorePatchDiscrepancies=true -XX:HeapDumpPath=MojangTricksIntelDriversForPerformance_javaw.exe_minecraft.exe.heapdump -Djava.library.path=C:\Users\Admin\Documents\GitHub\MC_BadAppleDGDH\Minecraft\.minecraft\versions\1.12.2\1.12.2-natives -Dminecraft.launcher.brand=HMCL -Dminecraft.launcher.version=3.2.149 
java_command: net.minecraft.launchwrapper.Launch --username RGB YES --version HMCL 3.2.149 --gameDir C:\Users\Admin\Documents\GitHub\MC_BadAppleDGDH\Minecraft\.minecraft --assetsDir C:\Users\Admin\Documents\GitHub\MC_BadAppleDGDH\Minecraft\.minecraft\assets --assetIndex 1.12 --uuid 5ba9d456d585308d92d937faf6fba01b --accessToken 0834198e66f54126ad091fd22066eb6a --userType mojang --tweakClass net.minecraftforge.fml.common.launcher.FMLTweaker --versionType Forge
java_class_path (initial): C:\Users\Admin\Documents\GitHub\MC_BadAppleDGDH\Minecraft\.minecraft\libraries\net\minecraftforge\forge\1.12.2-14.23.5.2779\forge-1.12.2-14.23.5.2779.jar;C:\Users\Admin\Documents\GitHub\MC_BadAppleDGDH\Minecraft\.minecraft\libraries\net\minecraft\launchwrapper\1.12\launchwrapper-1.12.jar;C:\Users\Admin\Documents\GitHub\MC_BadAppleDGDH\Minecraft\.minecraft\libraries\org\ow2\asm\asm-all\5.2\asm-all-5.2.jar;C:\Users\Admin\Documents\GitHub\MC_BadAppleDGDH\Minecraft\.minecraft\libraries\org\jline\jline\3.5.1\jline-3.5.1.jar;C:\Users\Admin\Documents\GitHub\MC_BadAppleDGDH\Minecraft\.minecraft\libraries\net\java\dev\jna\jna\4.4.0\jna-4.4.0.jar;C:\Users\Admin\Documents\GitHub\MC_BadAppleDGDH\Minecraft\.minecraft\libraries\com\typesafe\akka\akka-actor_2.11\2.3.3\akka-actor_2.11-2.3.3.jar;C:\Users\Admin\Documents\GitHub\MC_BadAppleDGDH\Minecraft\.minecraft\libraries\com\typesafe\config\1.2.1\config-1.2.1.jar;C:\Users\Admin\Documents\GitHub\MC_BadAppleDGDH\Minecraft\.minecraft\libraries\org\scala-lang\scala-actors-migration_2.11\1.1.0\scala-actors-migration_2.11-1.1.0.jar;C:\Users\Admin\Documents\GitHub\MC_BadAppleDGDH\Minecraft\.minecraft\libraries\org\scala-lang\scala-compiler\2.11.1\scala-compiler-2.11.1.jar;C:\Users\Admin\Documents\GitHub\MC_BadAppleDGDH\Minecraft\.minecraft\libraries\org\scala-lang\plugins\scala-continuations-library_2.11\1.0.2\scala-continuations-library_2.11-1.0.2.jar;C:\Users\Admin\Documents\GitHub\MC_BadAppleDGDH\Minecraft\.minecraft\libraries\org\scala-lang\plugins\scala-continuations-plugin_2.11.1\1.0.2\scala-continuations-plugin_2.11.1-1.0.2.jar;C:\Users\Admin\Documents\GitHub\MC_BadAppleDGDH\Minecraft\.minecraft\libraries\org\scala-lang\scala-library\2.11.1\scala-library-2.11.1.jar;C:\Users\Admin\Documents\GitHub\MC_BadAppleDGDH\Minecraft\.minecraft\libraries\org\scala-lang\scala-parser-combinators_2.11\1.0.1\scala-parser-combinators_2.11-1.0.1.jar;C:\Users\Admin\Documents\GitHub\MC_BadAppleDGDH\Minecraft\.minecraft\li
Launcher Type: SUN_STANDARD

Environment Variables:
PATH=C:\Program Files (x86)\Common Files\Oracle\Java\javapath;C:\ProgramData\Oracle\Java\javapath;C:\Windows\system32;C:\Windows;C:\Windows\System32\Wbem;C:\Windows\System32\WindowsPowerShell\v1.0\;C:\Windows\System32\OpenSSH\;C:\Program Files\Git\cmd;D:\Program Files\PuTTY\;D:\FFMPEG\bin;C:\Users\Admin\AppData\Local\Programs\Python\Python37\Scripts\;C:\Users\Admin\AppData\Local\Programs\Python\Python37\;C:\Users\Admin\AppData\Local\Microsoft\WindowsApps;C:\Program Files\Bandizip\;C:\Program Files\JetBrains\PyCharm Community Edition 2020.2\bin;;C:\Users\Admin\AppData\Local\GitHubDesktop\bin;C:\Program Files\JetBrains\PyCharm 2020.3.3\bin;;C:\Program Files\JetBrains\IntelliJ IDEA 2020.3.2\bin;;D:\Program Files\JetBrains\WebStorm 2020.3.2\bin;;C:\Users\Admin\AppData\Local\Google\Cloud SDK\google-cloud-sdk\bin
USERNAME=Admin
OS=Windows_NT
PROCESSOR_IDENTIFIER=AMD64 Family 23 Model 96 Stepping 1, AuthenticAMD



---------------  S Y S T E M  ---------------

OS: Windows 10.0 , 64 bit Build 19041 (10.0.19041.928)

CPU:total 8 (8 cores per cpu, 1 threads per core) family 23 model 96 stepping 1, cmov, cx8, fxsr, mmx, sse, sse2, sse3, ssse3, sse4.1, sse4.2, popcnt, avx, avx2, aes, clmul, mmxext, 3dnowpref, lzcnt, sse4a, tsc, tscinvbit, tscinv, bmi1

Memory: 4k page, physical 16119096k(3784132k free), swap 31825336k(113660k free)

vm_info: Java HotSpot(TM) 64-Bit Server VM (25.101-b13) for windows-amd64 JRE (1.8.0_101-b13), built on Jun 22 2016 01:21:29 by "java_re" with MS VC++ 10.0 (VS2010)

time: Mon May 31 15:11:19 2021
elapsed time: 46 seconds (0d 0h 0m 46s)

