#
# There is insufficient memory for the Java Runtime Environment to continue.
# Native memory allocation (malloc) failed to allocate 1721680 bytes for Chunk::new
# Possible reasons:
#   The system is out of physical RAM or swap space
#   In 32 bit mode, the process size limit was hit
# Possible solutions:
#   Reduce memory load on the system
#   Increase physical memory or swap space
#   Check if swap backing store is full
#   Use 64 bit Java on a 64 bit OS
#   Decrease Java heap size (-Xmx/-Xms)
#   Decrease number of Java threads
#   Decrease Java thread stack sizes (-Xss)
#   Set larger code cache with -XX:ReservedCodeCacheSize=
# This output file may be truncated or incomplete.
#
#  Out of Memory Error (allocation.cpp:390), pid=10180, tid=0x0000000000007528
#
# JRE version: Java(TM) SE Runtime Environment (8.0_101-b13) (build 1.8.0_101-b13)
# Java VM: Java HotSpot(TM) 64-Bit Server VM (25.101-b13 mixed mode windows-amd64 compressed oops)
# Failed to write core dump. Minidumps are not enabled by default on client versions of Windows
#

---------------  T H R E A D  ---------------

Current thread (0x000000002c05e000):  JavaThread "C2 CompilerThread2" daemon [_thread_in_native, id=29992, stack(0x000000002c870000,0x000000002c970000)]

Stack: [0x000000002c870000,0x000000002c970000]
[error occurred during error reporting (printing stack bounds), id 0xc0000005]

Native frames: (J=compiled Java code, j=interpreted, Vv=VM code, C=native code)


Current CompileTask:
C2:  42491 12854   !   4       net.minecraft.world.WorldEntitySpawner::func_77192_a (924 bytes)


---------------  P R O C E S S  ---------------

Java Threads: ( => current thread )
  0x0000000031bf3000 JavaThread "pool-3-thread-1" [_thread_blocked, id=9688, stack(0x0000000000010000,0x0000000000110000)]
  0x0000000031bf6000 JavaThread "Chunk Batcher 7" daemon [_thread_blocked, id=10476, stack(0x0000000053190000,0x0000000053290000)]
  0x0000000031bf9000 JavaThread "Chunk Batcher 6" daemon [_thread_blocked, id=15600, stack(0x0000000053090000,0x0000000053190000)]
  0x0000000031bf3800 JavaThread "Chunk Batcher 5" daemon [_thread_blocked, id=25900, stack(0x0000000051630000,0x0000000051730000)]
  0x0000000031bf9800 JavaThread "Chunk Batcher 4" daemon [_thread_blocked, id=14788, stack(0x0000000051530000,0x0000000051630000)]
  0x0000000031bf5000 JavaThread "Chunk Batcher 3" daemon [_thread_blocked, id=28668, stack(0x0000000051430000,0x0000000051530000)]
  0x0000000031bf8000 JavaThread "Chunk Batcher 2" daemon [_thread_blocked, id=264, stack(0x0000000051330000,0x0000000051430000)]
  0x0000000031beb800 JavaThread "Chunk Batcher 1" daemon [_thread_blocked, id=2512, stack(0x0000000051230000,0x0000000051330000)]
  0x0000000031bf2000 JavaThread "Chunk Batcher 0" daemon [_thread_blocked, id=14348, stack(0x0000000051130000,0x0000000051230000)]
  0x0000000031bf1800 JavaThread "Chunk I/O Executor Thread-1" daemon [_thread_blocked, id=27496, stack(0x000000004fcc0000,0x000000004fdc0000)]
  0x0000000031bf0800 JavaThread "Netty Server IO #1" daemon [_thread_in_native, id=26108, stack(0x000000004fbc0000,0x000000004fcc0000)]
  0x0000000031bf0000 JavaThread "Netty Local Client IO #0" daemon [_thread_blocked, id=6412, stack(0x000000004fac0000,0x000000004fbc0000)]
  0x0000000031bef000 JavaThread "Keep-Alive-Timer" daemon [_thread_blocked, id=28776, stack(0x000000004f9c0000,0x000000004fac0000)]
  0x0000000031bed000 JavaThread "Netty Server IO #0" daemon [_thread_in_native, id=27580, stack(0x000000004f6c0000,0x000000004f7c0000)]
  0x0000000031bed800 JavaThread "File IO Thread" [_thread_blocked, id=4364, stack(0x00000000496e0000,0x00000000497e0000)]
  0x000000002f66a800 JavaThread "Server thread" [_thread_blocked, id=1568, stack(0x000000004de50000,0x000000004df50000)]
  0x000000002f66d800 JavaThread "Snooper Timer" daemon [_thread_in_native, id=29752, stack(0x000000004b330000,0x000000004b430000)]
  0x000000002f668800 JavaThread "Narrator" daemon [_thread_blocked, id=30188, stack(0x00000000372a0000,0x00000000373a0000)]
  0x000000002f669000 JavaThread "Thread-11" [_thread_blocked, id=16500, stack(0x000000004abe0000,0x000000004ace0000)]
  0x000000002f66c000 JavaThread "Thread-10" [_thread_blocked, id=17888, stack(0x00000000498e0000,0x00000000499e0000)]
  0x000000002f8a8800 JavaThread "LWJGL Timer" daemon [_thread_blocked, id=30432, stack(0x0000000037090000,0x0000000037190000)]
  0x0000000032136000 JavaThread "Java2D Disposer" daemon [_thread_blocked, id=8240, stack(0x0000000032a60000,0x0000000032b60000)]
  0x00000000302d7800 JavaThread "Timer hack thread" daemon [_thread_blocked, id=17808, stack(0x0000000032330000,0x0000000032430000)]
  0x0000000032c48000 JavaThread "Snooper Timer" daemon [_thread_blocked, id=26204, stack(0x00000000340b0000,0x00000000341b0000)]
  0x000000002c06c000 JavaThread "Service Thread" daemon [_thread_blocked, id=11572, stack(0x000000002cf70000,0x000000002d070000)]
  0x000000002c05f000 JavaThread "C1 CompilerThread3" daemon [_thread_blocked, id=12624, stack(0x000000002ca70000,0x000000002cb70000)]
=>0x000000002c05e000 JavaThread "C2 CompilerThread2" daemon [_thread_in_native, id=29992, stack(0x000000002c870000,0x000000002c970000)]
  0x000000002c04c000 JavaThread "C2 CompilerThread1" daemon [_thread_in_native, id=12040, stack(0x000000002c770000,0x000000002c870000)]
  0x000000002c05c800 JavaThread "C2 CompilerThread0" daemon [_thread_in_native, id=10072, stack(0x000000002c670000,0x000000002c770000)]
  0x000000002c05b800 JavaThread "Attach Listener" daemon [_thread_blocked, id=14916, stack(0x000000002c570000,0x000000002c670000)]
  0x000000002c056800 JavaThread "Signal Dispatcher" daemon [_thread_blocked, id=5488, stack(0x000000002c470000,0x000000002c570000)]
  0x000000002c055000 JavaThread "Surrogate Locker Thread (Concurrent GC)" daemon [_thread_blocked, id=19568, stack(0x000000002c370000,0x000000002c470000)]
  0x000000002c021800 JavaThread "Finalizer" daemon [_thread_blocked, id=15704, stack(0x000000002c270000,0x000000002c370000)]
  0x000000002c01b800 JavaThread "Reference Handler" daemon [_thread_blocked, id=12748, stack(0x000000002c170000,0x000000002c270000)]
  0x0000000002a24800 JavaThread "Client thread" [_thread_in_Java, id=11076, stack(0x0000000002920000,0x0000000002a20000)]

Other Threads:
  0x000000002c013800 VMThread [stack: 0x000000002c070000,0x000000002c170000] [id=26696]
  0x000000002cca1800 WatcherThread [stack: 0x000000002d070000,0x000000002d170000] [id=21692]

VM state:not at safepoint (normal execution)

VM Mutex/Monitor currently owned by a thread: None

Heap:
 garbage-first heap   total 3620864K, used 664119K [0x00000005c0000000, 0x00000005c10006e8, 0x00000007c0000000)
  region size 16384K, 7 young (114688K), 1 survivors (16384K)
 Metaspace       used 60409K, capacity 61653K, committed 61824K, reserved 1103872K
  class space    used 7687K, capacity 8007K, committed 8064K, reserved 1048576K

Heap Regions: (Y=young(eden), SU=young(survivor), HS=humongous(starts), HC=humongous(continues), CS=collection set, F=free, TS=gc time stamp, PTAMS=previous top-at-mark-start, NTAMS=next top-at-mark-start)
AC   0  O    TS     0 PTAMS 0x00000005c0000000 NTAMS 0x00000005c0000000 space 16384K,  99% used [0x00000005c0000000, 0x00000005c1000000)
AC   0  O    TS     0 PTAMS 0x00000005c1000000 NTAMS 0x00000005c1000000 space 16384K,  99% used [0x00000005c1000000, 0x00000005c2000000)
AC   0  O    TS     0 PTAMS 0x00000005c2000000 NTAMS 0x00000005c2000000 space 16384K, 100% used [0x00000005c2000000, 0x00000005c3000000)
AC   0 HS    TS     0 PTAMS 0x00000005c3000000 NTAMS 0x00000005c3000000 space 16384K,  62% used [0x00000005c3000000, 0x00000005c4000000)
AC   0  O    TS     0 PTAMS 0x00000005c4000000 NTAMS 0x00000005c4000000 space 16384K,  99% used [0x00000005c4000000, 0x00000005c5000000)
AC   0  O    TS     0 PTAMS 0x00000005c5000000 NTAMS 0x00000005c5000000 space 16384K,  99% used [0x00000005c5000000, 0x00000005c6000000)
AC   0  O    TS     0 PTAMS 0x00000005c6000000 NTAMS 0x00000005c6000000 space 16384K,  99% used [0x00000005c6000000, 0x00000005c7000000)
AC   0  O    TS     0 PTAMS 0x00000005c7000000 NTAMS 0x00000005c7000000 space 16384K,  99% used [0x00000005c7000000, 0x00000005c8000000)
AC   0  O    TS     0 PTAMS 0x00000005c8000000 NTAMS 0x00000005c8000000 space 16384K,  99% used [0x00000005c8000000, 0x00000005c9000000)
AC   0  O    TS     0 PTAMS 0x00000005c9000000 NTAMS 0x00000005c9000000 space 16384K, 100% used [0x00000005c9000000, 0x00000005ca000000)
AC   0  O    TS     0 PTAMS 0x00000005ca000000 NTAMS 0x00000005ca000000 space 16384K,  99% used [0x00000005ca000000, 0x00000005cb000000)
AC   0  O    TS     0 PTAMS 0x00000005cb000000 NTAMS 0x00000005cb000000 space 16384K,  18% used [0x00000005cb000000, 0x00000005cc000000)
AC   0  O    TS    11 PTAMS 0x00000005cc000000 NTAMS 0x00000005cc000000 space 16384K, 100% used [0x00000005cc000000, 0x00000005cd000000)
AC   0  O    TS    13 PTAMS 0x00000005cd000000 NTAMS 0x00000005cd000000 space 16384K, 100% used [0x00000005cd000000, 0x00000005ce000000)
AC   0  O    TS     7 PTAMS 0x00000005ce000000 NTAMS 0x00000005ce000000 space 16384K, 100% used [0x00000005ce000000, 0x00000005cf000000)
AC   0  O    TS    13 PTAMS 0x00000005cf000000 NTAMS 0x00000005cf000000 space 16384K, 100% used [0x00000005cf000000, 0x00000005d0000000)
AC   0  O    TS    13 PTAMS 0x00000005d0000000 NTAMS 0x00000005d0000000 space 16384K, 100% used [0x00000005d0000000, 0x00000005d1000000)
AC   0  O    TS    13 PTAMS 0x00000005d1000000 NTAMS 0x00000005d1000000 space 16384K, 100% used [0x00000005d1000000, 0x00000005d2000000)
AC   0  O    TS    13 PTAMS 0x00000005d2000000 NTAMS 0x00000005d2000000 space 16384K, 100% used [0x00000005d2000000, 0x00000005d3000000)
AC   0  O    TS    15 PTAMS 0x00000005d3000000 NTAMS 0x00000005d3000000 space 16384K, 100% used [0x00000005d3000000, 0x00000005d4000000)
AC   0  O    TS    15 PTAMS 0x00000005d4000000 NTAMS 0x00000005d4000000 space 16384K, 100% used [0x00000005d4000000, 0x00000005d5000000)
AC   0  O    TS    15 PTAMS 0x00000005d5000000 NTAMS 0x00000005d5000000 space 16384K, 100% used [0x00000005d5000000, 0x00000005d6000000)
AC   0  O    TS    15 PTAMS 0x00000005d6000000 NTAMS 0x00000005d6000000 space 16384K, 100% used [0x00000005d6000000, 0x00000005d7000000)
AC   0  O    TS    15 PTAMS 0x00000005d7000000 NTAMS 0x00000005d7000000 space 16384K, 100% used [0x00000005d7000000, 0x00000005d8000000)
AC   0  O    TS    17 PTAMS 0x00000005d8000000 NTAMS 0x00000005d8000000 space 16384K, 100% used [0x00000005d8000000, 0x00000005d9000000)
AC   0 HS    TS     0 PTAMS 0x00000005d9000000 NTAMS 0x00000005d9000000 space 32768K,  50% used [0x00000005d9000000, 0x00000005db000000)
AC   0 HC    TS     0 PTAMS 0x00000005da000000 NTAMS 0x00000005da000000 space 16384K,   0% used [0x00000005da000000, 0x00000005db000000)
AC   0 HS    TS     0 PTAMS 0x00000005db000000 NTAMS 0x00000005db000000 space 32768K,  50% used [0x00000005db000000, 0x00000005dd000000)
AC   0 HC    TS     1 PTAMS 0x00000005dc000000 NTAMS 0x00000005dc000000 space 16384K,   0% used [0x00000005dc000000, 0x00000005dd000000)
AC   0  O    TS    19 PTAMS 0x00000005dd000000 NTAMS 0x00000005dd000000 space 16384K, 100% used [0x00000005dd000000, 0x00000005de000000)
AC   0  O    TS    19 PTAMS 0x00000005de000000 NTAMS 0x00000005de000000 space 16384K, 100% used [0x00000005de000000, 0x00000005df000000)
AC   0  O    TS    19 PTAMS 0x00000005df000000 NTAMS 0x00000005df000000 space 16384K, 100% used [0x00000005df000000, 0x00000005e0000000)
AC   0  O    TS    19 PTAMS 0x00000005e0000000 NTAMS 0x00000005e0000000 space 16384K,  72% used [0x00000005e0000000, 0x00000005e1000000)
AC   0 HS    TS     0 PTAMS 0x00000005e1000000 NTAMS 0x00000005e1000000 space 32768K,  50% used [0x00000005e1000000, 0x00000005e3000000)
AC   0 HC    TS     0 PTAMS 0x00000005e2000000 NTAMS 0x00000005e2000000 space 16384K,   0% used [0x00000005e2000000, 0x00000005e3000000)
AC   0  O    TS    17 PTAMS 0x00000005e3000000 NTAMS 0x00000005e3000000 space 16384K, 100% used [0x00000005e3000000, 0x00000005e4000000)
AC   0  O    TS    17 PTAMS 0x00000005e4000000 NTAMS 0x00000005e4000000 space 16384K, 100% used [0x00000005e4000000, 0x00000005e5000000)
AC   0  O    TS    17 PTAMS 0x00000005e5000000 NTAMS 0x00000005e5000000 space 16384K, 100% used [0x00000005e5000000, 0x00000005e6000000)
AC   0  O    TS    19 PTAMS 0x00000005e6000000 NTAMS 0x00000005e6000000 space 16384K, 100% used [0x00000005e6000000, 0x00000005e7000000)
AC   0  F    TS     3 PTAMS 0x00000005e7000000 NTAMS 0x00000005e7000000 space 16384K,   0% used [0x00000005e7000000, 0x00000005e8000000)
AC   0  F    TS     3 PTAMS 0x00000005e8000000 NTAMS 0x00000005e8000000 space 16384K,   0% used [0x00000005e8000000, 0x00000005e9000000)
AC   0  F    TS     3 PTAMS 0x00000005e9000000 NTAMS 0x00000005e9000000 space 16384K,   0% used [0x00000005e9000000, 0x00000005ea000000)
AC   0  F    TS     3 PTAMS 0x00000005ea000000 NTAMS 0x00000005ea000000 space 16384K,   0% used [0x00000005ea000000, 0x00000005eb000000)
AC   0  F    TS     3 PTAMS 0x00000005eb000000 NTAMS 0x00000005eb000000 space 16384K,   0% used [0x00000005eb000000, 0x00000005ec000000)
AC   0  F    TS     3 PTAMS 0x00000005ec000000 NTAMS 0x00000005ec000000 space 16384K,   0% used [0x00000005ec000000, 0x00000005ed000000)
AC   0  F    TS     3 PTAMS 0x00000005ed000000 NTAMS 0x00000005ed000000 space 16384K,   0% used [0x00000005ed000000, 0x00000005ee000000)
AC   0  F    TS     3 PTAMS 0x00000005ee000000 NTAMS 0x00000005ee000000 space 16384K,   0% used [0x00000005ee000000, 0x00000005ef000000)
AC   0  F    TS     3 PTAMS 0x00000005ef000000 NTAMS 0x00000005ef000000 space 16384K,   0% used [0x00000005ef000000, 0x00000005f0000000)
AC   0  F    TS     3 PTAMS 0x00000005f0000000 NTAMS 0x00000005f0000000 space 16384K,   0% used [0x00000005f0000000, 0x00000005f1000000)
AC   0  F    TS     3 PTAMS 0x00000005f1000000 NTAMS 0x00000005f1000000 space 16384K,   0% used [0x00000005f1000000, 0x00000005f2000000)
AC   0  F    TS     3 PTAMS 0x00000005f2000000 NTAMS 0x00000005f2000000 space 16384K,   0% used [0x00000005f2000000, 0x00000005f3000000)
AC   0  F    TS     3 PTAMS 0x00000005f3000000 NTAMS 0x00000005f3000000 space 16384K,   0% used [0x00000005f3000000, 0x00000005f4000000)
AC   0  F    TS     3 PTAMS 0x00000005f4000000 NTAMS 0x00000005f4000000 space 16384K,   0% used [0x00000005f4000000, 0x00000005f5000000)
AC   0  F    TS     3 PTAMS 0x00000005f5000000 NTAMS 0x00000005f5000000 space 16384K,   0% used [0x00000005f5000000, 0x00000005f6000000)
AC   0  F    TS     3 PTAMS 0x00000005f6000000 NTAMS 0x00000005f6000000 space 16384K,   0% used [0x00000005f6000000, 0x00000005f7000000)
AC   0  F    TS     3 PTAMS 0x00000005f7000000 NTAMS 0x00000005f7000000 space 16384K,   0% used [0x00000005f7000000, 0x00000005f8000000)
AC   0  F    TS     3 PTAMS 0x00000005f8000000 NTAMS 0x00000005f8000000 space 16384K,   0% used [0x00000005f8000000, 0x00000005f9000000)
AC   0  F    TS     3 PTAMS 0x00000005f9000000 NTAMS 0x00000005f9000000 space 16384K,   0% used [0x00000005f9000000, 0x00000005fa000000)
AC   0  F    TS     3 PTAMS 0x00000005fa000000 NTAMS 0x00000005fa000000 space 16384K,   0% used [0x00000005fa000000, 0x00000005fb000000)
AC   0  F    TS     3 PTAMS 0x00000005fb000000 NTAMS 0x00000005fb000000 space 16384K,   0% used [0x00000005fb000000, 0x00000005fc000000)
AC   0  F    TS     3 PTAMS 0x00000005fc000000 NTAMS 0x00000005fc000000 space 16384K,   0% used [0x00000005fc000000, 0x00000005fd000000)
AC   0  F    TS     3 PTAMS 0x00000005fd000000 NTAMS 0x00000005fd000000 space 16384K,   0% used [0x00000005fd000000, 0x00000005fe000000)
AC   0  F    TS     3 PTAMS 0x00000005fe000000 NTAMS 0x00000005fe000000 space 16384K,   0% used [0x00000005fe000000, 0x00000005ff000000)
AC   0  F    TS     3 PTAMS 0x00000005ff000000 NTAMS 0x00000005ff000000 space 16384K,   0% used [0x00000005ff000000, 0x0000000600000000)
AC   0  F    TS     3 PTAMS 0x0000000600000000 NTAMS 0x0000000600000000 space 16384K,   0% used [0x0000000600000000, 0x0000000601000000)
AC   0  F    TS     3 PTAMS 0x0000000601000000 NTAMS 0x0000000601000000 space 16384K,   0% used [0x0000000601000000, 0x0000000602000000)
AC   0  F    TS     5 PTAMS 0x0000000602000000 NTAMS 0x0000000602000000 space 16384K,   0% used [0x0000000602000000, 0x0000000603000000)
AC   0  F    TS     3 PTAMS 0x0000000603000000 NTAMS 0x0000000603000000 space 16384K,   0% used [0x0000000603000000, 0x0000000604000000)
AC   0  F    TS     3 PTAMS 0x0000000604000000 NTAMS 0x0000000604000000 space 16384K,   0% used [0x0000000604000000, 0x0000000605000000)
AC   0  F    TS     3 PTAMS 0x0000000605000000 NTAMS 0x0000000605000000 space 16384K,   0% used [0x0000000605000000, 0x0000000606000000)
AC   0  F    TS     3 PTAMS 0x0000000606000000 NTAMS 0x0000000606000000 space 16384K,   0% used [0x0000000606000000, 0x0000000607000000)
AC   0  F    TS     3 PTAMS 0x0000000607000000 NTAMS 0x0000000607000000 space 16384K,   0% used [0x0000000607000000, 0x0000000608000000)
AC   0  F    TS     3 PTAMS 0x0000000608000000 NTAMS 0x0000000608000000 space 16384K,   0% used [0x0000000608000000, 0x0000000609000000)
AC   0  F    TS     3 PTAMS 0x0000000609000000 NTAMS 0x0000000609000000 space 16384K,   0% used [0x0000000609000000, 0x000000060a000000)
AC   0  F    TS     5 PTAMS 0x000000060a000000 NTAMS 0x000000060a000000 space 16384K,   0% used [0x000000060a000000, 0x000000060b000000)
AC   0  F    TS     5 PTAMS 0x000000060b000000 NTAMS 0x000000060b000000 space 16384K,   0% used [0x000000060b000000, 0x000000060c000000)
AC   0  F    TS     5 PTAMS 0x000000060c000000 NTAMS 0x000000060c000000 space 16384K,   0% used [0x000000060c000000, 0x000000060d000000)
AC   0  F    TS     5 PTAMS 0x000000060d000000 NTAMS 0x000000060d000000 space 16384K,   0% used [0x000000060d000000, 0x000000060e000000)
AC   0  F    TS     5 PTAMS 0x000000060e000000 NTAMS 0x000000060e000000 space 16384K,   0% used [0x000000060e000000, 0x000000060f000000)
AC   0  F    TS     5 PTAMS 0x000000060f000000 NTAMS 0x000000060f000000 space 16384K,   0% used [0x000000060f000000, 0x0000000610000000)
AC   0  F    TS     5 PTAMS 0x0000000610000000 NTAMS 0x0000000610000000 space 16384K,   0% used [0x0000000610000000, 0x0000000611000000)
AC   0  F    TS     5 PTAMS 0x0000000611000000 NTAMS 0x0000000611000000 space 16384K,   0% used [0x0000000611000000, 0x0000000612000000)
AC   0  F    TS     5 PTAMS 0x0000000612000000 NTAMS 0x0000000612000000 space 16384K,   0% used [0x0000000612000000, 0x0000000613000000)
AC   0  F    TS     5 PTAMS 0x0000000613000000 NTAMS 0x0000000613000000 space 16384K,   0% used [0x0000000613000000, 0x0000000614000000)
AC   0  F    TS     5 PTAMS 0x0000000614000000 NTAMS 0x0000000614000000 space 16384K,   0% used [0x0000000614000000, 0x0000000615000000)
AC   0  F    TS     5 PTAMS 0x0000000615000000 NTAMS 0x0000000615000000 space 16384K,   0% used [0x0000000615000000, 0x0000000616000000)
AC   0  F    TS     5 PTAMS 0x0000000616000000 NTAMS 0x0000000616000000 space 16384K,   0% used [0x0000000616000000, 0x0000000617000000)
AC   0  F    TS     5 PTAMS 0x0000000617000000 NTAMS 0x0000000617000000 space 16384K,   0% used [0x0000000617000000, 0x0000000618000000)
AC   0  F    TS     5 PTAMS 0x0000000618000000 NTAMS 0x0000000618000000 space 16384K,   0% used [0x0000000618000000, 0x0000000619000000)
AC   0  F    TS     5 PTAMS 0x0000000619000000 NTAMS 0x0000000619000000 space 16384K,   0% used [0x0000000619000000, 0x000000061a000000)
AC   0  F    TS     5 PTAMS 0x000000061a000000 NTAMS 0x000000061a000000 space 16384K,   0% used [0x000000061a000000, 0x000000061b000000)
AC   0  F    TS     5 PTAMS 0x000000061b000000 NTAMS 0x000000061b000000 space 16384K,   0% used [0x000000061b000000, 0x000000061c000000)
AC   0  F    TS     5 PTAMS 0x000000061c000000 NTAMS 0x000000061c000000 space 16384K,   0% used [0x000000061c000000, 0x000000061d000000)
AC   0  F    TS     5 PTAMS 0x000000061d000000 NTAMS 0x000000061d000000 space 16384K,   0% used [0x000000061d000000, 0x000000061e000000)
AC   0  F    TS     5 PTAMS 0x000000061e000000 NTAMS 0x000000061e000000 space 16384K,   0% used [0x000000061e000000, 0x000000061f000000)
AC   0  F    TS     5 PTAMS 0x000000061f000000 NTAMS 0x000000061f000000 space 16384K,   0% used [0x000000061f000000, 0x0000000620000000)
AC   0  F    TS     5 PTAMS 0x0000000620000000 NTAMS 0x0000000620000000 space 16384K,   0% used [0x0000000620000000, 0x0000000621000000)
AC   0  F    TS     5 PTAMS 0x0000000621000000 NTAMS 0x0000000621000000 space 16384K,   0% used [0x0000000621000000, 0x0000000622000000)
AC   0  F    TS     5 PTAMS 0x0000000622000000 NTAMS 0x0000000622000000 space 16384K,   0% used [0x0000000622000000, 0x0000000623000000)
AC   0  F    TS     5 PTAMS 0x0000000623000000 NTAMS 0x0000000623000000 space 16384K,   0% used [0x0000000623000000, 0x0000000624000000)
AC   0  F    TS     5 PTAMS 0x0000000624000000 NTAMS 0x0000000624000000 space 16384K,   0% used [0x0000000624000000, 0x0000000625000000)
AC   0  F    TS     5 PTAMS 0x0000000625000000 NTAMS 0x0000000625000000 space 16384K,   0% used [0x0000000625000000, 0x0000000626000000)
AC   0  F    TS     5 PTAMS 0x0000000626000000 NTAMS 0x0000000626000000 space 16384K,   0% used [0x0000000626000000, 0x0000000627000000)
AC   0  F    TS     5 PTAMS 0x0000000627000000 NTAMS 0x0000000627000000 space 16384K,   0% used [0x0000000627000000, 0x0000000628000000)
AC   0  F    TS     5 PTAMS 0x0000000628000000 NTAMS 0x0000000628000000 space 16384K,   0% used [0x0000000628000000, 0x0000000629000000)
AC   0  F    TS     5 PTAMS 0x0000000629000000 NTAMS 0x0000000629000000 space 16384K,   0% used [0x0000000629000000, 0x000000062a000000)
AC   0  F    TS     5 PTAMS 0x000000062a000000 NTAMS 0x000000062a000000 space 16384K,   0% used [0x000000062a000000, 0x000000062b000000)
AC   0  F    TS     5 PTAMS 0x000000062b000000 NTAMS 0x000000062b000000 space 16384K,   0% used [0x000000062b000000, 0x000000062c000000)
AC   0  F    TS     5 PTAMS 0x000000062c000000 NTAMS 0x000000062c000000 space 16384K,   0% used [0x000000062c000000, 0x000000062d000000)
AC   0  F    TS     5 PTAMS 0x000000062d000000 NTAMS 0x000000062d000000 space 16384K,   0% used [0x000000062d000000, 0x000000062e000000)
AC   0  F    TS     5 PTAMS 0x000000062e000000 NTAMS 0x000000062e000000 space 16384K,   0% used [0x000000062e000000, 0x000000062f000000)
AC   0  F    TS     5 PTAMS 0x000000062f000000 NTAMS 0x000000062f000000 space 16384K,   0% used [0x000000062f000000, 0x0000000630000000)
AC   0  F    TS     5 PTAMS 0x0000000630000000 NTAMS 0x0000000630000000 space 16384K,   0% used [0x0000000630000000, 0x0000000631000000)
AC   0  F    TS     5 PTAMS 0x0000000631000000 NTAMS 0x0000000631000000 space 16384K,   0% used [0x0000000631000000, 0x0000000632000000)
AC   0  F    TS     5 PTAMS 0x0000000632000000 NTAMS 0x0000000632000000 space 16384K,   0% used [0x0000000632000000, 0x0000000633000000)
AC   0  F    TS     5 PTAMS 0x0000000633000000 NTAMS 0x0000000633000000 space 16384K,   0% used [0x0000000633000000, 0x0000000634000000)
AC   0  F    TS     5 PTAMS 0x0000000634000000 NTAMS 0x0000000634000000 space 16384K,   0% used [0x0000000634000000, 0x0000000635000000)
AC   0  F    TS     5 PTAMS 0x0000000635000000 NTAMS 0x0000000635000000 space 16384K,   0% used [0x0000000635000000, 0x0000000636000000)
AC   0  F    TS     5 PTAMS 0x0000000636000000 NTAMS 0x0000000636000000 space 16384K,   0% used [0x0000000636000000, 0x0000000637000000)
AC   0  F    TS     5 PTAMS 0x0000000637000000 NTAMS 0x0000000637000000 space 16384K,   0% used [0x0000000637000000, 0x0000000638000000)
AC   0  F    TS     5 PTAMS 0x0000000638000000 NTAMS 0x0000000638000000 space 16384K,   0% used [0x0000000638000000, 0x0000000639000000)
AC   0  F    TS     5 PTAMS 0x0000000639000000 NTAMS 0x0000000639000000 space 16384K,   0% used [0x0000000639000000, 0x000000063a000000)
AC   0  F    TS     5 PTAMS 0x000000063a000000 NTAMS 0x000000063a000000 space 16384K,   0% used [0x000000063a000000, 0x000000063b000000)
AC   0  F    TS     5 PTAMS 0x000000063b000000 NTAMS 0x000000063b000000 space 16384K,   0% used [0x000000063b000000, 0x000000063c000000)
AC   0  F    TS     5 PTAMS 0x000000063c000000 NTAMS 0x000000063c000000 space 16384K,   0% used [0x000000063c000000, 0x000000063d000000)
AC   0  F    TS     5 PTAMS 0x000000063d000000 NTAMS 0x000000063d000000 space 16384K,   0% used [0x000000063d000000, 0x000000063e000000)
AC   0  F    TS     5 PTAMS 0x000000063e000000 NTAMS 0x000000063e000000 space 16384K,   0% used [0x000000063e000000, 0x000000063f000000)
AC   0  F    TS     5 PTAMS 0x000000063f000000 NTAMS 0x000000063f000000 space 16384K,   0% used [0x000000063f000000, 0x0000000640000000)
AC   0  F    TS     5 PTAMS 0x0000000640000000 NTAMS 0x0000000640000000 space 16384K,   0% used [0x0000000640000000, 0x0000000641000000)
AC   0  F    TS     5 PTAMS 0x0000000641000000 NTAMS 0x0000000641000000 space 16384K,   0% used [0x0000000641000000, 0x0000000642000000)
AC   0  F    TS     5 PTAMS 0x0000000642000000 NTAMS 0x0000000642000000 space 16384K,   0% used [0x0000000642000000, 0x0000000643000000)
AC   0  F    TS     5 PTAMS 0x0000000643000000 NTAMS 0x0000000643000000 space 16384K,   0% used [0x0000000643000000, 0x0000000644000000)
AC   0  F    TS     5 PTAMS 0x0000000644000000 NTAMS 0x0000000644000000 space 16384K,   0% used [0x0000000644000000, 0x0000000645000000)
AC   0  F    TS     5 PTAMS 0x0000000645000000 NTAMS 0x0000000645000000 space 16384K,   0% used [0x0000000645000000, 0x0000000646000000)
AC   0  F    TS     5 PTAMS 0x0000000646000000 NTAMS 0x0000000646000000 space 16384K,   0% used [0x0000000646000000, 0x0000000647000000)
AC   0  F    TS     5 PTAMS 0x0000000647000000 NTAMS 0x0000000647000000 space 16384K,   0% used [0x0000000647000000, 0x0000000648000000)
AC   0  F    TS     5 PTAMS 0x0000000648000000 NTAMS 0x0000000648000000 space 16384K,   0% used [0x0000000648000000, 0x0000000649000000)
AC   0  F    TS     5 PTAMS 0x0000000649000000 NTAMS 0x0000000649000000 space 16384K,   0% used [0x0000000649000000, 0x000000064a000000)
AC   0  F    TS     5 PTAMS 0x000000064a000000 NTAMS 0x000000064a000000 space 16384K,   0% used [0x000000064a000000, 0x000000064b000000)
AC   0  F    TS     5 PTAMS 0x000000064b000000 NTAMS 0x000000064b000000 space 16384K,   0% used [0x000000064b000000, 0x000000064c000000)
AC   0  F    TS     7 PTAMS 0x000000064c000000 NTAMS 0x000000064c000000 space 16384K,   0% used [0x000000064c000000, 0x000000064d000000)
AC   0  F    TS     5 PTAMS 0x000000064d000000 NTAMS 0x000000064d000000 space 16384K,   0% used [0x000000064d000000, 0x000000064e000000)
AC   0  F    TS     5 PTAMS 0x000000064e000000 NTAMS 0x000000064e000000 space 16384K,   0% used [0x000000064e000000, 0x000000064f000000)
AC   0  F    TS     5 PTAMS 0x000000064f000000 NTAMS 0x000000064f000000 space 16384K,   0% used [0x000000064f000000, 0x0000000650000000)
AC   0  F    TS     5 PTAMS 0x0000000650000000 NTAMS 0x0000000650000000 space 16384K,   0% used [0x0000000650000000, 0x0000000651000000)
AC   0  F    TS     5 PTAMS 0x0000000651000000 NTAMS 0x0000000651000000 space 16384K,   0% used [0x0000000651000000, 0x0000000652000000)
AC   0  F    TS     5 PTAMS 0x0000000652000000 NTAMS 0x0000000652000000 space 16384K,   0% used [0x0000000652000000, 0x0000000653000000)
AC   0  F    TS     5 PTAMS 0x0000000653000000 NTAMS 0x0000000653000000 space 16384K,   0% used [0x0000000653000000, 0x0000000654000000)
AC   0  F    TS     7 PTAMS 0x0000000654000000 NTAMS 0x0000000654000000 space 16384K,   0% used [0x0000000654000000, 0x0000000655000000)
AC   0  F    TS     7 PTAMS 0x0000000655000000 NTAMS 0x0000000655000000 space 16384K,   0% used [0x0000000655000000, 0x0000000656000000)
AC   0  F    TS     7 PTAMS 0x0000000656000000 NTAMS 0x0000000656000000 space 16384K,   0% used [0x0000000656000000, 0x0000000657000000)
AC   0  F    TS     7 PTAMS 0x0000000657000000 NTAMS 0x0000000657000000 space 16384K,   0% used [0x0000000657000000, 0x0000000658000000)
AC   0  F    TS     7 PTAMS 0x0000000658000000 NTAMS 0x0000000658000000 space 16384K,   0% used [0x0000000658000000, 0x0000000659000000)
AC   0  F    TS     7 PTAMS 0x0000000659000000 NTAMS 0x0000000659000000 space 16384K,   0% used [0x0000000659000000, 0x000000065a000000)
AC   0  F    TS     7 PTAMS 0x000000065a000000 NTAMS 0x000000065a000000 space 16384K,   0% used [0x000000065a000000, 0x000000065b000000)
AC   0  F    TS     7 PTAMS 0x000000065b000000 NTAMS 0x000000065b000000 space 16384K,   0% used [0x000000065b000000, 0x000000065c000000)
AC   0  F    TS     7 PTAMS 0x000000065c000000 NTAMS 0x000000065c000000 space 16384K,   0% used [0x000000065c000000, 0x000000065d000000)
AC   0  F    TS     7 PTAMS 0x000000065d000000 NTAMS 0x000000065d000000 space 16384K,   0% used [0x000000065d000000, 0x000000065e000000)
AC   0  F    TS     7 PTAMS 0x000000065e000000 NTAMS 0x000000065e000000 space 16384K,   0% used [0x000000065e000000, 0x000000065f000000)
AC   0  F    TS     7 PTAMS 0x000000065f000000 NTAMS 0x000000065f000000 space 16384K,   0% used [0x000000065f000000, 0x0000000660000000)
AC   0  F    TS     7 PTAMS 0x0000000660000000 NTAMS 0x0000000660000000 space 16384K,   0% used [0x0000000660000000, 0x0000000661000000)
AC   0  F    TS     7 PTAMS 0x0000000661000000 NTAMS 0x0000000661000000 space 16384K,   0% used [0x0000000661000000, 0x0000000662000000)
AC   0  F    TS     7 PTAMS 0x0000000662000000 NTAMS 0x0000000662000000 space 16384K,   0% used [0x0000000662000000, 0x0000000663000000)
AC   0  F    TS     7 PTAMS 0x0000000663000000 NTAMS 0x0000000663000000 space 16384K,   0% used [0x0000000663000000, 0x0000000664000000)
AC   0  F    TS     7 PTAMS 0x0000000664000000 NTAMS 0x0000000664000000 space 16384K,   0% used [0x0000000664000000, 0x0000000665000000)
AC   0  F    TS     7 PTAMS 0x0000000665000000 NTAMS 0x0000000665000000 space 16384K,   0% used [0x0000000665000000, 0x0000000666000000)
AC   0  F    TS     7 PTAMS 0x0000000666000000 NTAMS 0x0000000666000000 space 16384K,   0% used [0x0000000666000000, 0x0000000667000000)
AC   0  F    TS     7 PTAMS 0x0000000667000000 NTAMS 0x0000000667000000 space 16384K,   0% used [0x0000000667000000, 0x0000000668000000)
AC   0  F    TS     7 PTAMS 0x0000000668000000 NTAMS 0x0000000668000000 space 16384K,   0% used [0x0000000668000000, 0x0000000669000000)
AC   0  F    TS     7 PTAMS 0x0000000669000000 NTAMS 0x0000000669000000 space 16384K,   0% used [0x0000000669000000, 0x000000066a000000)
AC   0  F    TS     7 PTAMS 0x000000066a000000 NTAMS 0x000000066a000000 space 16384K,   0% used [0x000000066a000000, 0x000000066b000000)
AC   0  F    TS     7 PTAMS 0x000000066b000000 NTAMS 0x000000066b000000 space 16384K,   0% used [0x000000066b000000, 0x000000066c000000)
AC   0  F    TS     7 PTAMS 0x000000066c000000 NTAMS 0x000000066c000000 space 16384K,   0% used [0x000000066c000000, 0x000000066d000000)
AC   0  F    TS     7 PTAMS 0x000000066d000000 NTAMS 0x000000066d000000 space 16384K,   0% used [0x000000066d000000, 0x000000066e000000)
AC   0  F    TS     7 PTAMS 0x000000066e000000 NTAMS 0x000000066e000000 space 16384K,   0% used [0x000000066e000000, 0x000000066f000000)
AC   0  F    TS     7 PTAMS 0x000000066f000000 NTAMS 0x000000066f000000 space 16384K,   0% used [0x000000066f000000, 0x0000000670000000)
AC   0  F    TS     7 PTAMS 0x0000000670000000 NTAMS 0x0000000670000000 space 16384K,   0% used [0x0000000670000000, 0x0000000671000000)
AC   0  F    TS     7 PTAMS 0x0000000671000000 NTAMS 0x0000000671000000 space 16384K,   0% used [0x0000000671000000, 0x0000000672000000)
AC   0  F    TS     7 PTAMS 0x0000000672000000 NTAMS 0x0000000672000000 space 16384K,   0% used [0x0000000672000000, 0x0000000673000000)
AC   0  F    TS     7 PTAMS 0x0000000673000000 NTAMS 0x0000000673000000 space 16384K,   0% used [0x0000000673000000, 0x0000000674000000)
AC   0  F    TS     7 PTAMS 0x0000000674000000 NTAMS 0x0000000674000000 space 16384K,   0% used [0x0000000674000000, 0x0000000675000000)
AC   0  F    TS     7 PTAMS 0x0000000675000000 NTAMS 0x0000000675000000 space 16384K,   0% used [0x0000000675000000, 0x0000000676000000)
AC   0  F    TS     7 PTAMS 0x0000000676000000 NTAMS 0x0000000676000000 space 16384K,   0% used [0x0000000676000000, 0x0000000677000000)
AC   0  F    TS     7 PTAMS 0x0000000677000000 NTAMS 0x0000000677000000 space 16384K,   0% used [0x0000000677000000, 0x0000000678000000)
AC   0  F    TS     7 PTAMS 0x0000000678000000 NTAMS 0x0000000678000000 space 16384K,   0% used [0x0000000678000000, 0x0000000679000000)
AC   0  F    TS     7 PTAMS 0x0000000679000000 NTAMS 0x0000000679000000 space 16384K,   0% used [0x0000000679000000, 0x000000067a000000)
AC   0  F    TS     7 PTAMS 0x000000067a000000 NTAMS 0x000000067a000000 space 16384K,   0% used [0x000000067a000000, 0x000000067b000000)
AC   0  F    TS     7 PTAMS 0x000000067b000000 NTAMS 0x000000067b000000 space 16384K,   0% used [0x000000067b000000, 0x000000067c000000)
AC   0  F    TS     7 PTAMS 0x000000067c000000 NTAMS 0x000000067c000000 space 16384K,   0% used [0x000000067c000000, 0x000000067d000000)
AC   0  F    TS     7 PTAMS 0x000000067d000000 NTAMS 0x000000067d000000 space 16384K,   0% used [0x000000067d000000, 0x000000067e000000)
AC   0  F    TS     7 PTAMS 0x000000067e000000 NTAMS 0x000000067e000000 space 16384K,   0% used [0x000000067e000000, 0x000000067f000000)
AC   0  F    TS     7 PTAMS 0x000000067f000000 NTAMS 0x000000067f000000 space 16384K,   0% used [0x000000067f000000, 0x0000000680000000)
AC   0  F    TS     7 PTAMS 0x0000000680000000 NTAMS 0x0000000680000000 space 16384K,   0% used [0x0000000680000000, 0x0000000681000000)
AC   0  F    TS     7 PTAMS 0x0000000681000000 NTAMS 0x0000000681000000 space 16384K,   0% used [0x0000000681000000, 0x0000000682000000)
AC   0  F    TS     7 PTAMS 0x0000000682000000 NTAMS 0x0000000682000000 space 16384K,   0% used [0x0000000682000000, 0x0000000683000000)
AC   0  F    TS     7 PTAMS 0x0000000683000000 NTAMS 0x0000000683000000 space 16384K,   0% used [0x0000000683000000, 0x0000000684000000)
AC   0  F    TS     7 PTAMS 0x0000000684000000 NTAMS 0x0000000684000000 space 16384K,   0% used [0x0000000684000000, 0x0000000685000000)
AC   0  F    TS     7 PTAMS 0x0000000685000000 NTAMS 0x0000000685000000 space 16384K,   0% used [0x0000000685000000, 0x0000000686000000)
AC   0  F    TS     7 PTAMS 0x0000000686000000 NTAMS 0x0000000686000000 space 16384K,   0% used [0x0000000686000000, 0x0000000687000000)
AC   0  F    TS     7 PTAMS 0x0000000687000000 NTAMS 0x0000000687000000 space 16384K,   0% used [0x0000000687000000, 0x0000000688000000)
AC   0  F    TS     7 PTAMS 0x0000000688000000 NTAMS 0x0000000688000000 space 16384K,   0% used [0x0000000688000000, 0x0000000689000000)
AC   0  F    TS     7 PTAMS 0x0000000689000000 NTAMS 0x0000000689000000 space 16384K,   0% used [0x0000000689000000, 0x000000068a000000)
AC   0  F    TS     7 PTAMS 0x000000068a000000 NTAMS 0x000000068a000000 space 16384K,   0% used [0x000000068a000000, 0x000000068b000000)
AC   0  F    TS     7 PTAMS 0x000000068b000000 NTAMS 0x000000068b000000 space 16384K,   0% used [0x000000068b000000, 0x000000068c000000)
AC   0  F    TS     7 PTAMS 0x000000068c000000 NTAMS 0x000000068c000000 space 16384K,   0% used [0x000000068c000000, 0x000000068d000000)
AC   0  F    TS     7 PTAMS 0x000000068d000000 NTAMS 0x000000068d000000 space 16384K,   0% used [0x000000068d000000, 0x000000068e000000)
AC   0  F    TS     7 PTAMS 0x000000068e000000 NTAMS 0x000000068e000000 space 16384K,   0% used [0x000000068e000000, 0x000000068f000000)
AC   0  F    TS     7 PTAMS 0x000000068f000000 NTAMS 0x000000068f000000 space 16384K,   0% used [0x000000068f000000, 0x0000000690000000)
AC   0  F    TS     7 PTAMS 0x0000000690000000 NTAMS 0x0000000690000000 space 16384K,   0% used [0x0000000690000000, 0x0000000691000000)
AC   0  F    TS     7 PTAMS 0x0000000691000000 NTAMS 0x0000000691000000 space 16384K,   0% used [0x0000000691000000, 0x0000000692000000)
AC   0  F    TS     7 PTAMS 0x0000000692000000 NTAMS 0x0000000692000000 space 16384K,   0% used [0x0000000692000000, 0x0000000693000000)
AC   0  F    TS     7 PTAMS 0x0000000693000000 NTAMS 0x0000000693000000 space 16384K,   0% used [0x0000000693000000, 0x0000000694000000)
AC   0  F    TS    17 PTAMS 0x0000000694000000 NTAMS 0x0000000694000000 space 16384K,   0% used [0x0000000694000000, 0x0000000695000000)
AC   0  S CS TS    19 PTAMS 0x0000000695000000 NTAMS 0x0000000695000000 space 16384K, 100% used [0x0000000695000000, 0x0000000696000000)
AC   0  E    TS     7 PTAMS 0x0000000696000000 NTAMS 0x0000000696000000 space 16384K,  27% used [0x0000000696000000, 0x0000000697000000)
AC   0  E CS TS     7 PTAMS 0x0000000697000000 NTAMS 0x0000000697000000 space 16384K, 100% used [0x0000000697000000, 0x0000000698000000)
AC   0  E CS TS     7 PTAMS 0x0000000698000000 NTAMS 0x0000000698000000 space 16384K, 100% used [0x0000000698000000, 0x0000000699000000)
AC   0  E CS TS    15 PTAMS 0x0000000699000000 NTAMS 0x0000000699000000 space 16384K, 100% used [0x0000000699000000, 0x000000069a000000)
AC   0  E CS TS     7 PTAMS 0x000000069a000000 NTAMS 0x000000069a000000 space 16384K, 100% used [0x000000069a000000, 0x000000069b000000)
AC   0  E CS TS     7 PTAMS 0x000000069b000000 NTAMS 0x000000069b000000 space 16384K, 100% used [0x000000069b000000, 0x000000069c000000)
AC   0  E CS TS     7 PTAMS 0x000000069c000000 NTAMS 0x000000069c000000 space 16384K, 100% used [0x000000069c000000, 0x000000069d000000)

Card table byte_map: [0x0000000015860000,0x0000000016860000] byte_map_base: 0x0000000012a60000

Marking Bits (Prev, Next): (CMBitMap*) 0x0000000002aae320, (CMBitMap*) 0x0000000002aae2c8
 Prev Bits: [0x000000001f860000, 0x0000000027860000)
 Next Bits: [0x0000000017860000, 0x000000001f860000)

Polling page: 0x0000000000660000

CodeCache: size=245760Kb used=33635Kb max_used=34674Kb free=212124Kb
 bounds [0x0000000002b20000, 0x0000000004d50000, 0x0000000011b20000]
 total_blobs=10288 nmethods=9289 adapters=908
 compilation: enabled

Compilation events (10 events):
Event: 42.481 Thread 0x000000002c04c000 nmethod 12934 0x0000000004816dd0 code [0x00000000048170c0, 0x000000000481a050]
Event: 42.481 Thread 0x000000002c04c000 12952       4       net.minecraft.client.Minecraft::func_152345_ab (16 bytes)
Event: 42.482 Thread 0x000000002c04c000 nmethod 12952 0x00000000049d9910 code [0x00000000049d9a40, 0x00000000049d9ab8]
Event: 42.482 Thread 0x000000002c04c000 12954       4       net.minecraft.util.math.AxisAlignedBB::func_72317_d (46 bytes)
Event: 42.483 Thread 0x000000002c05f000 12976       3       net.minecraft.client.particle.Particle::func_187113_k (13 bytes)
Event: 42.484 Thread 0x000000002c05f000 nmethod 12976 0x0000000004038710 code [0x0000000004038860, 0x0000000004038a10]
Event: 42.484 Thread 0x000000002c04c000 nmethod 12954 0x00000000038d34d0 code [0x00000000038d3660, 0x00000000038d3ab8]
Event: 42.484 Thread 0x000000002c04c000 12950       4       net.minecraft.entity.ai.attributes.ModifiableAttributeInstance::func_180375_b (65 bytes)
Event: 42.487 Thread 0x000000002c05f000 12977       1       net.minecraft.client.entity.EntityPlayerSP::func_184587_cr (5 bytes)
Event: 42.487 Thread 0x000000002c05f000 nmethod 12977 0x0000000003cfb590 code [0x0000000003cfb6e0, 0x0000000003cfb7f0]

GC Heap History (10 events):
Event: 40.688 GC heap before
{Heap before GC invocations=58 (full 2):
 garbage-first heap   total 3620864K, used 334708K [0x00000005c0000000, 0x00000005c10006e8, 0x00000007c0000000)
  region size 16384K, 8 young (131072K), 1 survivors (16384K)
 Metaspace       used 58931K, capacity 60123K, committed 60416K, reserved 1101824K
  class space    used 7563K, capacity 7882K, committed 7936K, reserved 1048576K
Event: 40.707 GC heap after
Heap after GC invocations=59 (full 2):
 garbage-first heap   total 3620864K, used 241928K [0x00000005c0000000, 0x00000005c10006e8, 0x00000007c0000000)
  region size 16384K, 1 young (16384K), 1 survivors (16384K)
 Metaspace       used 58931K, capacity 60123K, committed 60416K, reserved 1101824K
  class space    used 7563K, capacity 7882K, committed 7936K, reserved 1048576K
}
Event: 40.871 GC heap before
{Heap before GC invocations=59 (full 2):
 garbage-first heap   total 3620864K, used 356616K [0x00000005c0000000, 0x00000005c10006e8, 0x00000007c0000000)
  region size 16384K, 8 young (131072K), 1 survivors (16384K)
 Metaspace       used 59134K, capacity 60391K, committed 60672K, reserved 1101824K
  class space    used 7572K, capacity 7884K, committed 7936K, reserved 1048576K
Event: 40.916 GC heap after
Heap after GC invocations=60 (full 2):
 garbage-first heap   total 3620864K, used 318516K [0x00000005c0000000, 0x00000005c10006e8, 0x00000007c0000000)
  region size 16384K, 1 young (16384K), 1 survivors (16384K)
 Metaspace       used 59134K, capacity 60391K, committed 60672K, reserved 1101824K
  class space    used 7572K, capacity 7884K, committed 7936K, reserved 1048576K
}
Event: 40.991 GC heap before
{Heap before GC invocations=60 (full 2):
 garbage-first heap   total 3620864K, used 351284K [0x00000005c0000000, 0x00000005c10006e8, 0x00000007c0000000)
  region size 16384K, 4 young (65536K), 1 survivors (16384K)
 Metaspace       used 59286K, capacity 60543K, committed 60928K, reserved 1101824K
  class space    used 7590K, capacity 7888K, committed 7936K, reserved 1048576K
Event: 41.017 GC heap after
Heap after GC invocations=61 (full 2):
 garbage-first heap   total 3620864K, used 396928K [0x00000005c0000000, 0x00000005c10006e8, 0x00000007c0000000)
  region size 16384K, 1 young (16384K), 1 survivors (16384K)
 Metaspace       used 59286K, capacity 60543K, committed 60928K, reserved 1101824K
  class space    used 7590K, capacity 7888K, committed 7936K, reserved 1048576K
}
Event: 41.376 GC heap before
{Heap before GC invocations=61 (full 2):
 garbage-first heap   total 3620864K, used 593536K [0x00000005c0000000, 0x00000005c10006e8, 0x00000007c0000000)
  region size 16384K, 8 young (131072K), 1 survivors (16384K)
 Metaspace       used 59830K, capacity 61071K, committed 61312K, reserved 1101824K
  class space    used 7655K, capacity 7968K, committed 8064K, reserved 1048576K
Event: 41.414 GC heap after
Heap after GC invocations=62 (full 2):
 garbage-first heap   total 3620864K, used 465028K [0x00000005c0000000, 0x00000005c10006e8, 0x00000007c0000000)
  region size 16384K, 1 young (16384K), 1 survivors (16384K)
 Metaspace       used 59830K, capacity 61071K, committed 61312K, reserved 1101824K
  class space    used 7655K, capacity 7968K, committed 8064K, reserved 1048576K
}
Event: 41.870 GC heap before
{Heap before GC invocations=62 (full 2):
 garbage-first heap   total 3620864K, used 612484K [0x00000005c0000000, 0x00000005c10006e8, 0x00000007c0000000)
  region size 16384K, 8 young (131072K), 1 survivors (16384K)
 Metaspace       used 60212K, capacity 61475K, committed 61824K, reserved 1103872K
  class space    used 7676K, capacity 7972K, committed 8064K, reserved 1048576K
Event: 41.899 GC heap after
Heap after GC invocations=63 (full 2):
 garbage-first heap   total 3620864K, used 533047K [0x00000005c0000000, 0x00000005c10006e8, 0x00000007c0000000)
  region size 16384K, 1 young (16384K), 1 survivors (16384K)
 Metaspace       used 60212K, capacity 61475K, committed 61824K, reserved 1103872K
  class space    used 7676K, capacity 7972K, committed 8064K, reserved 1048576K
}

Deoptimization events (10 events):
Event: 42.075 Thread 0x000000002f66a800 Uncommon trap: reason=bimorphic action=maybe_recompile pc=0x0000000004c9bef0 method=java.util.Collections$SetFromMap.contains(Ljava/lang/Object;)Z @ 5
Event: 42.187 Thread 0x0000000002a24800 Uncommon trap: reason=null_check action=none pc=0x00000000033861dc method=sun.misc.URLClassPath.check(Ljava/net/URL;)V @ 14
Event: 42.257 Thread 0x0000000002a24800 Uncommon trap: reason=unstable_if action=reinterpret pc=0x0000000004c70ea0 method=net.minecraft.client.renderer.texture.TextureUtil.func_110997_a(Z)V @ 1
Event: 42.263 Thread 0x0000000002a24800 Uncommon trap: reason=bimorphic action=maybe_recompile pc=0x0000000004bdcb64 method=net.minecraft.world.chunk.Chunk.func_177413_a(Lnet/minecraft/world/EnumSkyBlock;Lnet/minecraft/util/math/BlockPos;)I @ 1
Event: 42.263 Thread 0x0000000002a24800 Uncommon trap: reason=bimorphic action=maybe_recompile pc=0x0000000004bdcb64 method=net.minecraft.world.chunk.Chunk.func_177413_a(Lnet/minecraft/world/EnumSkyBlock;Lnet/minecraft/util/math/BlockPos;)I @ 1
Event: 42.264 Thread 0x0000000002a24800 Uncommon trap: reason=bimorphic action=maybe_recompile pc=0x0000000004bdcb64 method=net.minecraft.world.chunk.Chunk.func_177413_a(Lnet/minecraft/world/EnumSkyBlock;Lnet/minecraft/util/math/BlockPos;)I @ 1
Event: 42.264 Thread 0x0000000002a24800 Uncommon trap: reason=bimorphic action=maybe_recompile pc=0x0000000004bdcb64 method=net.minecraft.world.chunk.Chunk.func_177413_a(Lnet/minecraft/world/EnumSkyBlock;Lnet/minecraft/util/math/BlockPos;)I @ 1
Event: 42.265 Thread 0x0000000002a24800 Uncommon trap: reason=null_check action=none pc=0x00000000033861dc method=sun.misc.URLClassPath.check(Ljava/net/URL;)V @ 14
Event: 42.373 Thread 0x000000002f66a800 Uncommon trap: reason=class_check action=maybe_recompile pc=0x0000000004be8928 method=net.minecraft.entity.ai.EntityAITasks.func_75774_a()V @ 89
Event: 42.467 Thread 0x000000002f66a800 Uncommon trap: reason=class_check action=maybe_recompile pc=0x0000000004be8928 method=net.minecraft.entity.ai.EntityAITasks.func_75774_a()V @ 89

Internal exceptions (10 events):
Event: 42.267 Thread 0x0000000002a24800 Exception <a 'java/io/IOException'> (0x000000069adc4fa8) thrown at [C:\re\workspace\8-2-build-windows-amd64-cygwin\jdk8u101\7261\hotspot\src\share\vm\prims\jni.cpp, line 709]
Event: 42.288 Thread 0x000000002f66c000 Exception <a 'java/lang/InterruptedException': sleep interrupted> (0x000000069c3774e8) thrown at [C:\re\workspace\8-2-build-windows-amd64-cygwin\jdk8u101\7261\hotspot\src\share\vm\prims\jvm.cpp, line 3215]
Event: 42.288 Thread 0x000000002f66c000 Exception <a 'java/lang/InterruptedException': sleep interrupted> (0x000000069c378158) thrown at [C:\re\workspace\8-2-build-windows-amd64-cygwin\jdk8u101\7261\hotspot\src\share\vm\prims\jvm.cpp, line 3215]
Event: 42.288 Thread 0x000000002f66c000 Exception <a 'java/lang/InterruptedException': sleep interrupted> (0x000000069c3783b0) thrown at [C:\re\workspace\8-2-build-windows-amd64-cygwin\jdk8u101\7261\hotspot\src\share\vm\prims\jvm.cpp, line 3215]
Event: 42.288 Thread 0x000000002f66c000 Exception <a 'java/lang/InterruptedException': sleep interrupted> (0x000000069c378608) thrown at [C:\re\workspace\8-2-build-windows-amd64-cygwin\jdk8u101\7261\hotspot\src\share\vm\prims\jvm.cpp, line 3215]
Event: 42.288 Thread 0x000000002f66c000 Exception <a 'java/lang/InterruptedException': sleep interrupted> (0x000000069c378a20) thrown at [C:\re\workspace\8-2-build-windows-amd64-cygwin\jdk8u101\7261\hotspot\src\share\vm\prims\jvm.cpp, line 3215]
Event: 42.288 Thread 0x000000002f66c000 Exception <a 'java/lang/InterruptedException': sleep interrupted> (0x000000069c379690) thrown at [C:\re\workspace\8-2-build-windows-amd64-cygwin\jdk8u101\7261\hotspot\src\share\vm\prims\jvm.cpp, line 3215]
Event: 42.288 Thread 0x000000002f66c000 Exception <a 'java/lang/InterruptedException': sleep interrupted> (0x000000069c3798e8) thrown at [C:\re\workspace\8-2-build-windows-amd64-cygwin\jdk8u101\7261\hotspot\src\share\vm\prims\jvm.cpp, line 3215]
Event: 42.288 Thread 0x000000002f66c000 Exception <a 'java/lang/InterruptedException': sleep interrupted> (0x000000069c379b40) thrown at [C:\re\workspace\8-2-build-windows-amd64-cygwin\jdk8u101\7261\hotspot\src\share\vm\prims\jvm.cpp, line 3215]
Event: 42.460 Thread 0x000000002f66c000 Exception <a 'java/lang/InterruptedException': sleep interrupted> (0x000000069c379f58) thrown at [C:\re\workspace\8-2-build-windows-amd64-cygwin\jdk8u101\7261\hotspot\src\share\vm\prims\jvm.cpp, line 3215]

Events (10 events):
Event: 42.458 Executing VM operation: RevokeBias done
Event: 42.460 Executing VM operation: RevokeBias
Event: 42.460 Executing VM operation: RevokeBias done
Event: 42.465 Thread 0x000000002f66a800 DEOPT PACKING pc=0x0000000004c68c5b sp=0x000000004df4e320
Event: 42.465 Thread 0x000000002f66a800 DEOPT UNPACKING pc=0x0000000002b6747f sp=0x000000004df4e098 mode 0
Event: 42.467 Thread 0x000000002f66a800 Uncommon trap: trap_request=0xffffffde fr.pc=0x0000000004be8928
Event: 42.467 Thread 0x000000002f66a800 DEOPT PACKING pc=0x0000000004be8928 sp=0x000000004df4e9d0
Event: 42.467 Thread 0x000000002f66a800 DEOPT UNPACKING pc=0x0000000002b6582a sp=0x000000004df4e9d0 mode 2
Event: 42.468 Thread 0x0000000002a24800 DEOPT PACKING pc=0x0000000004c68c5b sp=0x0000000002a1df40
Event: 42.468 Thread 0x0000000002a24800 DEOPT UNPACKING pc=0x0000000002b6747f sp=0x0000000002a1dcb8 mode 0


Dynamic libraries:
0x00007ff7e7b30000 - 0x00007ff7e7b67000 	C:\Program Files\Java\jdk1.8.0_101\jre\bin\java.exe
0x00007ffaa35d0000 - 0x00007ffaa37c5000 	C:\Windows\SYSTEM32\ntdll.dll
0x00007ffaa3180000 - 0x00007ffaa323d000 	C:\Windows\System32\KERNEL32.DLL
0x00007ffaa1130000 - 0x00007ffaa13f8000 	C:\Windows\System32\KERNELBASE.dll
0x00007ffaa34c0000 - 0x00007ffaa356c000 	C:\Windows\System32\ADVAPI32.dll
0x00007ffaa2fc0000 - 0x00007ffaa305e000 	C:\Windows\System32\msvcrt.dll
0x00007ffaa2870000 - 0x00007ffaa290b000 	C:\Windows\System32\sechost.dll
0x00007ffaa3240000 - 0x00007ffaa336b000 	C:\Windows\System32\RPCRT4.dll
0x00007ffaa1910000 - 0x00007ffaa1ab0000 	C:\Windows\System32\USER32.dll
0x00007ffaa1560000 - 0x00007ffaa1582000 	C:\Windows\System32\win32u.dll
0x00007ffaa18e0000 - 0x00007ffaa190a000 	C:\Windows\System32\GDI32.dll
0x00007ffaa0e90000 - 0x00007ffaa0f9b000 	C:\Windows\System32\gdi32full.dll
0x00007ffaa1590000 - 0x00007ffaa162d000 	C:\Windows\System32\msvcp_win.dll
0x00007ffaa0d10000 - 0x00007ffaa0e10000 	C:\Windows\System32\ucrtbase.dll
0x00007ffa8cfc0000 - 0x00007ffa8d25a000 	C:\Windows\WinSxS\amd64_microsoft.windows.common-controls_6595b64144ccf1df_6.0.19041.844_none_ca00b6081b84eb1d\COMCTL32.dll
0x00007ffaa2e00000 - 0x00007ffaa2e30000 	C:\Windows\System32\IMM32.DLL
0x0000000054ea0000 - 0x0000000054f72000 	C:\Program Files\Java\jdk1.8.0_101\jre\bin\msvcr100.dll
0x0000000054600000 - 0x0000000054e9a000 	C:\Program Files\Java\jdk1.8.0_101\jre\bin\server\jvm.dll
0x00007ffaa1870000 - 0x00007ffaa1878000 	C:\Windows\System32\PSAPI.DLL
0x00007ffa8cc80000 - 0x00007ffa8cc89000 	C:\Windows\SYSTEM32\WSOCK32.dll
0x00007ffa91a30000 - 0x00007ffa91a3a000 	C:\Windows\SYSTEM32\VERSION.dll
0x00007ffaa3110000 - 0x00007ffaa317b000 	C:\Windows\System32\WS2_32.dll
0x00007ffa94fd0000 - 0x00007ffa94ff7000 	C:\Windows\SYSTEM32\WINMM.dll
0x00000000552e0000 - 0x00000000552ef000 	C:\Program Files\Java\jdk1.8.0_101\jre\bin\verify.dll
0x0000000054fc0000 - 0x0000000054fe9000 	C:\Program Files\Java\jdk1.8.0_101\jre\bin\java.dll
0x00000000552c0000 - 0x00000000552d6000 	C:\Program Files\Java\jdk1.8.0_101\jre\bin\zip.dll
0x00007ffaa1ab0000 - 0x00007ffaa21f2000 	C:\Windows\System32\SHELL32.dll
0x00007ffa9ee40000 - 0x00007ffa9f5d0000 	C:\Windows\SYSTEM32\windows.storage.dll
0x00007ffaa2910000 - 0x00007ffaa2c65000 	C:\Windows\System32\combase.dll
0x00007ffaa0700000 - 0x00007ffaa072c000 	C:\Windows\SYSTEM32\Wldp.dll
0x00007ffaa2e90000 - 0x00007ffaa2f3e000 	C:\Windows\System32\SHCORE.dll
0x00007ffaa3460000 - 0x00007ffaa34b5000 	C:\Windows\System32\shlwapi.dll
0x00007ffaa0c50000 - 0x00007ffaa0c6f000 	C:\Windows\SYSTEM32\profapi.dll
0x00000000545b0000 - 0x00000000545bd000 	C:\Program Files\Java\jdk1.8.0_101\jre\bin\management.dll
0x00000000545e0000 - 0x00000000545fa000 	C:\Program Files\Java\jdk1.8.0_101\jre\bin\net.dll
0x00007ffaa0420000 - 0x00007ffaa048a000 	C:\Windows\system32\mswsock.dll
0x00007ffa908b0000 - 0x00007ffa908c7000 	C:\Windows\system32\napinsp.dll
0x00007ffa907f0000 - 0x00007ffa9080b000 	C:\Windows\system32\pnrpnsp.dll
0x00007ffa9ba90000 - 0x00007ffa9baa5000 	C:\Windows\system32\wshbth.dll
0x00007ffa98d60000 - 0x00007ffa98d7d000 	C:\Windows\system32\NLAapi.dll
0x00007ffaa0110000 - 0x00007ffaa014b000 	C:\Windows\SYSTEM32\IPHLPAPI.DLL
0x00007ffaa0150000 - 0x00007ffaa021c000 	C:\Windows\SYSTEM32\DNSAPI.dll
0x00007ffaa23f0000 - 0x00007ffaa23f8000 	C:\Windows\System32\NSI.dll
0x00007ffa907b0000 - 0x00007ffa907c2000 	C:\Windows\System32\winrnr.dll
0x0000000057030000 - 0x0000000057056000 	C:\Program Files\Bonjour\mdnsNSP.dll
0x00007ffa96030000 - 0x00007ffa9603a000 	C:\Windows\System32\rasadhlp.dll
0x00007ffa966b0000 - 0x00007ffa9672f000 	C:\Windows\System32\fwpuclnt.dll
0x00007ffaa0e10000 - 0x00007ffaa0e37000 	C:\Windows\System32\bcrypt.dll
0x00000000545c0000 - 0x00000000545d1000 	C:\Program Files\Java\jdk1.8.0_101\jre\bin\nio.dll
0x00007ffa9fa50000 - 0x00007ffa9fa83000 	C:\Windows\SYSTEM32\ntmarta.dll
0x00007ffaa0650000 - 0x00007ffaa0668000 	C:\Windows\SYSTEM32\CRYPTSP.dll
0x00007ffa9fdc0000 - 0x00007ffa9fdf4000 	C:\Windows\system32\rsaenh.dll
0x00007ffaa0c10000 - 0x00007ffaa0c3e000 	C:\Windows\SYSTEM32\USERENV.dll
0x00007ffaa0fa0000 - 0x00007ffaa1020000 	C:\Windows\System32\bcryptprimitives.dll
0x00007ffaa0730000 - 0x00007ffaa073c000 	C:\Windows\SYSTEM32\CRYPTBASE.dll
0x00007ffa988b0000 - 0x00007ffa988c7000 	C:\Windows\SYSTEM32\dhcpcsvc6.DLL
0x00007ffa98af0000 - 0x00007ffa98b0d000 	C:\Windows\SYSTEM32\dhcpcsvc.DLL
0x0000000054290000 - 0x00000000542a7000 	C:\Program Files\Java\jdk1.8.0_101\jre\bin\unpack.dll
0x0000000054580000 - 0x00000000545a4000 	C:\Program Files\Java\jdk1.8.0_101\jre\bin\sunec.dll
0x00000000542e0000 - 0x00000000542eb000 	C:\Program Files\Java\jdk1.8.0_101\jre\bin\sunmscapi.dll
0x00007ffaa1400000 - 0x00007ffaa155f000 	C:\Windows\System32\CRYPT32.dll
0x0000000180000000 - 0x0000000180053000 	C:\Users\Admin\Documents\GitHub\MC_BadAppleDGDH\Minecraft\.minecraft\versions\1.12.2\1.12.2-natives\lwjgl64.dll
0x00007ffa55a70000 - 0x00007ffa55b96000 	C:\Windows\SYSTEM32\OPENGL32.dll
0x00007ffa5ddf0000 - 0x00007ffa5de1c000 	C:\Windows\SYSTEM32\GLU32.dll
0x0000000054310000 - 0x00000000544a8000 	C:\Program Files\Java\jdk1.8.0_101\jre\bin\awt.dll
0x00007ffaa2320000 - 0x00007ffaa23ed000 	C:\Windows\System32\OLEAUT32.dll
0x00007ffa9dd60000 - 0x00007ffa9ddf0000 	C:\Windows\SYSTEM32\apphelp.dll
0x00007ffa9b680000 - 0x00007ffa9b72e000 	C:\Windows\SYSTEM32\mscms.dll
0x00007ffa9b530000 - 0x00007ffa9b541000 	C:\Windows\SYSTEM32\ColorAdapterClient.dll
0x00007ffa9f610000 - 0x00007ffa9f622000 	C:\Windows\SYSTEM32\kernel.appcore.dll
0x00007ffaa3060000 - 0x00007ffaa3109000 	C:\Windows\System32\clbcatq.dll
0x00007ffa7e520000 - 0x00007ffa7e564000 	C:\Windows\System32\Windows.Internal.Graphics.Display.DisplayColorManagement.dll
0x00007ffaa0e40000 - 0x00007ffaa0e8e000 	C:\Windows\System32\cfgmgr32.dll
0x00007ffa9df40000 - 0x00007ffa9dfde000 	C:\Windows\system32\uxtheme.dll
0x00007ffaa2200000 - 0x00007ffaa2315000 	C:\Windows\System32\MSCTF.dll
0x00007ffa68090000 - 0x00007ffa681c8000 	C:\ProgramData\A-Volute\A-Volute.Nahimic\Modules\Scheduled\x64\AudioDevProps2.dll
0x00007ffaa2c70000 - 0x00007ffaa2d9a000 	C:\Windows\System32\ole32.dll
0x00007ffa7ffb0000 - 0x00007ffa800a9000 	C:\Windows\SYSTEM32\textinputframework.dll
0x00007ffa9db30000 - 0x00007ffa9dc22000 	C:\Windows\System32\CoreMessaging.dll
0x00007ffa9d7d0000 - 0x00007ffa9db2e000 	C:\Windows\System32\CoreUIComponents.dll
0x00007ffa9d100000 - 0x00007ffa9d254000 	C:\Windows\SYSTEM32\wintypes.dll
0x00007ffa51a00000 - 0x00007ffa51bed000 	C:\Windows\system32\SogouTSF.ime
0x00007ffa9b550000 - 0x00007ffa9b557000 	C:\Windows\system32\MSIMG32.dll
0x00007ffa50dc0000 - 0x00007ffa51654000 	C:\Windows\system32\SogouPy.ime
0x00007ffa96530000 - 0x00007ffa9663b000 	C:\Windows\SYSTEM32\WINHTTP.dll
0x00007ffa822a0000 - 0x00007ffa82306000 	C:\Windows\SYSTEM32\OLEACC.dll
0x00000000374a0000 - 0x00000000375bd000 	C:\Program Files (x86)\SogouInput\9.8.0.3746\Resource.dll
0x00007ffa504f0000 - 0x00007ffa5075a000 	C:\Program Files (x86)\SogouInput\Components\PicFace\1.1.0.1879\PicFace64.dll
0x00007ffaa3380000 - 0x00007ffaa345a000 	C:\Windows\System32\COMDLG32.dll
0x00007ffa9e110000 - 0x00007ffa9e13f000 	C:\Windows\SYSTEM32\dwmapi.dll
0x00007ffa7b7a0000 - 0x00007ffa7b84c000 	C:\Windows\SYSTEM32\TextShaping.dll
0x00007ffa74750000 - 0x00007ffa7478a000 	C:\Windows\system32\msctfp.dll
0x00007ffa98d80000 - 0x00007ffa98e79000 	C:\Windows\System32\AppXDeploymentClient.dll
0x00007ffa7e980000 - 0x00007ffa7e9aa000 	C:\Windows\System32\DriverStore\FileRepository\u0358839.inf_amd64_4febe8b5febaf786\B358480\atig6pxx.dll
0x00007ffa2cb80000 - 0x00007ffa2f867000 	C:\Windows\System32\DriverStore\FileRepository\u0358839.inf_amd64_4febe8b5febaf786\B358480\atio6axx.dll
0x00007ffa8ccc0000 - 0x00007ffa8cce4000 	C:\Windows\SYSTEM32\dxva2.dll
0x000000003b9f0000 - 0x000000003be59000 	C:\Windows\System32\SETUPAPI.dll
0x00007ffa7b900000 - 0x00007ffa7b93c000 	C:\Windows\System32\DriverStore\FileRepository\u0358839.inf_amd64_4febe8b5febaf786\B358480\atig6txx.dll
0x00007ffa81ef0000 - 0x00007ffa820a9000 	C:\Windows\SYSTEM32\atiadlxx.dll
0x00007ffa9c1a0000 - 0x00007ffa9c297000 	C:\Windows\SYSTEM32\PROPSYS.dll
0x00007ffaa0a50000 - 0x00007ffaa0a7c000 	C:\Windows\SYSTEM32\DEVOBJ.dll
0x00007ffaa1020000 - 0x00007ffaa1080000 	C:\Windows\System32\WINTRUST.dll
0x00007ffaa0890000 - 0x00007ffaa08a2000 	C:\Windows\SYSTEM32\MSASN1.dll
0x00007ffa7c4a0000 - 0x00007ffa7c4db000 	C:\Windows\SYSTEM32\dxcore.dll
0x00007ffa6c580000 - 0x00007ffa6c5c3000 	C:\Windows\SYSTEM32\icm32.dll
0x00007ffa6fd90000 - 0x00007ffa6fdd2000 	C:\Users\Admin\AppData\Local\Temp\jna-63116079\jna1897033057027251888.dll
0x00000000482d0000 - 0x0000000048334000 	C:\Users\Admin\Documents\GitHub\MC_BadAppleDGDH\Minecraft\.minecraft\versions\1.12.2\1.12.2-natives\OpenAL64.dll
0x00007ffa9a420000 - 0x00007ffa9a4a5000 	C:\Windows\System32\MMDevApi.dll
0x00007ffa9a550000 - 0x00007ffa9a6d1000 	C:\Windows\SYSTEM32\AudioSes.dll
0x00007ffaa0ad0000 - 0x00007ffaa0b1b000 	C:\Windows\SYSTEM32\powrprof.dll
0x00007ffaa0ab0000 - 0x00007ffaa0ac2000 	C:\Windows\SYSTEM32\UMPDC.dll
0x00007ffa807a0000 - 0x00007ffa80805000 	C:\ProgramData\A-Volute\A-Volute.Nahimic\Modules\Scheduled\x64\ProductInfo.dll
0x00007ffa7ba10000 - 0x00007ffa7ba53000 	C:\ProgramData\A-Volute\A-Volute.Nahimic\Modules\Scheduled\x64\ASM.Plugin.AudioDevProps2.dll
0x00007ffa64750000 - 0x00007ffa647ec000 	C:\Windows\SYSTEM32\dsound.dll
0x00007ffa905f0000 - 0x00007ffa90616000 	C:\Windows\SYSTEM32\winmmbase.dll
0x00007ffa9e020000 - 0x00007ffa9e034000 	C:\Windows\SYSTEM32\resourcepolicyclient.dll
0x00007ffa6d090000 - 0x00007ffa6d0aa000 	C:\Users\Admin\Documents\GitHub\MC_BadAppleDGDH\Minecraft\.minecraft\versions\1.12.2\1.12.2-natives\SAPIWrapper_x64.dll

VM Arguments:
jvm_args: -Dminecraft.client.jar=.minecraft\versions\1.12.2\1.12.2.jar -XX:+UnlockExperimentalVMOptions -XX:+UseG1GC -XX:G1NewSizePercent=20 -XX:G1ReservePercent=20 -XX:MaxGCPauseMillis=50 -XX:G1HeapRegionSize=16M -XX:-UseAdaptiveSizePolicy -XX:-OmitStackTraceInFastThrow -Xmn128m -Xmx8192m -Dfml.ignoreInvalidMinecraftCertificates=true -Dfml.ignorePatchDiscrepancies=true -XX:HeapDumpPath=MojangTricksIntelDriversForPerformance_javaw.exe_minecraft.exe.heapdump -Djava.library.path=C:\Users\Admin\Documents\GitHub\MC_BadAppleDGDH\Minecraft\.minecraft\versions\1.12.2\1.12.2-natives -Dminecraft.launcher.brand=HMCL -Dminecraft.launcher.version=3.2.149 
java_command: net.minecraft.launchwrapper.Launch --username RGB YES --version HMCL 3.2.149 --gameDir C:\Users\Admin\Documents\GitHub\MC_BadAppleDGDH\Minecraft\.minecraft --assetsDir C:\Users\Admin\Documents\GitHub\MC_BadAppleDGDH\Minecraft\.minecraft\assets --assetIndex 1.12 --uuid 5ba9d456d585308d92d937faf6fba01b --accessToken 42e9c4d25e034e398037cd8a5324ada4 --userType mojang --tweakClass net.minecraftforge.fml.common.launcher.FMLTweaker --versionType Forge
java_class_path (initial): C:\Users\Admin\Documents\GitHub\MC_BadAppleDGDH\Minecraft\.minecraft\libraries\net\minecraftforge\forge\1.12.2-14.23.5.2779\forge-1.12.2-14.23.5.2779.jar;C:\Users\Admin\Documents\GitHub\MC_BadAppleDGDH\Minecraft\.minecraft\libraries\net\minecraft\launchwrapper\1.12\launchwrapper-1.12.jar;C:\Users\Admin\Documents\GitHub\MC_BadAppleDGDH\Minecraft\.minecraft\libraries\org\ow2\asm\asm-all\5.2\asm-all-5.2.jar;C:\Users\Admin\Documents\GitHub\MC_BadAppleDGDH\Minecraft\.minecraft\libraries\org\jline\jline\3.5.1\jline-3.5.1.jar;C:\Users\Admin\Documents\GitHub\MC_BadAppleDGDH\Minecraft\.minecraft\libraries\net\java\dev\jna\jna\4.4.0\jna-4.4.0.jar;C:\Users\Admin\Documents\GitHub\MC_BadAppleDGDH\Minecraft\.minecraft\libraries\com\typesafe\akka\akka-actor_2.11\2.3.3\akka-actor_2.11-2.3.3.jar;C:\Users\Admin\Documents\GitHub\MC_BadAppleDGDH\Minecraft\.minecraft\libraries\com\typesafe\config\1.2.1\config-1.2.1.jar;C:\Users\Admin\Documents\GitHub\MC_BadAppleDGDH\Minecraft\.minecraft\libraries\org\scala-lang\scala-actors-migration_2.11\1.1.0\scala-actors-migration_2.11-1.1.0.jar;C:\Users\Admin\Documents\GitHub\MC_BadAppleDGDH\Minecraft\.minecraft\libraries\org\scala-lang\scala-compiler\2.11.1\scala-compiler-2.11.1.jar;C:\Users\Admin\Documents\GitHub\MC_BadAppleDGDH\Minecraft\.minecraft\libraries\org\scala-lang\plugins\scala-continuations-library_2.11\1.0.2\scala-continuations-library_2.11-1.0.2.jar;C:\Users\Admin\Documents\GitHub\MC_BadAppleDGDH\Minecraft\.minecraft\libraries\org\scala-lang\plugins\scala-continuations-plugin_2.11.1\1.0.2\scala-continuations-plugin_2.11.1-1.0.2.jar;C:\Users\Admin\Documents\GitHub\MC_BadAppleDGDH\Minecraft\.minecraft\libraries\org\scala-lang\scala-library\2.11.1\scala-library-2.11.1.jar;C:\Users\Admin\Documents\GitHub\MC_BadAppleDGDH\Minecraft\.minecraft\libraries\org\scala-lang\scala-parser-combinators_2.11\1.0.1\scala-parser-combinators_2.11-1.0.1.jar;C:\Users\Admin\Documents\GitHub\MC_BadAppleDGDH\Minecraft\.minecraft\li
Launcher Type: SUN_STANDARD

Environment Variables:
PATH=C:\Program Files (x86)\Common Files\Oracle\Java\javapath;C:\ProgramData\Oracle\Java\javapath;C:\Windows\system32;C:\Windows;C:\Windows\System32\Wbem;C:\Windows\System32\WindowsPowerShell\v1.0\;C:\Windows\System32\OpenSSH\;C:\Program Files\Git\cmd;D:\Program Files\PuTTY\;D:\FFMPEG\bin;C:\Users\Admin\AppData\Local\Programs\Python\Python37\Scripts\;C:\Users\Admin\AppData\Local\Programs\Python\Python37\;C:\Users\Admin\AppData\Local\Microsoft\WindowsApps;C:\Program Files\Bandizip\;C:\Program Files\JetBrains\PyCharm Community Edition 2020.2\bin;;C:\Users\Admin\AppData\Local\GitHubDesktop\bin;C:\Program Files\JetBrains\PyCharm 2020.3.3\bin;;C:\Program Files\JetBrains\IntelliJ IDEA 2020.3.2\bin;;D:\Program Files\JetBrains\WebStorm 2020.3.2\bin;;C:\Users\Admin\AppData\Local\Google\Cloud SDK\google-cloud-sdk\bin
USERNAME=Admin
OS=Windows_NT
PROCESSOR_IDENTIFIER=AMD64 Family 23 Model 96 Stepping 1, AuthenticAMD



---------------  S Y S T E M  ---------------

OS: Windows 10.0 , 64 bit Build 19041 (10.0.19041.928)

CPU:total 8 (8 cores per cpu, 1 threads per core) family 23 model 96 stepping 1, cmov, cx8, fxsr, mmx, sse, sse2, sse3, ssse3, sse4.1, sse4.2, popcnt, avx, avx2, aes, clmul, mmxext, 3dnowpref, lzcnt, sse4a, tsc, tscinvbit, tscinv, bmi1

Memory: 4k page, physical 16119096k(1736848k free), swap 31847732k(8984k free)

vm_info: Java HotSpot(TM) 64-Bit Server VM (25.101-b13) for windows-amd64 JRE (1.8.0_101-b13), built on Jun 22 2016 01:21:29 by "java_re" with MS VC++ 10.0 (VS2010)

time: Mon May 31 15:00:58 2021
elapsed time: 42 seconds (0d 0h 0m 42s)

